1 359 1 -1187.44 0
1 359 1 -1182.56 0
1 359 1 -1177.68 0
1 359 1 -1172.79 0
1 359 1 -1167.91 0
1 359 1 -1163.03 0
1 359 1 -1158.14 0
1 359 1 -1153.26 0
1 359 1 -1148.38 0
1 359 1 -1143.5 0
1 359 1 -1138.61 0
1 359 1 -1133.73 21.7829
1 359 1 -1128.85 25.584
1 359 1 -1123.96 22.5226
1 359 1 -1119.08 0
1 359 1 -1114.2 22.1369
1 359 1 -1109.32 22.774
1 359 1 -1104.43 21.8392
1 359 1 -1099.55 20.5031
1 359 1 -1094.67 20.6903
1 359 1 -1089.79 19.9136
1 359 1 -1084.9 20.5524
1 359 1 -1080.02 20.277
1 359 1 -1075.14 19.4679
1 359 1 -1070.25 19.3548
1 359 1 -1065.37 19.8233
1 359 1 -1060.49 18.9943
1 359 1 -1055.61 19.7752
1 359 1 -1050.72 19.2854
1 359 1 -1045.84 0
1 359 1 -1040.96 19.6306
1 359 1 -1036.07 0
1 359 1 -1031.19 19.0867
1 359 1 -1026.31 19.6647
1 359 1 -1021.43 19.3444
1 359 1 -1016.54 19.4105
1 359 1 -1011.66 19.2193
1 359 1 -1006.78 19.5461
1 359 1 -1001.89 20.1639
1 359 1 -997.012 0
1 359 1 -992.129 0
1 359 1 -987.246 19.4274
1 359 1 -982.363 0
1 359 1 -977.48 19.6423
1 359 1 -972.598 19.0324
1 359 1 -967.715 19.3264
1 359 1 -962.832 0
1 359 1 -957.949 19.895
1 359 1 -953.066 0
1 359 1 -948.184 20.5022
1 359 1 -943.301 0
1 359 1 -938.418 20.2227
1 359 1 -933.535 21.9219
1 359 1 -928.652 0
1 359 1 -923.77 19.9662
1 359 1 -918.887 0
1 359 1 -914.004 21.0282
1 359 1 -909.121 0
1 359 1 -904.238 20.3305
1 359 1 -899.355 20.8469
1 359 1 -894.473 0
1 359 1 -889.59 20.7317
1 359 1 -884.707 0
1 359 1 -879.824 20.7285
1 359 1 -874.941 0
1 359 1 -870.059 21.7496
1 359 1 -865.176 0
1 359 1 -860.293 22.6125
1 359 1 -855.41 22.4671
1 359 1 -850.527 23.0098
1 359 1 -845.645 21.9781
1 359 1 -840.762 23.7227
1 359 1 -835.879 23.0945
1 359 1 -830.996 24.1081
1 359 1 -826.113 0
1 359 1 -821.23 24.1465
1 359 1 -816.348 0
1 359 1 -811.465 24.3369
1 359 1 -806.582 25.0298
1 359 1 -801.699 24.414
1 359 1 -796.816 25.3138
1 359 1 -791.934 24.1916
1 359 1 -787.051 26.0035
1 359 1 -782.168 23.7409
1 359 1 -777.285 25.1629
1 359 1 -772.402 22.9264
1 359 1 -767.52 0
1 359 1 -762.637 25.2867
1 359 1 -757.754 21.9266
1 359 1 -752.871 25.9078
1 359 1 -747.988 23.4892
1 359 1 -743.105 25.1489
1 359 1 -738.223 25.8812
1 359 1 -733.34 26.9345
1 359 1 -728.457 27.8719
1 359 1 -723.574 27.6437
1 359 1 -718.691 28.0753
1 359 1 -713.809 0
1 359 1 -708.926 27.6024
1 359 1 -704.043 0
1 359 1 -699.16 28.3404
1 359 1 -694.277 27.4004
1 359 1 -689.395 25.393
1 359 1 -684.512 27.4519
1 359 1 -679.629 0
1 359 1 -674.746 28.2733
1 359 1 -669.863 28.1871
1 359 1 -664.98 0
1 359 1 -660.098 29.0214
1 359 1 -655.215 0
1 359 1 -650.332 27.7082
1 359 1 -645.449 0
1 359 1 -640.566 26.9382
1 359 1 -635.684 28.9413
1 359 1 -630.801 28.7862
1 359 1 -625.918 21.0406
1 359 1 -621.035 29.0462
1 359 1 -616.152 0
1 359 1 -611.27 23.1448
1 359 1 -606.387 0
1 359 1 -601.504 0
1 359 1 -596.621 0
1 359 1 -591.738 0
1 359 1 -586.855 0
1 359 1 -581.973 0
1 359 1 -577.09 0
1 359 1 -572.207 0
1 359 1 -567.324 0
2 359 1 -1242.66 0
2 359 1 -1237.34 0
2 359 1 -1232.03 0
2 359 1 -1226.72 0
2 359 1 -1221.41 0
2 359 1 -1216.09 0
2 359 1 -1210.78 0
2 359 1 -1205.47 0
2 359 1 -1200.16 0
2 359 1 -1194.84 0
2 359 1 -1189.53 3.92254
2 359 1 -1184.22 4.8645
2 359 1 -1178.91 5.32983
2 359 1 -1173.59 4.63834
2 359 1 -1168.28 4.80344
2 359 1 -1162.97 0
2 359 1 -1157.66 4.28606
2 359 1 -1152.34 3.86055
2 359 1 -1147.03 0
2 359 1 -1141.72 3.83114
2 359 1 -1136.41 0
2 359 1 -1131.09 3.37381
2 359 1 -1125.78 2.99692
2 359 1 -1120.47 4.57657
2 359 1 -1115.16 3.76022
2 359 1 -1109.84 3.71269
2 359 1 -1104.53 3.61638
2 359 1 -1099.22 3.43312
2 359 1 -1093.91 3.1035
2 359 1 -1088.59 2.77566
2 359 1 -1083.28 3.50044
2 359 1 -1077.97 3.89015
2 359 1 -1072.66 3.71374
2 359 1 -1067.34 4.17685
2 359 1 -1062.03 3.93466
2 359 1 -1056.72 3.77095
2 359 1 -1051.41 4.16756
2 359 1 -1046.09 0
2 359 1 -1040.78 3.75932
2 359 1 -1035.47 4.5422
2 359 1 -1030.16 4.28512
2 359 1 -1024.84 5.39621
2 359 1 -1019.53 4.15664
2 359 1 -1014.22 5.11107
2 359 1 -1008.91 4.15786
2 359 1 -1003.59 0
2 359 1 -998.281 4.63413
2 359 1 -992.969 0
2 359 1 -987.656 4.22097
2 359 1 -982.344 0
2 359 1 -977.031 4.19294
2 359 1 -971.719 4.55307
2 359 1 -966.406 4.9301
2 359 1 -961.094 3.94609
2 359 1 -955.781 4.99796
2 359 1 -950.469 4.65363
2 359 1 -945.156 5.43768
2 359 1 -939.844 0
2 359 1 -934.531 4.24622
2 359 1 -929.219 0
2 359 1 -923.906 3.53738
2 359 1 -918.594 0
2 359 1 -913.281 2.90363
2 359 1 -907.969 0
2 359 1 -902.656 3.59912
2 359 1 -897.344 0
2 359 1 -892.031 3.40994
2 359 1 -886.719 0
2 359 1 -881.406 3.95677
2 359 1 -876.094 0
2 359 1 -870.781 3.91366
2 359 1 -865.469 4.20276
2 359 1 -860.156 4.52599
2 359 1 -854.844 3.77816
2 359 1 -849.531 4.61165
2 359 1 -844.219 4.11374
2 359 1 -838.906 5.28457
2 359 1 -833.594 4.52548
2 359 1 -828.281 5.03087
2 359 1 -822.969 3.461
2 359 1 -817.656 5.05927
2 359 1 -812.344 2.89099
2 359 1 -807.031 4.03189
2 359 1 -801.719 3.64272
2 359 1 -796.406 3.7558
2 359 1 -791.094 3.96762
2 359 1 -785.781 3.87002
2 359 1 -780.469 3.43173
2 359 1 -775.156 3.88553
2 359 1 -769.844 2.78837
2 359 1 -764.531 3.81957
2 359 1 -759.219 3.46496
2 359 1 -753.906 3.90467
2 359 1 -748.594 2.97834
2 359 1 -743.281 3.38709
2 359 1 -737.969 3.30199
2 359 1 -732.656 3.491
2 359 1 -727.344 2.81629
2 359 1 -722.031 3.18445
2 359 1 -716.719 0
2 359 1 -711.406 3.49531
2 359 1 -706.094 3.74566
2 359 1 -700.781 2.26591
2 359 1 -695.469 3.33753
2 359 1 -690.156 0
2 359 1 -684.844 4.12193
2 359 1 -679.531 0
2 359 1 -674.219 3.67998
2 359 1 -668.906 0
2 359 1 -663.594 3.90316
2 359 1 -658.281 3.5893
2 359 1 -652.969 0
2 359 1 -647.656 4.0485
2 359 1 -642.344 4.493
2 359 1 -637.031 3.66205
2 359 1 -631.719 3.84194
2 359 1 -626.406 2.61685
2 359 1 -621.094 3.58438
2 359 1 -615.781 0
2 359 1 -610.469 3.46961
2 359 1 -605.156 0
2 359 1 -599.844 0
2 359 1 -594.531 0
2 359 1 -589.219 0
2 359 1 -583.906 0
2 359 1 -578.594 0
2 359 1 -573.281 0
2 359 1 -567.969 0
3 359 1 -1242.66 0
3 359 1 -1237.34 0
3 359 1 -1232.03 0
3 359 1 -1226.72 0
3 359 1 -1221.41 0
3 359 1 -1216.09 0
3 359 1 -1210.78 0
3 359 1 -1205.47 0
3 359 1 -1200.16 0
3 359 1 -1194.84 0
3 359 1 -1189.53 3.51963
3 359 1 -1184.22 3.15339
3 359 1 -1178.91 3.58864
3 359 1 -1173.59 3.10117
3 359 1 -1168.28 3.30532
3 359 1 -1162.97 0
3 359 1 -1157.66 3.58122
3 359 1 -1152.34 3.73246
3 359 1 -1147.03 0
3 359 1 -1141.72 3.54167
3 359 1 -1136.41 0
3 359 1 -1131.09 2.70627
3 359 1 -1125.78 2.44027
3 359 1 -1120.47 2.51503
3 359 1 -1115.16 2.45694
3 359 1 -1109.84 2.79379
3 359 1 -1104.53 2.42563
3 359 1 -1099.22 2.60142
3 359 1 -1093.91 2.61707
3 359 1 -1088.59 4.03275
3 359 1 -1083.28 2.88369
3 359 1 -1077.97 2.73798
3 359 1 -1072.66 2.84095
3 359 1 -1067.34 2.81418
3 359 1 -1062.03 2.47409
3 359 1 -1056.72 2.73196
3 359 1 -1051.41 2.48537
3 359 1 -1046.09 0
3 359 1 -1040.78 2.43888
3 359 1 -1035.47 2.60441
3 359 1 -1030.16 2.37325
3 359 1 -1024.84 2.95629
3 359 1 -1019.53 2.72286
3 359 1 -1014.22 3.09715
3 359 1 -1008.91 2.84196
3 359 1 -1003.59 0
3 359 1 -998.281 3.24727
3 359 1 -992.969 0
3 359 1 -987.656 3.18594
3 359 1 -982.344 0
3 359 1 -977.031 3.00159
3 359 1 -971.719 3.12163
3 359 1 -966.406 2.98914
3 359 1 -961.094 3.49552
3 359 1 -955.781 3.7585
3 359 1 -950.469 3.20258
3 359 1 -945.156 3.21203
3 359 1 -939.844 0
3 359 1 -934.531 3.16966
3 359 1 -929.219 0
3 359 1 -923.906 3.28473
3 359 1 -918.594 0
3 359 1 -913.281 2.59091
3 359 1 -907.969 0
3 359 1 -902.656 2.40254
3 359 1 -897.344 0
3 359 1 -892.031 2.67309
3 359 1 -886.719 0
3 359 1 -881.406 2.84167
3 359 1 -876.094 0
3 359 1 -870.781 3.30512
3 359 1 -865.469 2.56193
3 359 1 -860.156 3.43234
3 359 1 -854.844 2.6597
3 359 1 -849.531 3.54343
3 359 1 -844.219 2.57144
3 359 1 -838.906 2.90363
3 359 1 -833.594 2.4317
3 359 1 -828.281 2.75267
3 359 1 -822.969 2.31717
3 359 1 -817.656 2.65156
3 359 1 -812.344 2.37948
3 359 1 -807.031 2.72882
3 359 1 -801.719 2.59262
3 359 1 -796.406 2.77493
3 359 1 -791.094 2.72651
3 359 1 -785.781 3.43695
3 359 1 -780.469 2.97219
3 359 1 -775.156 2.05008
3 359 1 -769.844 3.04254
3 359 1 -764.531 3.86986
3 359 1 -759.219 3.47062
3 359 1 -753.906 3.81827
3 359 1 -748.594 3.07538
3 359 1 -743.281 3.01904
3 359 1 -737.969 3.01081
3 359 1 -732.656 3.37195
3 359 1 -727.344 3.00685
3 359 1 -722.031 3.63124
3 359 1 -716.719 0
3 359 1 -711.406 4.47879
3 359 1 -706.094 3.30071
3 359 1 -700.781 3.89397
3 359 1 -695.469 3.74813
3 359 1 -690.156 0
3 359 1 -684.844 3.9015
3 359 1 -679.531 0
3 359 1 -674.219 2.9703
3 359 1 -668.906 0
3 359 1 -663.594 2.88457
3 359 1 -658.281 2.78392
3 359 1 -652.969 0
3 359 1 -647.656 3.185
3 359 1 -642.344 3.78579
3 359 1 -637.031 2.98785
3 359 1 -631.719 2.77903
3 359 1 -626.406 2.87004
3 359 1 -621.094 3.31466
3 359 1 -615.781 0
3 359 1 -610.469 2.67388
3 359 1 -605.156 0
3 359 1 -599.844 0
3 359 1 -594.531 0
3 359 1 -589.219 0
3 359 1 -583.906 0
3 359 1 -578.594 0
3 359 1 -573.281 0
3 359 1 -567.969 0
4 359 1 -1242.66 0
4 359 1 -1237.34 0
4 359 1 -1232.03 0
4 359 1 -1226.72 0
4 359 1 -1221.41 0
4 359 1 -1216.09 0
4 359 1 -1210.78 0
4 359 1 -1205.47 0
4 359 1 -1200.16 0
4 359 1 -1194.84 0
4 359 1 -1189.53 2.55382
4 359 1 -1184.22 2.37546
4 359 1 -1178.91 2.56513
4 359 1 -1173.59 2.70675
4 359 1 -1168.28 3.01723
4 359 1 -1162.97 0
4 359 1 -1157.66 2.5973
4 359 1 -1152.34 2.69168
4 359 1 -1147.03 0
4 359 1 -1141.72 3.34872
4 359 1 -1136.41 0
4 359 1 -1131.09 2.90071
4 359 1 -1125.78 3.02941
4 359 1 -1120.47 2.8374
4 359 1 -1115.16 2.56127
4 359 1 -1109.84 3.13089
4 359 1 -1104.53 3.04483
4 359 1 -1099.22 3.50843
4 359 1 -1093.91 3.05077
4 359 1 -1088.59 3.45753
4 359 1 -1083.28 3.54139
4 359 1 -1077.97 3.09042
4 359 1 -1072.66 3.1132
4 359 1 -1067.34 3.40787
4 359 1 -1062.03 3.53505
4 359 1 -1056.72 3.7911
4 359 1 -1051.41 3.12813
4 359 1 -1046.09 0
4 359 1 -1040.78 3.38842
4 359 1 -1035.47 3.97792
4 359 1 -1030.16 2.32636
4 359 1 -1024.84 4.15996
4 359 1 -1019.53 4.04202
4 359 1 -1014.22 2.59405
4 359 1 -1008.91 3.94026
4 359 1 -1003.59 0
4 359 1 -998.281 4.55726
4 359 1 -992.969 0
4 359 1 -987.656 4.70763
4 359 1 -982.344 0
4 359 1 -977.031 4.667
4 359 1 -971.719 4.82607
4 359 1 -966.406 4.7245
4 359 1 -961.094 5.45639
4 359 1 -955.781 5.27024
4 359 1 -950.469 5.53745
4 359 1 -945.156 5.70533
4 359 1 -939.844 0
4 359 1 -934.531 5.32295
4 359 1 -929.219 0
4 359 1 -923.906 5.35289
4 359 1 -918.594 0
4 359 1 -913.281 5.67495
4 359 1 -907.969 0
4 359 1 -902.656 5.47575
4 359 1 -897.344 0
4 359 1 -892.031 5.75028
4 359 1 -886.719 0
4 359 1 -881.406 5.96522
4 359 1 -876.094 0
4 359 1 -870.781 6.01877
4 359 1 -865.469 5.34925
4 359 1 -860.156 6.4291
4 359 1 -854.844 6.348
4 359 1 -849.531 3.24237
4 359 1 -844.219 5.90623
4 359 1 -838.906 4.86218
4 359 1 -833.594 5.78155
4 359 1 -828.281 6.15499
4 359 1 -822.969 2.60625
4 359 1 -817.656 6.05701
4 359 1 -812.344 4.83314
4 359 1 -807.031 6.10149
4 359 1 -801.719 5.86134
4 359 1 -796.406 7.10711
4 359 1 -791.094 5.97813
4 359 1 -785.781 6.54097
4 359 1 -780.469 6.75422
4 359 1 -775.156 7.40199
4 359 1 -769.844 6.5321
4 359 1 -764.531 7.21715
4 359 1 -759.219 6.10101
4 359 1 -753.906 6.38732
4 359 1 -748.594 6.62544
4 359 1 -743.281 7.59742
4 359 1 -737.969 7.16467
4 359 1 -732.656 7.31956
4 359 1 -727.344 5.75373
4 359 1 -722.031 6.55409
4 359 1 -716.719 0
4 359 1 -711.406 7.89263
4 359 1 -706.094 5.64606
4 359 1 -700.781 6.19068
4 359 1 -695.469 5.51383
4 359 1 -690.156 0
4 359 1 -684.844 5.88289
4 359 1 -679.531 0
4 359 1 -674.219 7.48945
4 359 1 -668.906 0
4 359 1 -663.594 5.43863
4 359 1 -658.281 8.04642
4 359 1 -652.969 0
4 359 1 -647.656 5.17187
4 359 1 -642.344 6.99331
4 359 1 -637.031 4.27577
4 359 1 -631.719 6.87391
4 359 1 -626.406 4.19013
4 359 1 -621.094 5.55237
4 359 1 -615.781 0
4 359 1 -610.469 4.55887
4 359 1 -605.156 0
4 359 1 -599.844 0
4 359 1 -594.531 0
4 359 1 -589.219 0
4 359 1 -583.906 0
4 359 1 -578.594 0
4 359 1 -573.281 0
4 359 1 -567.969 0
5 359 1 -1694.57 0
5 359 1 -1685.43 0
5 359 1 -1676.29 0
5 359 1 -1667.15 0
5 359 1 -1658.01 0
5 359 1 -1648.87 0
5 359 1 -1639.73 0
5 359 1 -1630.59 0
5 359 1 -1621.45 0
5 359 1 -1612.3 0
5 359 1 -1603.16 0
5 359 1 -1594.02 2.7284
5 359 1 -1584.88 3.33104
5 359 1 -1575.74 2.81692
5 359 1 -1566.6 3.4523
5 359 1 -1557.46 3.28703
5 359 1 -1548.32 3.14953
5 359 1 -1539.18 2.89573
5 359 1 -1530.04 2.97183
5 359 1 -1520.9 3.14945
5 359 1 -1511.76 3.04477
5 359 1 -1502.62 3.15751
5 359 1 -1493.48 2.98605
5 359 1 -1484.34 3.08041
5 359 1 -1475.2 2.98942
5 359 1 -1466.05 3.07926
5 359 1 -1456.91 3.08634
5 359 1 -1447.77 2.9901
5 359 1 -1438.63 3.10112
5 359 1 -1429.49 3.03413
5 359 1 -1420.35 2.97899
5 359 1 -1411.21 2.89981
5 359 1 -1402.07 3.1413
5 359 1 -1392.93 3.05541
5 359 1 -1383.79 2.8642
5 359 1 -1374.65 2.95452
5 359 1 -1365.51 3.0744
5 359 1 -1356.37 3.12143
5 359 1 -1347.23 2.88578
5 359 1 -1338.09 2.82397
5 359 1 -1328.95 3.03735
5 359 1 -1319.8 3.04177
5 359 1 -1310.66 3.00282
5 359 1 -1301.52 2.75371
5 359 1 -1292.38 3.09979
5 359 1 -1283.24 3.09862
5 359 1 -1274.1 3.05962
5 359 1 -1264.96 2.86171
5 359 1 -1255.82 3.05173
5 359 1 -1246.68 2.48338
5 359 1 -1237.54 2.77818
5 359 1 -1228.4 3.04925
5 359 1 -1219.26 2.70706
5 359 1 -1210.12 2.91286
5 359 1 -1200.98 2.86712
5 359 1 -1191.84 2.90191
5 359 1 -1182.7 2.80982
5 359 1 -1173.55 2.75005
5 359 1 -1164.41 2.85671
5 359 1 -1155.27 3.05873
5 359 1 -1146.13 0
5 359 1 -1136.99 2.92761
5 359 1 -1127.85 2.85121
5 359 1 -1118.71 2.90368
5 359 1 -1109.57 2.76854
5 359 1 -1100.43 2.61212
5 359 1 -1091.29 2.75135
5 359 1 -1082.15 2.73123
5 359 1 -1073.01 2.77719
5 359 1 -1063.87 2.74151
5 359 1 -1054.73 2.70394
5 359 1 -1045.59 2.77253
5 359 1 -1036.45 2.822
5 359 1 -1027.3 2.55318
5 359 1 -1018.16 2.81334
5 359 1 -1009.02 2.74575
5 359 1 -999.883 2.67344
5 359 1 -990.742 2.75935
5 359 1 -981.602 2.68307
5 359 1 -972.461 2.59365
5 359 1 -963.32 2.65561
5 359 1 -954.18 2.68251
5 359 1 -945.039 2.73913
5 359 1 -935.898 2.69494
5 359 1 -926.758 2.71048
5 359 1 -917.617 2.61234
5 359 1 -908.477 2.54571
5 359 1 -899.336 2.5242
5 359 1 -890.195 2.58774
5 359 1 -881.055 2.7344
5 359 1 -871.914 2.57168
5 359 1 -862.773 2.46224
5 359 1 -853.633 2.56379
5 359 1 -844.492 2.64551
5 359 1 -835.352 2.61055
5 359 1 -826.211 2.60573
5 359 1 -817.07 2.58291
5 359 1 -807.93 2.69858
5 359 1 -798.789 2.73165
5 359 1 -789.648 2.57171
5 359 1 -780.508 2.5488
5 359 1 -771.367 2.62693
5 359 1 -762.227 2.56414
5 359 1 -753.086 2.46306
5 359 1 -743.945 2.71732
5 359 1 -734.805 2.91072
5 359 1 -725.664 3.13
5 359 1 -716.523 2.84482
5 359 1 -707.383 2.83381
5 359 1 -698.242 2.71668
5 359 1 -689.102 2.74953
5 359 1 -679.961 2.28434
5 359 1 -670.82 2.31054
5 359 1 -661.68 2.21509
5 359 1 -652.539 2.17297
5 359 1 -643.398 2.24639
5 359 1 -634.258 2.20689
5 359 1 -625.117 2.18666
5 359 1 -615.977 2.20794
5 359 1 -606.836 2.22887
5 359 1 -597.695 0
5 359 1 -588.555 0
5 359 1 -579.414 0
5 359 1 -570.273 0
5 359 1 -561.133 0
5 359 1 -551.992 0
5 359 1 -542.852 0
5 359 1 -533.711 0
1 360 1 -1252.7 0
1 360 1 -1247.3 0
1 360 1 -1241.91 0
1 360 1 -1236.52 0
1 360 1 -1231.13 0
1 360 1 -1225.74 0
1 360 1 -1220.35 0
1 360 1 -1214.96 0
1 360 1 -1209.57 0
1 360 1 -1204.18 0
1 360 1 -1198.79 16.8128
1 360 1 -1193.4 12.537
1 360 1 -1188.01 17.1858
1 360 1 -1182.62 16.9919
1 360 1 -1177.23 15.426
1 360 1 -1171.84 19.4219
1 360 1 -1166.45 16.682
1 360 1 -1161.05 20.6944
1 360 1 -1155.66 15.7798
1 360 1 -1150.27 20.6106
1 360 1 -1144.88 17.2119
1 360 1 -1139.49 0
1 360 1 -1134.1 19.6455
1 360 1 -1128.71 0
1 360 1 -1123.32 11.4604
1 360 1 -1117.93 0
1 360 1 -1112.54 12.4642
1 360 1 -1107.15 0
1 360 1 -1101.76 14.698
1 360 1 -1096.37 0
1 360 1 -1090.98 12.3698
1 360 1 -1085.59 0
1 360 1 -1080.2 10.5052
1 360 1 -1074.8 0
1 360 1 -1069.41 9.9661
1 360 1 -1064.02 10.6222
1 360 1 -1058.63 0
1 360 1 -1053.24 9.76557
1 360 1 -1047.85 0
1 360 1 -1042.46 11.7049
1 360 1 -1037.07 11.1364
1 360 1 -1031.68 10.927
1 360 1 -1026.29 13.1189
1 360 1 -1020.9 11.4988
1 360 1 -1015.51 13.1183
1 360 1 -1010.12 11.9829
1 360 1 -1004.73 0
1 360 1 -999.336 11.4811
1 360 1 -993.945 13.9896
1 360 1 -988.555 11.5704
1 360 1 -983.164 13.8961
1 360 1 -977.773 11.125
1 360 1 -972.383 11.2026
1 360 1 -966.992 0
1 360 1 -961.602 10.84
1 360 1 -956.211 12.6066
1 360 1 -950.82 10.657
1 360 1 -945.43 11.1161
1 360 1 -940.039 11.4156
1 360 1 -934.648 11.165
1 360 1 -929.258 11.5097
1 360 1 -923.867 12.315
1 360 1 -918.477 13.0169
1 360 1 -913.086 0
1 360 1 -907.695 13.0072
1 360 1 -902.305 0
1 360 1 -896.914 12.6448
1 360 1 -891.523 0
1 360 1 -886.133 12.6973
1 360 1 -880.742 0
1 360 1 -875.352 14.3326
1 360 1 -869.961 0
1 360 1 -864.57 0
1 360 1 -859.18 14.0167
1 360 1 -853.789 0
1 360 1 -848.398 14.6295
1 360 1 -843.008 0
1 360 1 -837.617 15.7721
1 360 1 -832.227 0
1 360 1 -826.836 15.7993
1 360 1 -821.445 0
1 360 1 -816.055 0
1 360 1 -810.664 17.718
1 360 1 -805.273 0
1 360 1 -799.883 15.9993
1 360 1 -794.492 0
1 360 1 -789.102 16.9477
1 360 1 -783.711 0
1 360 1 -778.32 19.8162
1 360 1 -772.93 0
1 360 1 -767.539 19.4286
1 360 1 -762.148 18.4709
1 360 1 -756.758 0
1 360 1 -751.367 19.8489
1 360 1 -745.977 0
1 360 1 -740.586 0
1 360 1 -735.195 20.716
1 360 1 -729.805 0
1 360 1 -724.414 18.9418
1 360 1 -719.023 0
1 360 1 -713.633 19.4324
1 360 1 -708.242 0
1 360 1 -702.852 0
1 360 1 -697.461 21.5439
1 360 1 -692.07 21.3097
1 360 1 -686.68 20.5609
1 360 1 -681.289 0
1 360 1 -675.898 22.4139
1 360 1 -670.508 21.2611
1 360 1 -665.117 0
1 360 1 -659.727 0
1 360 1 -654.336 23.2983
1 360 1 -648.945 0
1 360 1 -643.555 26.1431
1 360 1 -638.164 0
1 360 1 -632.773 0
1 360 1 -627.383 24.6893
1 360 1 -621.992 0
1 360 1 -616.602 20.0342
1 360 1 -611.211 0
1 360 1 -605.82 0
1 360 1 -600.43 0
1 360 1 -595.039 0
1 360 1 -589.648 0
1 360 1 -584.258 0
1 360 1 -578.867 0
1 360 1 -573.477 0
1 360 1 -568.086 0
2 360 1 -1252.7 0
2 360 1 -1247.3 0
2 360 1 -1241.91 0
2 360 1 -1236.52 0
2 360 1 -1231.13 0
2 360 1 -1225.74 0
2 360 1 -1220.35 0
2 360 1 -1214.96 0
2 360 1 -1209.57 0
2 360 1 -1204.18 0
2 360 1 -1198.79 2.38643
2 360 1 -1193.4 2.286
2 360 1 -1188.01 2.28447
2 360 1 -1182.62 2.33507
2 360 1 -1177.23 2.50203
2 360 1 -1171.84 2.66432
2 360 1 -1166.45 2.07415
2 360 1 -1161.05 3.00102
2 360 1 -1155.66 2.21992
2 360 1 -1150.27 2.58375
2 360 1 -1144.88 2.57551
2 360 1 -1139.49 0
2 360 1 -1134.1 3.12653
2 360 1 -1128.71 0
2 360 1 -1123.32 2.52071
2 360 1 -1117.93 0
2 360 1 -1112.54 2.24868
2 360 1 -1107.15 0
2 360 1 -1101.76 2.1697
2 360 1 -1096.37 0
2 360 1 -1090.98 2.1194
2 360 1 -1085.59 0
2 360 1 -1080.2 2.22383
2 360 1 -1074.8 0
2 360 1 -1069.41 1.98786
2 360 1 -1064.02 2.34268
2 360 1 -1058.63 0
2 360 1 -1053.24 2.18909
2 360 1 -1047.85 0
2 360 1 -1042.46 2.17392
2 360 1 -1037.07 2.18912
2 360 1 -1031.68 2.0483
2 360 1 -1026.29 2.59596
2 360 1 -1020.9 2.02797
2 360 1 -1015.51 2.39456
2 360 1 -1010.12 2.13763
2 360 1 -1004.73 0
2 360 1 -999.336 2.24136
2 360 1 -993.945 2.41734
2 360 1 -988.555 2.17059
2 360 1 -983.164 2.42613
2 360 1 -977.773 2.14136
2 360 1 -972.383 2.10959
2 360 1 -966.992 0
2 360 1 -961.602 1.95576
2 360 1 -956.211 2.19294
2 360 1 -950.82 2.03957
2 360 1 -945.43 2.16196
2 360 1 -940.039 1.9988
2 360 1 -934.648 1.98652
2 360 1 -929.258 1.97477
2 360 1 -923.867 2.09412
2 360 1 -918.477 1.92394
2 360 1 -913.086 0
2 360 1 -907.695 2
2 360 1 -902.305 0
2 360 1 -896.914 1.93686
2 360 1 -891.523 0
2 360 1 -886.133 2.08511
2 360 1 -880.742 0
2 360 1 -875.352 1.97789
2 360 1 -869.961 0
2 360 1 -864.57 0
2 360 1 -859.18 1.86195
2 360 1 -853.789 0
2 360 1 -848.398 2.0971
2 360 1 -843.008 0
2 360 1 -837.617 2.11855
2 360 1 -832.227 0
2 360 1 -826.836 1.93983
2 360 1 -821.445 0
2 360 1 -816.055 0
2 360 1 -810.664 1.97788
2 360 1 -805.273 0
2 360 1 -799.883 1.82397
2 360 1 -794.492 0
2 360 1 -789.102 1.94706
2 360 1 -783.711 0
2 360 1 -778.32 2.11836
2 360 1 -772.93 0
2 360 1 -767.539 1.82485
2 360 1 -762.148 1.92436
2 360 1 -756.758 0
2 360 1 -751.367 1.83472
2 360 1 -745.977 0
2 360 1 -740.586 0
2 360 1 -735.195 2.09772
2 360 1 -729.805 0
2 360 1 -724.414 1.69334
2 360 1 -719.023 0
2 360 1 -713.633 1.74734
2 360 1 -708.242 0
2 360 1 -702.852 0
2 360 1 -697.461 2.02239
2 360 1 -692.07 1.94866
2 360 1 -686.68 1.76131
2 360 1 -681.289 0
2 360 1 -675.898 1.79062
2 360 1 -670.508 1.90564
2 360 1 -665.117 0
2 360 1 -659.727 0
2 360 1 -654.336 1.92733
2 360 1 -648.945 0
2 360 1 -643.555 1.84179
2 360 1 -638.164 0
2 360 1 -632.773 0
2 360 1 -627.383 1.85833
2 360 1 -621.992 0
2 360 1 -616.602 2.0324
2 360 1 -611.211 0
2 360 1 -605.82 0
2 360 1 -600.43 0
2 360 1 -595.039 0
2 360 1 -589.648 0
2 360 1 -584.258 0
2 360 1 -578.867 0
2 360 1 -573.477 0
2 360 1 -568.086 0
3 360 1 -1252.7 0
3 360 1 -1247.3 0
3 360 1 -1241.91 0
3 360 1 -1236.52 0
3 360 1 -1231.13 0
3 360 1 -1225.74 0
3 360 1 -1220.35 0
3 360 1 -1214.96 0
3 360 1 -1209.57 0
3 360 1 -1204.18 0
3 360 1 -1198.79 2.82276
3 360 1 -1193.4 1.82638
3 360 1 -1188.01 2.58335
3 360 1 -1182.62 2.27707
3 360 1 -1177.23 2.5182
3 360 1 -1171.84 2.64581
3 360 1 -1166.45 3.2939
3 360 1 -1161.05 3.47993
3 360 1 -1155.66 2.90113
3 360 1 -1150.27 3.18546
3 360 1 -1144.88 3.22953
3 360 1 -1139.49 0
3 360 1 -1134.1 2.99874
3 360 1 -1128.71 0
3 360 1 -1123.32 2.1808
3 360 1 -1117.93 0
3 360 1 -1112.54 2.53998
3 360 1 -1107.15 0
3 360 1 -1101.76 2.55034
3 360 1 -1096.37 0
3 360 1 -1090.98 2.20042
3 360 1 -1085.59 0
3 360 1 -1080.2 2.12892
3 360 1 -1074.8 0
3 360 1 -1069.41 1.96343
3 360 1 -1064.02 2.07198
3 360 1 -1058.63 0
3 360 1 -1053.24 2.23667
3 360 1 -1047.85 0
3 360 1 -1042.46 2.15722
3 360 1 -1037.07 2.0542
3 360 1 -1031.68 1.96084
3 360 1 -1026.29 2.14217
3 360 1 -1020.9 2.02689
3 360 1 -1015.51 2.02038
3 360 1 -1010.12 2.13534
3 360 1 -1004.73 0
3 360 1 -999.336 2.22093
3 360 1 -993.945 2.06465
3 360 1 -988.555 2.2298
3 360 1 -983.164 2.20212
3 360 1 -977.773 2.15472
3 360 1 -972.383 2.03593
3 360 1 -966.992 0
3 360 1 -961.602 2.12065
3 360 1 -956.211 2.11772
3 360 1 -950.82 2.00417
3 360 1 -945.43 2.16523
3 360 1 -940.039 1.99981
3 360 1 -934.648 2.14808
3 360 1 -929.258 2.05814
3 360 1 -923.867 2.01869
3 360 1 -918.477 1.93487
3 360 1 -913.086 0
3 360 1 -907.695 2.0863
3 360 1 -902.305 0
3 360 1 -896.914 1.90891
3 360 1 -891.523 0
3 360 1 -886.133 1.80967
3 360 1 -880.742 0
3 360 1 -875.352 2.2104
3 360 1 -869.961 0
3 360 1 -864.57 0
3 360 1 -859.18 2.00272
3 360 1 -853.789 0
3 360 1 -848.398 1.98607
3 360 1 -843.008 0
3 360 1 -837.617 1.84159
3 360 1 -832.227 0
3 360 1 -826.836 1.87013
3 360 1 -821.445 0
3 360 1 -816.055 0
3 360 1 -810.664 1.86963
3 360 1 -805.273 0
3 360 1 -799.883 1.97426
3 360 1 -794.492 0
3 360 1 -789.102 1.97168
3 360 1 -783.711 0
3 360 1 -778.32 1.98234
3 360 1 -772.93 0
3 360 1 -767.539 1.8743
3 360 1 -762.148 1.96948
3 360 1 -756.758 0
3 360 1 -751.367 1.88663
3 360 1 -745.977 0
3 360 1 -740.586 0
3 360 1 -735.195 2.10469
3 360 1 -729.805 0
3 360 1 -724.414 2.03832
3 360 1 -719.023 0
3 360 1 -713.633 2.02954
3 360 1 -708.242 0
3 360 1 -702.852 0
3 360 1 -697.461 1.90462
3 360 1 -692.07 2.51686
3 360 1 -686.68 1.90791
3 360 1 -681.289 0
3 360 1 -675.898 1.73979
3 360 1 -670.508 1.78659
3 360 1 -665.117 0
3 360 1 -659.727 0
3 360 1 -654.336 1.82958
3 360 1 -648.945 0
3 360 1 -643.555 1.86132
3 360 1 -638.164 0
3 360 1 -632.773 0
3 360 1 -627.383 1.67067
3 360 1 -621.992 0
3 360 1 -616.602 1.96985
3 360 1 -611.211 0
3 360 1 -605.82 0
3 360 1 -600.43 0
3 360 1 -595.039 0
3 360 1 -589.648 0
3 360 1 -584.258 0
3 360 1 -578.867 0
3 360 1 -573.477 0
3 360 1 -568.086 0
4 360 1 -1252.7 0
4 360 1 -1247.3 0
4 360 1 -1241.91 0
4 360 1 -1236.52 0
4 360 1 -1231.13 0
4 360 1 -1225.74 0
4 360 1 -1220.35 0
4 360 1 -1214.96 0
4 360 1 -1209.57 0
4 360 1 -1204.18 0
4 360 1 -1198.79 2.53122
4 360 1 -1193.4 2.42866
4 360 1 -1188.01 2.44297
4 360 1 -1182.62 2.73558
4 360 1 -1177.23 2.5974
4 360 1 -1171.84 3.10315
4 360 1 -1166.45 2.6998
4 360 1 -1161.05 2.6017
4 360 1 -1155.66 2.53967
4 360 1 -1150.27 2.66597
4 360 1 -1144.88 2.8197
4 360 1 -1139.49 3.14136
4 360 1 -1134.1 2.83432
4 360 1 -1128.71 2.84775
4 360 1 -1123.32 2.35987
4 360 1 -1117.93 2.6885
4 360 1 -1112.54 2.68597
4 360 1 -1107.15 0
4 360 1 -1101.76 2.68307
4 360 1 -1096.37 0
4 360 1 -1090.98 2.83577
4 360 1 -1085.59 0
4 360 1 -1080.2 2.77185
4 360 1 -1074.8 0
4 360 1 -1069.41 3.02729
4 360 1 -1064.02 2.18105
4 360 1 -1058.63 3.10125
4 360 1 -1053.24 2.40682
4 360 1 -1047.85 3.37338
4 360 1 -1042.46 2.30583
4 360 1 -1037.07 3.37146
4 360 1 -1031.68 2.24394
4 360 1 -1026.29 3.07427
4 360 1 -1020.9 2.2836
4 360 1 -1015.51 3.08602
4 360 1 -1010.12 2.32359
4 360 1 -1004.73 3.46249
4 360 1 -999.336 2.45418
4 360 1 -993.945 2.95994
4 360 1 -988.555 2.33249
4 360 1 -983.164 2.50397
4 360 1 -977.773 2.27931
4 360 1 -972.383 3.22874
4 360 1 -966.992 4.58257
4 360 1 -961.602 2.25824
4 360 1 -956.211 4.34158
4 360 1 -950.82 2.42159
4 360 1 -945.43 4.57666
4 360 1 -940.039 2.39058
4 360 1 -934.648 4.29141
4 360 1 -929.258 2.28425
4 360 1 -923.867 3.35882
4 360 1 -918.477 2.51522
4 360 1 -913.086 5.2026
4 360 1 -907.695 2.42525
4 360 1 -902.305 5.81697
4 360 1 -896.914 2.36834
4 360 1 -891.523 5.75103
4 360 1 -886.133 4.14279
4 360 1 -880.742 0
4 360 1 -875.352 4.09029
4 360 1 -869.961 0
4 360 1 -864.57 5.64628
4 360 1 -859.18 2.29914
4 360 1 -853.789 6.46426
4 360 1 -848.398 2.3035
4 360 1 -843.008 5.79589
4 360 1 -837.617 2.33802
4 360 1 -832.227 3.76481
4 360 1 -826.836 2.31908
4 360 1 -821.445 3.96776
4 360 1 -816.055 0
4 360 1 -810.664 4.05304
4 360 1 -805.273 0
4 360 1 -799.883 4.5976
4 360 1 -794.492 0
4 360 1 -789.102 4.26917
4 360 1 -783.711 0
4 360 1 -778.32 4.53221
4 360 1 -772.93 0
4 360 1 -767.539 4.85577
4 360 1 -762.148 2.4495
4 360 1 -756.758 6.22935
4 360 1 -751.367 2.25575
4 360 1 -745.977 6.81293
4 360 1 -740.586 0
4 360 1 -735.195 5.24664
4 360 1 -729.805 0
4 360 1 -724.414 4.20369
4 360 1 -719.023 0
4 360 1 -713.633 4.68382
4 360 1 -708.242 0
4 360 1 -702.852 0
4 360 1 -697.461 4.39106
4 360 1 -692.07 2.80449
4 360 1 -686.68 4.03446
4 360 1 -681.289 0
4 360 1 -675.898 4.7262
4 360 1 -670.508 3.04211
4 360 1 -665.117 0
4 360 1 -659.727 7.86237
4 360 1 -654.336 3.40779
4 360 1 -648.945 7.93695
4 360 1 -643.555 3.10093
4 360 1 -638.164 7.07518
4 360 1 -632.773 0
4 360 1 -627.383 4.56562
4 360 1 -621.992 5.54502
4 360 1 -616.602 2.9372
4 360 1 -611.211 5.34584
4 360 1 -605.82 0
4 360 1 -600.43 0
4 360 1 -595.039 0
4 360 1 -589.648 0
4 360 1 -584.258 0
4 360 1 -578.867 0
4 360 1 -573.477 0
4 360 1 -568.086 0
5 360 1 -1483.67 0
5 360 1 -1476.33 0
5 360 1 -1468.98 0
5 360 1 -1461.64 0
5 360 1 -1454.3 0
5 360 1 -1446.95 0
5 360 1 -1439.61 0
5 360 1 -1432.27 0
5 360 1 -1424.92 0
5 360 1 -1417.58 0
5 360 1 -1410.23 0
5 360 1 -1402.89 3.32835
5 360 1 -1395.55 0
5 360 1 -1388.2 2.60584
5 360 1 -1380.86 0
5 360 1 -1373.52 0
5 360 1 -1366.17 3.0184
5 360 1 -1358.83 2.36358
5 360 1 -1351.48 2.98321
5 360 1 -1344.14 0
5 360 1 -1336.8 2.88704
5 360 1 -1329.45 2.89801
5 360 1 -1322.11 2.80232
5 360 1 -1314.77 0
5 360 1 -1307.42 2.94459
5 360 1 -1300.08 2.32084
5 360 1 -1292.73 3.04205
5 360 1 -1285.39 3.01737
5 360 1 -1278.05 2.66612
5 360 1 -1270.7 2.86036
5 360 1 -1263.36 2.73995
5 360 1 -1256.02 2.80252
5 360 1 -1248.67 2.76817
5 360 1 -1241.33 2.78676
5 360 1 -1233.98 2.76667
5 360 1 -1226.64 2.71365
5 360 1 -1219.3 2.91768
5 360 1 -1211.95 2.91545
5 360 1 -1204.61 2.79269
5 360 1 -1197.27 2.82845
5 360 1 -1189.92 2.80396
5 360 1 -1182.58 2.70174
5 360 1 -1175.23 2.91703
5 360 1 -1167.89 2.72164
5 360 1 -1160.55 2.64012
5 360 1 -1153.2 2.68965
5 360 1 -1145.86 2.69284
5 360 1 -1138.52 2.69299
5 360 1 -1131.17 2.80129
5 360 1 -1123.83 0
5 360 1 -1116.48 2.58868
5 360 1 -1109.14 2.64432
5 360 1 -1101.8 2.69701
5 360 1 -1094.45 2.1324
5 360 1 -1087.11 2.64634
5 360 1 -1079.77 2.5445
5 360 1 -1072.42 2.54596
5 360 1 -1065.08 2.27141
5 360 1 -1057.73 2.63318
5 360 1 -1050.39 2.56349
5 360 1 -1043.05 2.37845
5 360 1 -1035.7 2.63956
5 360 1 -1028.36 2.63933
5 360 1 -1021.02 2.57127
5 360 1 -1013.67 0
5 360 1 -1006.33 2.53474
5 360 1 -998.984 2.51611
5 360 1 -991.641 2.51503
5 360 1 -984.297 2.50759
5 360 1 -976.953 2.5214
5 360 1 -969.609 2.59628
5 360 1 -962.266 2.51682
5 360 1 -954.922 2.55257
5 360 1 -947.578 2.51087
5 360 1 -940.234 2.28728
5 360 1 -932.891 2.51521
5 360 1 -925.547 2.56274
5 360 1 -918.203 2.41562
5 360 1 -910.859 2.44262
5 360 1 -903.516 2.5466
5 360 1 -896.172 2.42751
5 360 1 -888.828 2.30784
5 360 1 -881.484 2.67117
5 360 1 -874.141 2.49482
5 360 1 -866.797 0
5 360 1 -859.453 2.42895
5 360 1 -852.109 2.42544
5 360 1 -844.766 2.55444
5 360 1 -837.422 2.24299
5 360 1 -830.078 2.58842
5 360 1 -822.734 2.48129
5 360 1 -815.391 2.3231
5 360 1 -808.047 2.63938
5 360 1 -800.703 2.45401
5 360 1 -793.359 2.2507
5 360 1 -786.016 2.51618
5 360 1 -778.672 2.47905
5 360 1 -771.328 2.25006
5 360 1 -763.984 2.52891
5 360 1 -756.641 2.27588
5 360 1 -749.297 2.23015
5 360 1 -741.953 2.46032
5 360 1 -734.609 2.47763
5 360 1 -727.266 2.28384
5 360 1 -719.922 3.05303
5 360 1 -712.578 2.63248
5 360 1 -705.234 0
5 360 1 -697.891 2.5014
5 360 1 -690.547 2.18233
5 360 1 -683.203 2.31
5 360 1 -675.859 2.19148
5 360 1 -668.516 2.08059
5 360 1 -661.172 2.14453
5 360 1 -653.828 2.05817
5 360 1 -646.484 2.06907
5 360 1 -639.141 2.06161
5 360 1 -631.797 2.04844
5 360 1 -624.453 1.95199
5 360 1 -617.109 2.023
5 360 1 -609.766 2.01107
5 360 1 -602.422 0
5 360 1 -595.078 0
5 360 1 -587.734 0
5 360 1 -580.391 0
5 360 1 -573.047 0
5 360 1 -565.703 0
5 360 1 -558.359 0
5 360 1 -551.016 0
1 361 1 -981.602 0
1 361 1 -978.398 0
1 361 1 -975.195 0
1 361 1 -971.992 0
1 361 1 -968.789 0
1 361 1 -965.586 0
1 361 1 -962.383 0
1 361 1 -959.18 0
1 361 1 -955.977 0
1 361 1 -952.773 0
1 361 1 -949.57 1.74144
1 361 1 -946.367 0
1 361 1 -943.164 0
1 361 1 -939.961 1.64519
1 361 1 -936.758 1.54251
1 361 1 -933.555 0
1 361 1 -930.352 1.80336
1 361 1 -927.148 0
1 361 1 -923.945 1.5643
1 361 1 -920.742 1.77057
1 361 1 -917.539 0
1 361 1 -914.336 0
1 361 1 -911.133 1.84578
1 361 1 -907.93 0
1 361 1 -904.727 0
1 361 1 -901.523 1.71344
1 361 1 -898.32 0
1 361 1 -895.117 0
1 361 1 -891.914 0
1 361 1 -888.711 1.92982
1 361 1 -885.508 0
1 361 1 -882.305 0
1 361 1 -879.102 2.01831
1 361 1 -875.898 0
1 361 1 -872.695 0
1 361 1 -869.492 2.16452
1 361 1 -866.289 0
1 361 1 -863.086 0
1 361 1 -859.883 2.21179
1 361 1 -856.68 0
1 361 1 -853.477 0
1 361 1 -850.273 2.34343
1 361 1 -847.07 2.27562
1 361 1 -843.867 0
1 361 1 -840.664 2.36479
1 361 1 -837.461 2.52742
1 361 1 -834.258 2.59324
1 361 1 -831.055 2.88784
1 361 1 -827.852 2.41216
1 361 1 -824.648 0
1 361 1 -821.445 0
1 361 1 -818.242 2.55164
1 361 1 -815.039 0
1 361 1 -811.836 0
1 361 1 -808.633 2.92959
1 361 1 -805.43 2.64823
1 361 1 -802.227 0
1 361 1 -799.023 0
1 361 1 -795.82 2.74652
1 361 1 -792.617 0
1 361 1 -789.414 3.01756
1 361 1 -786.211 3.07586
1 361 1 -783.008 0
1 361 1 -779.805 0
1 361 1 -776.602 0
1 361 1 -773.398 3.04606
1 361 1 -770.195 2.97458
1 361 1 -766.992 0
1 361 1 -763.789 0
1 361 1 -760.586 3.09366
1 361 1 -757.383 0
1 361 1 -754.18 0
1 361 1 -750.977 2.9576
1 361 1 -747.773 3.20814
1 361 1 -744.57 0
1 361 1 -741.367 0
1 361 1 -738.164 3.07945
1 361 1 -734.961 3.28379
1 361 1 -731.758 0
1 361 1 -728.555 0
1 361 1 -725.352 3.22137
1 361 1 -722.148 3.33426
1 361 1 -718.945 0
1 361 1 -715.742 0
1 361 1 -712.539 3.57914
1 361 1 -709.336 3.68318
1 361 1 -706.133 0
1 361 1 -702.93 0
1 361 1 -699.727 3.64286
1 361 1 -696.523 4.04287
1 361 1 -693.32 0
1 361 1 -690.117 0
1 361 1 -686.914 3.70236
1 361 1 -683.711 3.9513
1 361 1 -680.508 0
1 361 1 -677.305 0
1 361 1 -674.102 3.71332
1 361 1 -670.898 0
1 361 1 -667.695 0
1 361 1 -664.492 0
1 361 1 -661.289 4.0466
1 361 1 -658.086 0
1 361 1 -654.883 0
1 361 1 -651.68 4.67592
1 361 1 -648.477 4.66911
1 361 1 -645.273 0
1 361 1 -642.07 5.29742
1 361 1 -638.867 5.17249
1 361 1 -635.664 0
1 361 1 -632.461 5.60424
1 361 1 -629.258 5.52392
1 361 1 -626.055 0
1 361 1 -622.852 6.63084
1 361 1 -619.648 4.78359
1 361 1 -616.445 0
1 361 1 -613.242 0
1 361 1 -610.039 5.02254
1 361 1 -606.836 0
1 361 1 -603.633 0
1 361 1 -600.43 5.08005
1 361 1 -597.227 0
1 361 1 -594.023 0
1 361 1 -590.82 0
1 361 1 -587.617 0
1 361 1 -584.414 0
1 361 1 -581.211 0
1 361 1 -578.008 0
1 361 1 -574.805 0
2 361 1 -1077.01 0
2 361 1 -1072.99 0
2 361 1 -1068.96 0
2 361 1 -1064.94 0
2 361 1 -1060.92 0
2 361 1 -1056.89 0
2 361 1 -1052.87 0
2 361 1 -1048.85 0
2 361 1 -1044.82 0
2 361 1 -1040.8 0
2 361 1 -1036.78 1.69057
2 361 1 -1032.75 0
2 361 1 -1028.73 0
2 361 1 -1024.71 0
2 361 1 -1020.68 0
2 361 1 -1016.66 0
2 361 1 -1012.64 0
2 361 1 -1008.61 0
2 361 1 -1004.59 0
2 361 1 -1000.57 0
2 361 1 -996.543 0
2 361 1 -992.52 0
2 361 1 -988.496 0
2 361 1 -984.473 0
2 361 1 -980.449 2.45316
2 361 1 -976.426 0
2 361 1 -972.402 0
2 361 1 -968.379 0
2 361 1 -964.355 0
2 361 1 -960.332 1.89428
2 361 1 -956.309 0
2 361 1 -952.285 0
2 361 1 -948.262 2.10157
2 361 1 -944.238 0
2 361 1 -940.215 1.81136
2 361 1 -936.191 0
2 361 1 -932.168 0
2 361 1 -928.145 0
2 361 1 -924.121 0
2 361 1 -920.098 0
2 361 1 -916.074 0
2 361 1 -912.051 0
2 361 1 -908.027 0
2 361 1 -904.004 0
2 361 1 -899.98 0
2 361 1 -895.957 0
2 361 1 -891.934 1.39658
2 361 1 -887.91 0
2 361 1 -883.887 0
2 361 1 -879.863 2.28917
2 361 1 -875.84 0
2 361 1 -871.816 1.60749
2 361 1 -867.793 0
2 361 1 -863.77 0
2 361 1 -859.746 1.93154
2 361 1 -855.723 0
2 361 1 -851.699 1.64479
2 361 1 -847.676 1.75733
2 361 1 -843.652 0
2 361 1 -839.629 1.63686
2 361 1 -835.605 1.6377
2 361 1 -831.582 1.58689
2 361 1 -827.559 1.18864
2 361 1 -823.535 0
2 361 1 -819.512 1.59105
2 361 1 -815.488 0
2 361 1 -811.465 2.49117
2 361 1 -807.441 2.06558
2 361 1 -803.418 0
2 361 1 -799.395 0
2 361 1 -795.371 2.18071
2 361 1 -791.348 0
2 361 1 -787.324 0
2 361 1 -783.301 1.65541
2 361 1 -779.277 0
2 361 1 -775.254 1.81242
2 361 1 -771.23 3.76025
2 361 1 -767.207 0
2 361 1 -763.184 0
2 361 1 -759.16 1.57187
2 361 1 -755.137 0
2 361 1 -751.113 0
2 361 1 -747.09 1.66244
2 361 1 -743.066 0
2 361 1 -739.043 1.68972
2 361 1 -735.02 2.82423
2 361 1 -730.996 0
2 361 1 -726.973 1.74024
2 361 1 -722.949 1.74271
2 361 1 -718.926 0
2 361 1 -714.902 0
2 361 1 -710.879 1.81328
2 361 1 -706.855 0
2 361 1 -702.832 0
2 361 1 -698.809 1.65675
2 361 1 -694.785 1.57505
2 361 1 -690.762 0
2 361 1 -686.738 1.66916
2 361 1 -682.715 1.68131
2 361 1 -678.691 0
2 361 1 -674.668 1.632
2 361 1 -670.645 0
2 361 1 -666.621 0
2 361 1 -662.598 1.60176
2 361 1 -658.574 0
2 361 1 -654.551 0
2 361 1 -650.527 4.00636
2 361 1 -646.504 0
2 361 1 -642.48 1.64244
2 361 1 -638.457 0
2 361 1 -634.434 0
2 361 1 -630.41 1.50167
2 361 1 -626.387 0
2 361 1 -622.363 1.51067
2 361 1 -618.34 0
2 361 1 -614.316 0
2 361 1 -610.293 1.55603
2 361 1 -606.27 0
2 361 1 -602.246 1.45243
2 361 1 -598.223 0
2 361 1 -594.199 0
2 361 1 -590.176 0
2 361 1 -586.152 0
2 361 1 -582.129 0
2 361 1 -578.105 0
2 361 1 -574.082 0
2 361 1 -570.059 0
2 361 1 -566.035 0
