1 359 0 -1187.44 0
1 359 0 -1182.56 0
1 359 0 -1177.68 0
1 359 0 -1172.79 0
1 359 0 -1167.91 0
1 359 0 -1163.03 0
1 359 0 -1158.14 0
1 359 0 -1153.26 0
1 359 0 -1148.38 0
1 359 0 -1143.5 0
1 359 0 -1138.61 0
1 359 0 -1133.73 27.2005
1 359 0 -1128.85 24.2149
1 359 0 -1123.96 26.6277
1 359 0 -1119.08 0
1 359 0 -1114.2 25.5459
1 359 0 -1109.32 24.2674
1 359 0 -1104.43 25.3918
1 359 0 -1099.55 24.7239
1 359 0 -1094.67 25.2056
1 359 0 -1089.79 25.2368
1 359 0 -1084.9 25.4773
1 359 0 -1080.02 25.2704
1 359 0 -1075.14 25.5315
1 359 0 -1070.25 24.0107
1 359 0 -1065.37 24.8068
1 359 0 -1060.49 24.3934
1 359 0 -1055.61 25.0912
1 359 0 -1050.72 24.7645
1 359 0 -1045.84 0
1 359 0 -1040.96 24.707
1 359 0 -1036.07 0
1 359 0 -1031.19 24.9582
1 359 0 -1026.31 24.5929
1 359 0 -1021.43 25.2815
1 359 0 -1016.54 24.39
1 359 0 -1011.66 24.4086
1 359 0 -1006.78 22.9683
1 359 0 -1001.89 24.2567
1 359 0 -997.012 0
1 359 0 -992.129 0
1 359 0 -987.246 23.7002
1 359 0 -982.363 0
1 359 0 -977.48 23.7403
1 359 0 -972.598 23.2275
1 359 0 -967.715 23.583
1 359 0 -962.832 0
1 359 0 -957.949 23.2424
1 359 0 -953.066 0
1 359 0 -948.184 23.5986
1 359 0 -943.301 0
1 359 0 -938.418 23.0461
1 359 0 -933.535 24.1437
1 359 0 -928.652 0
1 359 0 -923.77 21.8671
1 359 0 -918.887 0
1 359 0 -914.004 22.1872
1 359 0 -909.121 0
1 359 0 -904.238 23.0676
1 359 0 -899.355 21.9878
1 359 0 -894.473 0
1 359 0 -889.59 22.7053
1 359 0 -884.707 0
1 359 0 -879.824 22.6956
1 359 0 -874.941 0
1 359 0 -870.059 21.9951
1 359 0 -865.176 0
1 359 0 -860.293 21.2799
1 359 0 -855.41 22.3859
1 359 0 -850.527 21.8343
1 359 0 -845.645 21.8496
1 359 0 -840.762 20.9437
1 359 0 -835.879 21.5507
1 359 0 -830.996 21.5046
1 359 0 -826.113 0
1 359 0 -821.23 22.3451
1 359 0 -816.348 0
1 359 0 -811.465 22.4336
1 359 0 -806.582 21.426
1 359 0 -801.699 21.5818
1 359 0 -796.816 20.8429
1 359 0 -791.934 21.7751
1 359 0 -787.051 21.024
1 359 0 -782.168 21.769
1 359 0 -777.285 21.1201
1 359 0 -772.402 21.3537
1 359 0 -767.52 0
1 359 0 -762.637 22.0448
1 359 0 -757.754 20.5582
1 359 0 -752.871 22.2278
1 359 0 -747.988 20.4843
1 359 0 -743.105 21.6952
1 359 0 -738.223 21.7955
1 359 0 -733.34 21.5751
1 359 0 -728.457 22.3045
1 359 0 -723.574 21.9927
1 359 0 -718.691 22.6376
1 359 0 -713.809 0
1 359 0 -708.926 23.4597
1 359 0 -704.043 0
1 359 0 -699.16 23.8547
1 359 0 -694.277 23.5752
1 359 0 -689.395 21.9104
1 359 0 -684.512 23.1535
1 359 0 -679.629 0
1 359 0 -674.746 23.0125
1 359 0 -669.863 21.9561
1 359 0 -664.98 0
1 359 0 -660.098 22.0323
1 359 0 -655.215 0
1 359 0 -650.332 21.625
1 359 0 -645.449 0
1 359 0 -640.566 21.3623
1 359 0 -635.684 21.5162
1 359 0 -630.801 22.4766
1 359 0 -625.918 20.014
1 359 0 -621.035 20.8755
1 359 0 -616.152 0
1 359 0 -611.27 20.5637
1 359 0 -606.387 0
1 359 0 -601.504 0
1 359 0 -596.621 0
1 359 0 -591.738 0
1 359 0 -586.855 0
1 359 0 -581.973 0
1 359 0 -577.09 0
1 359 0 -572.207 0
1 359 0 -567.324 0
2 359 0 -1242.66 0
2 359 0 -1237.34 0
2 359 0 -1232.03 0
2 359 0 -1226.72 0
2 359 0 -1221.41 0
2 359 0 -1216.09 0
2 359 0 -1210.78 0
2 359 0 -1205.47 0
2 359 0 -1200.16 0
2 359 0 -1194.84 0
2 359 0 -1189.53 51.0186
2 359 0 -1184.22 48.695
2 359 0 -1178.91 51.2631
2 359 0 -1173.59 50.808
2 359 0 -1168.28 50.3494
2 359 0 -1162.97 0
2 359 0 -1157.66 50.1827
2 359 0 -1152.34 48.6956
2 359 0 -1147.03 0
2 359 0 -1141.72 49.3887
2 359 0 -1136.41 0
2 359 0 -1131.09 28.8136
2 359 0 -1125.78 32.8214
2 359 0 -1120.47 53.3354
2 359 0 -1115.16 52.651
2 359 0 -1109.84 53.2688
2 359 0 -1104.53 51.35
2 359 0 -1099.22 49.9777
2 359 0 -1093.91 50.1692
2 359 0 -1088.59 46.5165
2 359 0 -1083.28 47.844
2 359 0 -1077.97 47.1876
2 359 0 -1072.66 46.2891
2 359 0 -1067.34 49.1632
2 359 0 -1062.03 49.6479
2 359 0 -1056.72 50.3016
2 359 0 -1051.41 48.2291
2 359 0 -1046.09 0
2 359 0 -1040.78 40.3882
2 359 0 -1035.47 51.5611
2 359 0 -1030.16 52.7891
2 359 0 -1024.84 53.7473
2 359 0 -1019.53 51.8083
2 359 0 -1014.22 52.1184
2 359 0 -1008.91 51.4338
2 359 0 -1003.59 0
2 359 0 -998.281 51.5865
2 359 0 -992.969 0
2 359 0 -987.656 51.7557
2 359 0 -982.344 0
2 359 0 -977.031 51.8039
2 359 0 -971.719 50.9635
2 359 0 -966.406 51.8752
2 359 0 -961.094 51.0284
2 359 0 -955.781 52.7219
2 359 0 -950.469 51.2509
2 359 0 -945.156 51.5576
2 359 0 -939.844 0
2 359 0 -934.531 50.9322
2 359 0 -929.219 0
2 359 0 -923.906 41.2319
2 359 0 -918.594 0
2 359 0 -913.281 35.6313
2 359 0 -907.969 0
2 359 0 -902.656 46.3135
2 359 0 -897.344 0
2 359 0 -892.031 46.5215
2 359 0 -886.719 0
2 359 0 -881.406 47.4005
2 359 0 -876.094 0
2 359 0 -870.781 47.6631
2 359 0 -865.469 48.3807
2 359 0 -860.156 50.9204
2 359 0 -854.844 49.5767
2 359 0 -849.531 49.1232
2 359 0 -844.219 47.761
2 359 0 -838.906 51.5531
2 359 0 -833.594 51.2536
2 359 0 -828.281 50.7385
2 359 0 -822.969 32.1552
2 359 0 -817.656 49.8401
2 359 0 -812.344 32.5091
2 359 0 -807.031 47.4948
2 359 0 -801.719 47.4813
2 359 0 -796.406 49.1601
2 359 0 -791.094 48.705
2 359 0 -785.781 48.2639
2 359 0 -780.469 43.8359
2 359 0 -775.156 47.4906
2 359 0 -769.844 42.4352
2 359 0 -764.531 45.8703
2 359 0 -759.219 43.7022
2 359 0 -753.906 44.0277
2 359 0 -748.594 41.1422
2 359 0 -743.281 42.6593
2 359 0 -737.969 42.6641
2 359 0 -732.656 44.9947
2 359 0 -727.344 44.8864
2 359 0 -722.031 45.2469
2 359 0 -716.719 0
2 359 0 -711.406 42.5175
2 359 0 -706.094 45.3109
2 359 0 -700.781 11.5247
2 359 0 -695.469 42.8757
2 359 0 -690.156 0
2 359 0 -684.844 43.388
2 359 0 -679.531 0
2 359 0 -674.219 43.7424
2 359 0 -668.906 0
2 359 0 -663.594 45.689
2 359 0 -658.281 41.6577
2 359 0 -652.969 0
2 359 0 -647.656 44.1718
2 359 0 -642.344 46.4309
2 359 0 -637.031 44.2073
2 359 0 -631.719 44.5704
2 359 0 -626.406 38.7934
2 359 0 -621.094 43.6954
2 359 0 -615.781 0
2 359 0 -610.469 42.4931
2 359 0 -605.156 0
2 359 0 -599.844 0
2 359 0 -594.531 0
2 359 0 -589.219 0
2 359 0 -583.906 0
2 359 0 -578.594 0
2 359 0 -573.281 0
2 359 0 -567.969 0
3 359 0 -1242.66 0
3 359 0 -1237.34 0
3 359 0 -1232.03 0
3 359 0 -1226.72 0
3 359 0 -1221.41 0
3 359 0 -1216.09 0
3 359 0 -1210.78 0
3 359 0 -1205.47 0
3 359 0 -1200.16 0
3 359 0 -1194.84 0
3 359 0 -1189.53 12.665
3 359 0 -1184.22 12.5884
3 359 0 -1178.91 15.3157
3 359 0 -1173.59 14.4998
3 359 0 -1168.28 13.7819
3 359 0 -1162.97 0
3 359 0 -1157.66 14.2929
3 359 0 -1152.34 15.9538
3 359 0 -1147.03 0
3 359 0 -1141.72 18.7189
3 359 0 -1136.41 0
3 359 0 -1131.09 16.0902
3 359 0 -1125.78 13.775
3 359 0 -1120.47 13.4808
3 359 0 -1115.16 14.158
3 359 0 -1109.84 13.1596
3 359 0 -1104.53 12.2878
3 359 0 -1099.22 14.4114
3 359 0 -1093.91 14.2029
3 359 0 -1088.59 18.7063
3 359 0 -1083.28 15.2897
3 359 0 -1077.97 14.9927
3 359 0 -1072.66 15.3588
3 359 0 -1067.34 14.9741
3 359 0 -1062.03 13.1812
3 359 0 -1056.72 13.9712
3 359 0 -1051.41 13.1644
3 359 0 -1046.09 0
3 359 0 -1040.78 11.9064
3 359 0 -1035.47 12.2224
3 359 0 -1030.16 10.8826
3 359 0 -1024.84 12.5502
3 359 0 -1019.53 12.6043
3 359 0 -1014.22 13.1844
3 359 0 -1008.91 12.3548
3 359 0 -1003.59 0
3 359 0 -998.281 13.1336
3 359 0 -992.969 0
3 359 0 -987.656 14.3803
3 359 0 -982.344 0
3 359 0 -977.031 14.1462
3 359 0 -971.719 13.2219
3 359 0 -966.406 13.1353
3 359 0 -961.094 14.3976
3 359 0 -955.781 14.0201
3 359 0 -950.469 14.8935
3 359 0 -945.156 14.1827
3 359 0 -939.844 0
3 359 0 -934.531 14.7194
3 359 0 -929.219 0
3 359 0 -923.906 16.6069
3 359 0 -918.594 0
3 359 0 -913.281 13.8671
3 359 0 -907.969 0
3 359 0 -902.656 11.3787
3 359 0 -897.344 0
3 359 0 -892.031 12.5929
3 359 0 -886.719 0
3 359 0 -881.406 12.1748
3 359 0 -876.094 0
3 359 0 -870.781 15.8477
3 359 0 -865.469 11.682
3 359 0 -860.156 15.6313
3 359 0 -854.844 14.4213
3 359 0 -849.531 15.7738
3 359 0 -844.219 14.705
3 359 0 -838.906 14.7859
3 359 0 -833.594 13.3068
3 359 0 -828.281 13.7267
3 359 0 -822.969 13.0216
3 359 0 -817.656 12.2816
3 359 0 -812.344 11.1659
3 359 0 -807.031 12.0329
3 359 0 -801.719 12.0518
3 359 0 -796.406 12.6297
3 359 0 -791.094 11.7518
3 359 0 -785.781 13.7807
3 359 0 -780.469 13.1486
3 359 0 -775.156 8.77073
3 359 0 -769.844 12.5459
3 359 0 -764.531 13.9092
3 359 0 -759.219 14.3742
3 359 0 -753.906 14.6709
3 359 0 -748.594 12.7213
3 359 0 -743.281 13.6042
3 359 0 -737.969 12.2742
3 359 0 -732.656 13.4207
3 359 0 -727.344 11.5625
3 359 0 -722.031 12.9875
3 359 0 -716.719 0
3 359 0 -711.406 14.789
3 359 0 -706.094 13.6388
3 359 0 -700.781 14.8061
3 359 0 -695.469 13.454
3 359 0 -690.156 0
3 359 0 -684.844 14.491
3 359 0 -679.531 0
3 359 0 -674.219 14.1696
3 359 0 -668.906 0
3 359 0 -663.594 14.1986
3 359 0 -658.281 13.2748
3 359 0 -652.969 0
3 359 0 -647.656 15.2575
3 359 0 -642.344 17.6969
3 359 0 -637.031 17.1115
3 359 0 -631.719 17.9895
3 359 0 -626.406 15.4648
3 359 0 -621.094 18.5781
3 359 0 -615.781 0
3 359 0 -610.469 18.4676
3 359 0 -605.156 0
3 359 0 -599.844 0
3 359 0 -594.531 0
3 359 0 -589.219 0
3 359 0 -583.906 0
3 359 0 -578.594 0
3 359 0 -573.281 0
3 359 0 -567.969 0
4 359 0 -1242.66 0
4 359 0 -1237.34 0
4 359 0 -1232.03 0
4 359 0 -1226.72 0
4 359 0 -1221.41 0
4 359 0 -1216.09 0
4 359 0 -1210.78 0
4 359 0 -1205.47 0
4 359 0 -1200.16 0
4 359 0 -1194.84 0
4 359 0 -1189.53 13.2215
4 359 0 -1184.22 18.0335
4 359 0 -1178.91 16.923
4 359 0 -1173.59 20.9614
4 359 0 -1168.28 21.847
4 359 0 -1162.97 0
4 359 0 -1157.66 20.7747
4 359 0 -1152.34 19.4366
4 359 0 -1147.03 0
4 359 0 -1141.72 21.3681
4 359 0 -1136.41 0
4 359 0 -1131.09 24.7015
4 359 0 -1125.78 23.3024
4 359 0 -1120.47 23.2622
4 359 0 -1115.16 20.5916
4 359 0 -1109.84 22.6737
4 359 0 -1104.53 20.9566
4 359 0 -1099.22 19.3615
4 359 0 -1093.91 20.8097
4 359 0 -1088.59 20.6215
4 359 0 -1083.28 19.9484
4 359 0 -1077.97 18.9559
4 359 0 -1072.66 18.9063
4 359 0 -1067.34 20.7575
4 359 0 -1062.03 22.0992
4 359 0 -1056.72 21.8863
4 359 0 -1051.41 20.1039
4 359 0 -1046.09 0
4 359 0 -1040.78 18.6938
4 359 0 -1035.47 18.4184
4 359 0 -1030.16 11.1259
4 359 0 -1024.84 20.3256
4 359 0 -1019.53 19.0404
4 359 0 -1014.22 10.7698
4 359 0 -1008.91 20.274
4 359 0 -1003.59 0
4 359 0 -998.281 20.6114
4 359 0 -992.969 0
4 359 0 -987.656 20.1136
4 359 0 -982.344 0
4 359 0 -977.031 20.2326
4 359 0 -971.719 19.8961
4 359 0 -966.406 20.1531
4 359 0 -961.094 19.4606
4 359 0 -955.781 20.0737
4 359 0 -950.469 20.6668
4 359 0 -945.156 21.109
4 359 0 -939.844 0
4 359 0 -934.531 21.2866
4 359 0 -929.219 0
4 359 0 -923.906 19.1741
4 359 0 -918.594 0
4 359 0 -913.281 19.4324
4 359 0 -907.969 0
4 359 0 -902.656 21.3193
4 359 0 -897.344 0
4 359 0 -892.031 19.6452
4 359 0 -886.719 0
4 359 0 -881.406 18.928
4 359 0 -876.094 0
4 359 0 -870.781 19.144
4 359 0 -865.469 19.1626
4 359 0 -860.156 19.8963
4 359 0 -854.844 19.1821
4 359 0 -849.531 12.3369
4 359 0 -844.219 20.0654
4 359 0 -838.906 18.8411
4 359 0 -833.594 20.6919
4 359 0 -828.281 21.6602
4 359 0 -822.969 10.3447
4 359 0 -817.656 21.6554
4 359 0 -812.344 17.6774
4 359 0 -807.031 21.2857
4 359 0 -801.719 19.4505
4 359 0 -796.406 20.8712
4 359 0 -791.094 18.68
4 359 0 -785.781 20.7658
4 359 0 -780.469 18.7797
4 359 0 -775.156 21.2045
4 359 0 -769.844 18.1896
4 359 0 -764.531 21.6492
4 359 0 -759.219 19.6363
4 359 0 -753.906 21.4897
4 359 0 -748.594 20.3454
4 359 0 -743.281 21.7626
4 359 0 -737.969 20.4516
4 359 0 -732.656 21.7806
4 359 0 -727.344 20.6387
4 359 0 -722.031 21.639
4 359 0 -716.719 0
4 359 0 -711.406 22.2144
4 359 0 -706.094 19.9521
4 359 0 -700.781 21.6336
4 359 0 -695.469 19.735
4 359 0 -690.156 0
4 359 0 -684.844 21.0275
4 359 0 -679.531 0
4 359 0 -674.219 21.8315
4 359 0 -668.906 0
4 359 0 -663.594 15.7824
4 359 0 -658.281 20.9962
4 359 0 -652.969 0
4 359 0 -647.656 15.3527
4 359 0 -642.344 21.6211
4 359 0 -637.031 13.4568
4 359 0 -631.719 22.6693
4 359 0 -626.406 18.6266
4 359 0 -621.094 22.6517
4 359 0 -615.781 0
4 359 0 -610.469 22.9765
4 359 0 -605.156 0
4 359 0 -599.844 0
4 359 0 -594.531 0
4 359 0 -589.219 0
4 359 0 -583.906 0
4 359 0 -578.594 0
4 359 0 -573.281 0
4 359 0 -567.969 0
5 359 0 -1694.57 0
5 359 0 -1685.43 0
5 359 0 -1676.29 0
5 359 0 -1667.15 0
5 359 0 -1658.01 0
5 359 0 -1648.87 0
5 359 0 -1639.73 0
5 359 0 -1630.59 0
5 359 0 -1621.45 0
5 359 0 -1612.3 0
5 359 0 -1603.16 0
5 359 0 -1594.02 7.85061
5 359 0 -1584.88 7.57478
5 359 0 -1575.74 8.52774
5 359 0 -1566.6 6.32376
5 359 0 -1557.46 6.8298
5 359 0 -1548.32 6.98998
5 359 0 -1539.18 8.8433
5 359 0 -1530.04 8.12169
5 359 0 -1520.9 7.87193
5 359 0 -1511.76 8.02986
5 359 0 -1502.62 8.3794
5 359 0 -1493.48 8.85568
5 359 0 -1484.34 8.90851
5 359 0 -1475.2 8.01415
5 359 0 -1466.05 7.95999
5 359 0 -1456.91 8.38339
5 359 0 -1447.77 8.57249
5 359 0 -1438.63 8.98505
5 359 0 -1429.49 8.7452
5 359 0 -1420.35 8.44857
5 359 0 -1411.21 8.91927
5 359 0 -1402.07 8.44501
5 359 0 -1392.93 7.78901
5 359 0 -1383.79 8.21566
5 359 0 -1374.65 8.68838
5 359 0 -1365.51 8.49897
5 359 0 -1356.37 9.13211
5 359 0 -1347.23 9.13544
5 359 0 -1338.09 9.93336
5 359 0 -1328.95 9.36173
5 359 0 -1319.8 8.97833
5 359 0 -1310.66 10.9831
5 359 0 -1301.52 10.5679
5 359 0 -1292.38 10.2975
5 359 0 -1283.24 10.558
5 359 0 -1274.1 12.1795
5 359 0 -1264.96 11.2912
5 359 0 -1255.82 10.0605
5 359 0 -1246.68 13.493
5 359 0 -1237.54 10.5276
5 359 0 -1228.4 9.41435
5 359 0 -1219.26 10.9659
5 359 0 -1210.12 10.0425
5 359 0 -1200.98 9.1802
5 359 0 -1191.84 10.3314
5 359 0 -1182.7 11.8614
5 359 0 -1173.55 10.6889
5 359 0 -1164.41 12.1725
5 359 0 -1155.27 10.9162
5 359 0 -1146.13 0
5 359 0 -1136.99 11.6727
5 359 0 -1127.85 11.1853
5 359 0 -1118.71 11.72
5 359 0 -1109.57 11.654
5 359 0 -1100.43 10.5082
5 359 0 -1091.29 11.3279
5 359 0 -1082.15 11.8477
5 359 0 -1073.01 11.3339
5 359 0 -1063.87 12.224
5 359 0 -1054.73 13.191
5 359 0 -1045.59 13.0492
5 359 0 -1036.45 14.2344
5 359 0 -1027.3 18.6315
5 359 0 -1018.16 14.76
5 359 0 -1009.02 15.5617
5 359 0 -999.883 15.1018
5 359 0 -990.742 13.0516
5 359 0 -981.602 12.5146
5 359 0 -972.461 13.5916
5 359 0 -963.32 13.8334
5 359 0 -954.18 14.1865
5 359 0 -945.039 14.0189
5 359 0 -935.898 13.6221
5 359 0 -926.758 14.9587
5 359 0 -917.617 14.7837
5 359 0 -908.477 15.3168
5 359 0 -899.336 13.7147
5 359 0 -890.195 15.3188
5 359 0 -881.055 17.1221
5 359 0 -871.914 18.3569
5 359 0 -862.773 18.9711
5 359 0 -853.633 17.2877
5 359 0 -844.492 16.5408
5 359 0 -835.352 15.788
5 359 0 -826.211 15.5301
5 359 0 -817.07 14.5441
5 359 0 -807.93 15.5519
5 359 0 -798.789 16.3022
5 359 0 -789.648 15.3132
5 359 0 -780.508 13.5307
5 359 0 -771.367 14.199
5 359 0 -762.227 14.9703
5 359 0 -753.086 16.1806
5 359 0 -743.945 17.541
5 359 0 -734.805 17.3529
5 359 0 -725.664 15.9925
5 359 0 -716.523 15.2538
5 359 0 -707.383 17.8163
5 359 0 -698.242 20.6515
5 359 0 -689.102 22.2044
5 359 0 -679.961 20.289
5 359 0 -670.82 20.7701
5 359 0 -661.68 20.1066
5 359 0 -652.539 17.6992
5 359 0 -643.398 16.227
5 359 0 -634.258 13.0974
5 359 0 -625.117 11.7703
5 359 0 -615.977 13.0116
5 359 0 -606.836 15.4979
5 359 0 -597.695 0
5 359 0 -588.555 0
5 359 0 -579.414 0
5 359 0 -570.273 0
5 359 0 -561.133 0
5 359 0 -551.992 0
5 359 0 -542.852 0
5 359 0 -533.711 0
1 360 0 -1252.7 0
1 360 0 -1247.3 0
1 360 0 -1241.91 0
1 360 0 -1236.52 0
1 360 0 -1231.13 0
1 360 0 -1225.74 0
1 360 0 -1220.35 0
1 360 0 -1214.96 0
1 360 0 -1209.57 0
1 360 0 -1204.18 0
1 360 0 -1198.79 22.8562
1 360 0 -1193.4 19.1306
1 360 0 -1188.01 22.9551
1 360 0 -1182.62 22.4299
1 360 0 -1177.23 21.255
1 360 0 -1171.84 24.8656
1 360 0 -1166.45 22.2125
1 360 0 -1161.05 25.6205
1 360 0 -1155.66 22.0511
1 360 0 -1150.27 25.605
1 360 0 -1144.88 23.3183
1 360 0 -1139.49 0
1 360 0 -1134.1 24.6756
1 360 0 -1128.71 0
1 360 0 -1123.32 19.7917
1 360 0 -1117.93 0
1 360 0 -1112.54 21.0319
1 360 0 -1107.15 0
1 360 0 -1101.76 23.4852
1 360 0 -1096.37 0
1 360 0 -1090.98 22.8882
1 360 0 -1085.59 0
1 360 0 -1080.2 21.5225
1 360 0 -1074.8 0
1 360 0 -1069.41 21.6723
1 360 0 -1064.02 22.2782
1 360 0 -1058.63 0
1 360 0 -1053.24 21.3601
1 360 0 -1047.85 0
1 360 0 -1042.46 23.4102
1 360 0 -1037.07 23.4276
1 360 0 -1031.68 22.3424
1 360 0 -1026.29 23.7103
1 360 0 -1020.9 22.6264
1 360 0 -1015.51 24.0324
1 360 0 -1010.12 22.9056
1 360 0 -1004.73 0
1 360 0 -999.336 22.6384
1 360 0 -993.945 23.4395
1 360 0 -988.555 22.5693
1 360 0 -983.164 24.1504
1 360 0 -977.773 22.3604
1 360 0 -972.383 22.465
1 360 0 -966.992 0
1 360 0 -961.602 22.3055
1 360 0 -956.211 22.9881
1 360 0 -950.82 22.1705
1 360 0 -945.43 21.9994
1 360 0 -940.039 22.2819
1 360 0 -934.648 22.201
1 360 0 -929.258 22.504
1 360 0 -923.867 23.1998
1 360 0 -918.477 22.7071
1 360 0 -913.086 0
1 360 0 -907.695 22.2003
1 360 0 -902.305 0
1 360 0 -896.914 21.6881
1 360 0 -891.523 0
1 360 0 -886.133 21.0755
1 360 0 -880.742 0
1 360 0 -875.352 21.2393
1 360 0 -869.961 0
1 360 0 -864.57 0
1 360 0 -859.18 20.4849
1 360 0 -853.789 0
1 360 0 -848.398 21.2325
1 360 0 -843.008 0
1 360 0 -837.617 20.6466
1 360 0 -832.227 0
1 360 0 -826.836 18.8871
1 360 0 -821.445 0
1 360 0 -816.055 0
1 360 0 -810.664 20.3245
1 360 0 -805.273 0
1 360 0 -799.883 18.8935
1 360 0 -794.492 0
1 360 0 -789.102 19.2568
1 360 0 -783.711 0
1 360 0 -778.32 20.4958
1 360 0 -772.93 0
1 360 0 -767.539 18.8758
1 360 0 -762.148 16.9361
1 360 0 -756.758 0
1 360 0 -751.367 16.4241
1 360 0 -745.977 0
1 360 0 -740.586 0
1 360 0 -735.195 17.0575
1 360 0 -729.805 0
1 360 0 -724.414 14.397
1 360 0 -719.023 0
1 360 0 -713.633 14.8498
1 360 0 -708.242 0
1 360 0 -702.852 0
1 360 0 -697.461 17.6822
1 360 0 -692.07 18.0425
1 360 0 -686.68 18.8915
1 360 0 -681.289 0
1 360 0 -675.898 21.0941
1 360 0 -670.508 20.4352
1 360 0 -665.117 0
1 360 0 -659.727 0
1 360 0 -654.336 21.1054
1 360 0 -648.945 0
1 360 0 -643.555 20.7593
1 360 0 -638.164 0
1 360 0 -632.773 0
1 360 0 -627.383 21.3204
1 360 0 -621.992 0
1 360 0 -616.602 21.7711
1 360 0 -611.211 0
1 360 0 -605.82 0
1 360 0 -600.43 0
1 360 0 -595.039 0
1 360 0 -589.648 0
1 360 0 -584.258 0
1 360 0 -578.867 0
1 360 0 -573.477 0
1 360 0 -568.086 0
2 360 0 -1252.7 0
2 360 0 -1247.3 0
2 360 0 -1241.91 0
2 360 0 -1236.52 0
2 360 0 -1231.13 0
2 360 0 -1225.74 0
2 360 0 -1220.35 0
2 360 0 -1214.96 0
2 360 0 -1209.57 0
2 360 0 -1204.18 0
2 360 0 -1198.79 27.2086
2 360 0 -1193.4 13.6048
2 360 0 -1188.01 19.5889
2 360 0 -1182.62 25.3813
2 360 0 -1177.23 28.887
2 360 0 -1171.84 32.2552
2 360 0 -1166.45 22.437
2 360 0 -1161.05 38.133
2 360 0 -1155.66 22.0044
2 360 0 -1150.27 34.1272
2 360 0 -1144.88 27.6368
2 360 0 -1139.49 0
2 360 0 -1134.1 31.3925
2 360 0 -1128.71 0
2 360 0 -1123.32 24.0415
2 360 0 -1117.93 0
2 360 0 -1112.54 25.2309
2 360 0 -1107.15 0
2 360 0 -1101.76 22.7918
2 360 0 -1096.37 0
2 360 0 -1090.98 11.1172
2 360 0 -1085.59 0
2 360 0 -1080.2 20.2322
2 360 0 -1074.8 0
2 360 0 -1069.41 19.9783
2 360 0 -1064.02 23.1308
2 360 0 -1058.63 0
2 360 0 -1053.24 24.606
2 360 0 -1047.85 0
2 360 0 -1042.46 28.1436
2 360 0 -1037.07 11.3624
2 360 0 -1031.68 29.2819
2 360 0 -1026.29 31.623
2 360 0 -1020.9 28.6953
2 360 0 -1015.51 31.5008
2 360 0 -1010.12 27.3715
2 360 0 -1004.73 0
2 360 0 -999.336 27.9381
2 360 0 -993.945 34.8135
2 360 0 -988.555 22.4817
2 360 0 -983.164 32.8849
2 360 0 -977.773 24.9642
2 360 0 -972.383 26.7494
2 360 0 -966.992 0
2 360 0 -961.602 27.7497
2 360 0 -956.211 30.8839
2 360 0 -950.82 28.6974
2 360 0 -945.43 11.6047
2 360 0 -940.039 28.0021
2 360 0 -934.648 26.875
2 360 0 -929.258 17.0304
2 360 0 -923.867 28.955
2 360 0 -918.477 25.9497
2 360 0 -913.086 0
2 360 0 -907.695 25.2691
2 360 0 -902.305 0
2 360 0 -896.914 25.5732
2 360 0 -891.523 0
2 360 0 -886.133 25.6433
2 360 0 -880.742 0
2 360 0 -875.352 28.2243
2 360 0 -869.961 0
2 360 0 -864.57 0
2 360 0 -859.18 29.5607
2 360 0 -853.789 0
2 360 0 -848.398 28.1588
2 360 0 -843.008 0
2 360 0 -837.617 33.9483
2 360 0 -832.227 0
2 360 0 -826.836 29.9814
2 360 0 -821.445 0
2 360 0 -816.055 0
2 360 0 -810.664 20.1289
2 360 0 -805.273 0
2 360 0 -799.883 19.7372
2 360 0 -794.492 0
2 360 0 -789.102 26.6826
2 360 0 -783.711 0
2 360 0 -778.32 27.8786
2 360 0 -772.93 0
2 360 0 -767.539 26.3541
2 360 0 -762.148 24.9822
2 360 0 -756.758 0
2 360 0 -751.367 25.5312
2 360 0 -745.977 0
2 360 0 -740.586 0
2 360 0 -735.195 29.9764
2 360 0 -729.805 0
2 360 0 -724.414 23.483
2 360 0 -719.023 0
2 360 0 -713.633 20.9386
2 360 0 -708.242 0
2 360 0 -702.852 0
2 360 0 -697.461 28.5277
2 360 0 -692.07 11.8048
2 360 0 -686.68 19.6021
2 360 0 -681.289 0
2 360 0 -675.898 25.6257
2 360 0 -670.508 23.7124
2 360 0 -665.117 0
2 360 0 -659.727 0
2 360 0 -654.336 23.5275
2 360 0 -648.945 0
2 360 0 -643.555 28.2673
2 360 0 -638.164 0
2 360 0 -632.773 0
2 360 0 -627.383 22.5459
2 360 0 -621.992 0
2 360 0 -616.602 17.88
2 360 0 -611.211 0
2 360 0 -605.82 0
2 360 0 -600.43 0
2 360 0 -595.039 0
2 360 0 -589.648 0
2 360 0 -584.258 0
2 360 0 -578.867 0
2 360 0 -573.477 0
2 360 0 -568.086 0
3 360 0 -1252.7 0
3 360 0 -1247.3 0
3 360 0 -1241.91 0
3 360 0 -1236.52 0
3 360 0 -1231.13 0
3 360 0 -1225.74 0
3 360 0 -1220.35 0
3 360 0 -1214.96 0
3 360 0 -1209.57 0
3 360 0 -1204.18 0
3 360 0 -1198.79 9.50718
3 360 0 -1193.4 7.08334
3 360 0 -1188.01 9.48021
3 360 0 -1182.62 9.44153
3 360 0 -1177.23 7.72458
3 360 0 -1171.84 11.8392
3 360 0 -1166.45 11.3331
3 360 0 -1161.05 11.6352
3 360 0 -1155.66 10.9114
3 360 0 -1150.27 13.2782
3 360 0 -1144.88 13.8387
3 360 0 -1139.49 0
3 360 0 -1134.1 14.5346
3 360 0 -1128.71 0
3 360 0 -1123.32 6.04594
3 360 0 -1117.93 0
3 360 0 -1112.54 7.05371
3 360 0 -1107.15 0
3 360 0 -1101.76 8.72049
3 360 0 -1096.37 0
3 360 0 -1090.98 9.68033
3 360 0 -1085.59 0
3 360 0 -1080.2 6.5503
3 360 0 -1074.8 0
3 360 0 -1069.41 7.1659
3 360 0 -1064.02 7.87554
3 360 0 -1058.63 0
3 360 0 -1053.24 7.33413
3 360 0 -1047.85 0
3 360 0 -1042.46 6.09688
3 360 0 -1037.07 6.79298
3 360 0 -1031.68 6.16603
3 360 0 -1026.29 7.98417
3 360 0 -1020.9 6.22325
3 360 0 -1015.51 7.1134
3 360 0 -1010.12 7.07363
3 360 0 -1004.73 0
3 360 0 -999.336 7.49295
3 360 0 -993.945 7.88775
3 360 0 -988.555 9.95468
3 360 0 -983.164 8.06621
3 360 0 -977.773 8.0159
3 360 0 -972.383 8.08429
3 360 0 -966.992 0
3 360 0 -961.602 7.70675
3 360 0 -956.211 7.41773
3 360 0 -950.82 7.45116
3 360 0 -945.43 7.40534
3 360 0 -940.039 7.80585
3 360 0 -934.648 8.7994
3 360 0 -929.258 7.75447
3 360 0 -923.867 8.36793
3 360 0 -918.477 7.05173
3 360 0 -913.086 0
3 360 0 -907.695 6.51167
3 360 0 -902.305 0
3 360 0 -896.914 7.05823
3 360 0 -891.523 0
3 360 0 -886.133 7.46282
3 360 0 -880.742 0
3 360 0 -875.352 8.3338
3 360 0 -869.961 0
3 360 0 -864.57 0
3 360 0 -859.18 7.93829
3 360 0 -853.789 0
3 360 0 -848.398 6.92753
3 360 0 -843.008 0
3 360 0 -837.617 8.58739
3 360 0 -832.227 0
3 360 0 -826.836 6.55139
3 360 0 -821.445 0
3 360 0 -816.055 0
3 360 0 -810.664 7.0049
3 360 0 -805.273 0
3 360 0 -799.883 6.20882
3 360 0 -794.492 0
3 360 0 -789.102 6.66728
3 360 0 -783.711 0
3 360 0 -778.32 8.10144
3 360 0 -772.93 0
3 360 0 -767.539 8.0998
3 360 0 -762.148 8.49713
3 360 0 -756.758 0
3 360 0 -751.367 7.55074
3 360 0 -745.977 0
3 360 0 -740.586 0
3 360 0 -735.195 8.41733
3 360 0 -729.805 0
3 360 0 -724.414 6.23125
3 360 0 -719.023 0
3 360 0 -713.633 6.64917
3 360 0 -708.242 0
3 360 0 -702.852 0
3 360 0 -697.461 7.87476
3 360 0 -692.07 8.33426
3 360 0 -686.68 7.8004
3 360 0 -681.289 0
3 360 0 -675.898 6.89011
3 360 0 -670.508 6.92794
3 360 0 -665.117 0
3 360 0 -659.727 0
3 360 0 -654.336 7.60342
3 360 0 -648.945 0
3 360 0 -643.555 8.64655
3 360 0 -638.164 0
3 360 0 -632.773 0
3 360 0 -627.383 7.96848
3 360 0 -621.992 0
3 360 0 -616.602 9.59422
3 360 0 -611.211 0
3 360 0 -605.82 0
3 360 0 -600.43 0
3 360 0 -595.039 0
3 360 0 -589.648 0
3 360 0 -584.258 0
3 360 0 -578.867 0
3 360 0 -573.477 0
3 360 0 -568.086 0
4 360 0 -1252.7 0
4 360 0 -1247.3 0
4 360 0 -1241.91 0
4 360 0 -1236.52 0
4 360 0 -1231.13 0
4 360 0 -1225.74 0
4 360 0 -1220.35 0
4 360 0 -1214.96 0
4 360 0 -1209.57 0
4 360 0 -1204.18 0
4 360 0 -1198.79 16.5349
4 360 0 -1193.4 9.65229
4 360 0 -1188.01 17.0631
4 360 0 -1182.62 17.7224
4 360 0 -1177.23 11.9585
4 360 0 -1171.84 20.6278
4 360 0 -1166.45 18.181
4 360 0 -1161.05 14.3274
4 360 0 -1155.66 14.0976
4 360 0 -1150.27 17.5009
4 360 0 -1144.88 15.1518
4 360 0 -1139.49 20.0148
4 360 0 -1134.1 17.3645
4 360 0 -1128.71 23.3012
4 360 0 -1123.32 8.81583
4 360 0 -1117.93 22.4233
4 360 0 -1112.54 16.0074
4 360 0 -1107.15 0
4 360 0 -1101.76 18.4995
4 360 0 -1096.37 0
4 360 0 -1090.98 17.6104
4 360 0 -1085.59 0
4 360 0 -1080.2 15.9685
4 360 0 -1074.8 0
4 360 0 -1069.41 16.0752
4 360 0 -1064.02 10.4779
4 360 0 -1058.63 21.4273
4 360 0 -1053.24 8.94195
4 360 0 -1047.85 21.7178
4 360 0 -1042.46 9.42648
4 360 0 -1037.07 18.6247
4 360 0 -1031.68 8.59498
4 360 0 -1026.29 16.8575
4 360 0 -1020.9 9.29494
4 360 0 -1015.51 14.9496
4 360 0 -1010.12 10.0977
4 360 0 -1004.73 18.1241
4 360 0 -999.336 10.5536
4 360 0 -993.945 14.044
4 360 0 -988.555 9.96655
4 360 0 -983.164 11.4926
4 360 0 -977.773 10.3559
4 360 0 -972.383 13.156
4 360 0 -966.992 19.6738
4 360 0 -961.602 8.94313
4 360 0 -956.211 15.8782
4 360 0 -950.82 9.76964
4 360 0 -945.43 15.0088
4 360 0 -940.039 9.98814
4 360 0 -934.648 16.1731
4 360 0 -929.258 8.38043
4 360 0 -923.867 12.4328
4 360 0 -918.477 9.44766
4 360 0 -913.086 16.5346
4 360 0 -907.695 10.409
4 360 0 -902.305 19.1279
4 360 0 -896.914 8.95488
4 360 0 -891.523 19.2469
4 360 0 -886.133 12.9324
4 360 0 -880.742 0
4 360 0 -875.352 13.7127
4 360 0 -869.961 0
4 360 0 -864.57 17.9244
4 360 0 -859.18 8.62041
4 360 0 -853.789 19.3471
4 360 0 -848.398 9.14583
4 360 0 -843.008 19.9334
4 360 0 -837.617 10.2541
4 360 0 -832.227 14.1895
4 360 0 -826.836 9.23498
4 360 0 -821.445 13.7234
4 360 0 -816.055 0
4 360 0 -810.664 14.0714
4 360 0 -805.273 0
4 360 0 -799.883 13.4657
4 360 0 -794.492 0
4 360 0 -789.102 13.4788
4 360 0 -783.711 0
4 360 0 -778.32 14.045
4 360 0 -772.93 0
4 360 0 -767.539 14.5092
4 360 0 -762.148 10.9055
4 360 0 -756.758 19.1563
4 360 0 -751.367 9.55011
4 360 0 -745.977 19.5473
4 360 0 -740.586 0
4 360 0 -735.195 17.2089
4 360 0 -729.805 0
4 360 0 -724.414 15.3945
4 360 0 -719.023 0
4 360 0 -713.633 15.7482
4 360 0 -708.242 0
4 360 0 -702.852 0
4 360 0 -697.461 15.6842
4 360 0 -692.07 11.9013
4 360 0 -686.68 15.3005
4 360 0 -681.289 0
4 360 0 -675.898 16.2216
4 360 0 -670.508 11.8231
4 360 0 -665.117 0
4 360 0 -659.727 20.9812
4 360 0 -654.336 10.795
4 360 0 -648.945 21.043
4 360 0 -643.555 13.676
4 360 0 -638.164 20.6226
4 360 0 -632.773 0
4 360 0 -627.383 16.9212
4 360 0 -621.992 21.547
4 360 0 -616.602 14.311
4 360 0 -611.211 21.6414
4 360 0 -605.82 0
4 360 0 -600.43 0
4 360 0 -595.039 0
4 360 0 -589.648 0
4 360 0 -584.258 0
4 360 0 -578.867 0
4 360 0 -573.477 0
4 360 0 -568.086 0
5 360 0 -1483.67 0
5 360 0 -1476.33 0
5 360 0 -1468.98 0
5 360 0 -1461.64 0
5 360 0 -1454.3 0
5 360 0 -1446.95 0
5 360 0 -1439.61 0
5 360 0 -1432.27 0
5 360 0 -1424.92 0
5 360 0 -1417.58 0
5 360 0 -1410.23 0
5 360 0 -1402.89 4.58321
5 360 0 -1395.55 0
5 360 0 -1388.2 4.65347
5 360 0 -1380.86 0
5 360 0 -1373.52 0
5 360 0 -1366.17 6.23932
5 360 0 -1358.83 6.79738
5 360 0 -1351.48 8.46147
5 360 0 -1344.14 0
5 360 0 -1336.8 8.44183
5 360 0 -1329.45 8.84538
5 360 0 -1322.11 7.56353
5 360 0 -1314.77 0
5 360 0 -1307.42 6.33493
5 360 0 -1300.08 5.61068
5 360 0 -1292.73 8.96866
5 360 0 -1285.39 9.26913
5 360 0 -1278.05 7.80953
5 360 0 -1270.7 10.6893
5 360 0 -1263.36 9.58747
5 360 0 -1256.02 8.64797
5 360 0 -1248.67 8.954
5 360 0 -1241.33 10.5057
5 360 0 -1233.98 8.93986
5 360 0 -1226.64 8.49941
5 360 0 -1219.3 8.10495
5 360 0 -1211.95 9.15659
5 360 0 -1204.61 7.87083
5 360 0 -1197.27 9.15504
5 360 0 -1189.92 8.90615
5 360 0 -1182.58 8.98508
5 360 0 -1175.23 9.39071
5 360 0 -1167.89 8.86648
5 360 0 -1160.55 9.78834
5 360 0 -1153.2 9.99897
5 360 0 -1145.86 10.1989
5 360 0 -1138.52 10.2418
5 360 0 -1131.17 10.4909
5 360 0 -1123.83 0
5 360 0 -1116.48 9.36352
5 360 0 -1109.14 10.4315
5 360 0 -1101.8 10.0905
5 360 0 -1094.45 4.31713
5 360 0 -1087.11 9.82392
5 360 0 -1079.77 10.7138
5 360 0 -1072.42 10.2266
5 360 0 -1065.08 5.14538
5 360 0 -1057.73 10.8122
5 360 0 -1050.39 12.3506
5 360 0 -1043.05 5.60031
5 360 0 -1035.7 10.6134
5 360 0 -1028.36 10.9279
5 360 0 -1021.02 9.72351
5 360 0 -1013.67 0
5 360 0 -1006.33 9.29635
5 360 0 -998.984 10.0022
5 360 0 -991.641 6.93307
5 360 0 -984.297 9.45891
5 360 0 -976.953 9.7199
5 360 0 -969.609 7.35698
5 360 0 -962.266 9.66593
5 360 0 -954.922 12.7829
5 360 0 -947.578 10.596
5 360 0 -940.234 6.33075
5 360 0 -932.891 9.33234
5 360 0 -925.547 9.668
5 360 0 -918.203 11.1504
5 360 0 -910.859 6.33336
5 360 0 -903.516 13.0873
5 360 0 -896.172 10.9187
5 360 0 -888.828 6.78544
5 360 0 -881.484 15.5836
5 360 0 -874.141 12.8344
5 360 0 -866.797 0
5 360 0 -859.453 12.2487
5 360 0 -852.109 11.9702
5 360 0 -844.766 16.0746
5 360 0 -837.422 7.07548
5 360 0 -830.078 15.955
5 360 0 -822.734 10.5993
5 360 0 -815.391 7.50548
5 360 0 -808.047 14.3248
5 360 0 -800.703 11.5866
5 360 0 -793.359 6.53948
5 360 0 -786.016 14.4319
5 360 0 -778.672 10.7408
5 360 0 -771.328 6.37339
5 360 0 -763.984 14.1585
5 360 0 -756.641 11.2922
5 360 0 -749.297 7.5742
5 360 0 -741.953 15.4717
5 360 0 -734.609 12.81
5 360 0 -727.266 7.41821
5 360 0 -719.922 17.0152
5 360 0 -712.578 11.6206
5 360 0 -705.234 0
5 360 0 -697.891 13.3642
5 360 0 -690.547 8.62835
5 360 0 -683.203 14.1812
5 360 0 -675.859 14.6453
5 360 0 -668.516 8.40065
5 360 0 -661.172 18.9964
5 360 0 -653.828 8.06442
5 360 0 -646.484 18.1521
5 360 0 -639.141 11.6366
5 360 0 -631.797 13.8708
5 360 0 -624.453 6.18954
5 360 0 -617.109 11.4897
5 360 0 -609.766 13.9399
5 360 0 -602.422 0
5 360 0 -595.078 0
5 360 0 -587.734 0
5 360 0 -580.391 0
5 360 0 -573.047 0
5 360 0 -565.703 0
5 360 0 -558.359 0
5 360 0 -551.016 0
1 361 0 -981.602 0
1 361 0 -978.398 0
1 361 0 -975.195 0
1 361 0 -971.992 0
1 361 0 -968.789 0
1 361 0 -965.586 0
1 361 0 -962.383 0
1 361 0 -959.18 0
1 361 0 -955.977 0
1 361 0 -952.773 0
1 361 0 -949.57 6.97221
1 361 0 -946.367 0
1 361 0 -943.164 0
1 361 0 -939.961 7.03636
1 361 0 -936.758 7.51595
1 361 0 -933.555 0
1 361 0 -930.352 7.79245
1 361 0 -927.148 0
1 361 0 -923.945 7.90356
1 361 0 -920.742 7.84188
1 361 0 -917.539 0
1 361 0 -914.336 0
1 361 0 -911.133 7.16607
1 361 0 -907.93 0
1 361 0 -904.727 0
1 361 0 -901.523 6.21352
1 361 0 -898.32 0
1 361 0 -895.117 0
1 361 0 -891.914 0
1 361 0 -888.711 5.9822
1 361 0 -885.508 0
1 361 0 -882.305 0
1 361 0 -879.102 5.7997
1 361 0 -875.898 0
1 361 0 -872.695 0
1 361 0 -869.492 6.15416
1 361 0 -866.289 0
1 361 0 -863.086 0
1 361 0 -859.883 6.07513
1 361 0 -856.68 0
1 361 0 -853.477 0
1 361 0 -850.273 6.2174
1 361 0 -847.07 5.16424
1 361 0 -843.867 0
1 361 0 -840.664 4.89269
1 361 0 -837.461 3.67885
1 361 0 -834.258 3.83823
1 361 0 -831.055 3.54812
1 361 0 -827.852 4.9616
1 361 0 -824.648 0
1 361 0 -821.445 0
1 361 0 -818.242 4.18071
1 361 0 -815.039 0
1 361 0 -811.836 0
1 361 0 -808.633 3.70419
1 361 0 -805.43 3.84021
1 361 0 -802.227 0
1 361 0 -799.023 0
1 361 0 -795.82 4.143
1 361 0 -792.617 0
1 361 0 -789.414 3.44767
1 361 0 -786.211 3.89758
1 361 0 -783.008 0
1 361 0 -779.805 0
1 361 0 -776.602 0
1 361 0 -773.398 4.05629
1 361 0 -770.195 2.83369
1 361 0 -766.992 0
1 361 0 -763.789 0
1 361 0 -760.586 3.30273
1 361 0 -757.383 0
1 361 0 -754.18 0
1 361 0 -750.977 2.00236
1 361 0 -747.773 3.19352
1 361 0 -744.57 0
1 361 0 -741.367 0
1 361 0 -738.164 1.93189
1 361 0 -734.961 2.25194
1 361 0 -731.758 0
1 361 0 -728.555 0
1 361 0 -725.352 2.21704
1 361 0 -722.148 2.24679
1 361 0 -718.945 0
1 361 0 -715.742 0
1 361 0 -712.539 2.54271
1 361 0 -709.336 2.55987
1 361 0 -706.133 0
1 361 0 -702.93 0
1 361 0 -699.727 3.28195
1 361 0 -696.523 2.96074
1 361 0 -693.32 0
1 361 0 -690.117 0
1 361 0 -686.914 3.87209
1 361 0 -683.711 3.69136
1 361 0 -680.508 0
1 361 0 -677.305 0
1 361 0 -674.102 4.47488
1 361 0 -670.898 0
1 361 0 -667.695 0
1 361 0 -664.492 0
1 361 0 -661.289 5.32622
1 361 0 -658.086 0
1 361 0 -654.883 0
1 361 0 -651.68 6.04087
1 361 0 -648.477 6.78915
1 361 0 -645.273 0
1 361 0 -642.07 7.58619
1 361 0 -638.867 8.01746
1 361 0 -635.664 0
1 361 0 -632.461 8.63185
1 361 0 -629.258 9.74448
1 361 0 -626.055 0
1 361 0 -622.852 10.8272
1 361 0 -619.648 11.9279
1 361 0 -616.445 0
1 361 0 -613.242 0
1 361 0 -610.039 12.3569
1 361 0 -606.836 0
1 361 0 -603.633 0
1 361 0 -600.43 14.2862
1 361 0 -597.227 0
1 361 0 -594.023 0
1 361 0 -590.82 0
1 361 0 -587.617 0
1 361 0 -584.414 0
1 361 0 -581.211 0
1 361 0 -578.008 0
1 361 0 -574.805 0
2 361 0 -1077.01 0
2 361 0 -1072.99 0
2 361 0 -1068.96 0
2 361 0 -1064.94 0
2 361 0 -1060.92 0
2 361 0 -1056.89 0
2 361 0 -1052.87 0
2 361 0 -1048.85 0
2 361 0 -1044.82 0
2 361 0 -1040.8 0
2 361 0 -1036.78 4.84652
2 361 0 -1032.75 0
2 361 0 -1028.73 0
2 361 0 -1024.71 0
2 361 0 -1020.68 0
2 361 0 -1016.66 0
2 361 0 -1012.64 0
2 361 0 -1008.61 0
2 361 0 -1004.59 0
2 361 0 -1000.57 0
2 361 0 -996.543 0
2 361 0 -992.52 0
2 361 0 -988.496 0
2 361 0 -984.473 0
2 361 0 -980.449 4.40354
2 361 0 -976.426 0
2 361 0 -972.402 0
2 361 0 -968.379 0
2 361 0 -964.355 0
2 361 0 -960.332 3.7919
2 361 0 -956.309 0
2 361 0 -952.285 0
2 361 0 -948.262 3.00199
2 361 0 -944.238 0
2 361 0 -940.215 3.01488
2 361 0 -936.191 0
2 361 0 -932.168 0
2 361 0 -928.145 0
2 361 0 -924.121 0
2 361 0 -920.098 0
2 361 0 -916.074 0
2 361 0 -912.051 0
2 361 0 -908.027 0
2 361 0 -904.004 0
2 361 0 -899.98 0
2 361 0 -895.957 0
2 361 0 -891.934 3.14928
2 361 0 -887.91 0
2 361 0 -883.887 0
2 361 0 -879.863 2.19805
2 361 0 -875.84 0
2 361 0 -871.816 3.73812
2 361 0 -867.793 0
2 361 0 -863.77 0
2 361 0 -859.746 3.04508
2 361 0 -855.723 0
2 361 0 -851.699 3.89445
2 361 0 -847.676 3.56762
2 361 0 -843.652 0
2 361 0 -839.629 3.61635
2 361 0 -835.605 3.55753
2 361 0 -831.582 3.63271
2 361 0 -827.559 3.95905
2 361 0 -823.535 0
2 361 0 -819.512 3.41128
2 361 0 -815.488 0
2 361 0 -811.465 3.91746
2 361 0 -807.441 3.184
2 361 0 -803.418 0
2 361 0 -799.395 0
2 361 0 -795.371 3.48668
2 361 0 -791.348 0
2 361 0 -787.324 0
2 361 0 -783.301 3.70149
2 361 0 -779.277 0
2 361 0 -775.254 3.7906
2 361 0 -771.23 2.86364
2 361 0 -767.207 0
2 361 0 -763.184 0
2 361 0 -759.16 3.5676
2 361 0 -755.137 0
2 361 0 -751.113 0
2 361 0 -747.09 3.40657
2 361 0 -743.066 0
2 361 0 -739.043 3.13445
2 361 0 -735.02 4.04839
2 361 0 -730.996 0
2 361 0 -726.973 2.85229
2 361 0 -722.949 3.11033
2 361 0 -718.926 0
2 361 0 -714.902 0
2 361 0 -710.879 3.36438
2 361 0 -706.855 0
2 361 0 -702.832 0
2 361 0 -698.809 3.12338
2 361 0 -694.785 3.64432
2 361 0 -690.762 0
2 361 0 -686.738 3.06126
2 361 0 -682.715 3.49613
2 361 0 -678.691 0
2 361 0 -674.668 3.50584
2 361 0 -670.645 0
2 361 0 -666.621 0
2 361 0 -662.598 3.29966
2 361 0 -658.574 0
2 361 0 -654.551 0
2 361 0 -650.527 8.66428
2 361 0 -646.504 0
2 361 0 -642.48 3.68154
2 361 0 -638.457 0
2 361 0 -634.434 0
2 361 0 -630.41 3.69337
2 361 0 -626.387 0
2 361 0 -622.363 3.90165
2 361 0 -618.34 0
2 361 0 -614.316 0
2 361 0 -610.293 3.80763
2 361 0 -606.27 0
2 361 0 -602.246 3.51681
2 361 0 -598.223 0
2 361 0 -594.199 0
2 361 0 -590.176 0
2 361 0 -586.152 0
2 361 0 -582.129 0
2 361 0 -578.105 0
2 361 0 -574.082 0
2 361 0 -570.059 0
2 361 0 -566.035 0
