1 362 1 -1137.23 0
1 362 1 -1132.77 0
1 362 1 -1128.32 0
1 362 1 -1123.87 0
1 362 1 -1119.41 0
1 362 1 -1114.96 0
1 362 1 -1110.51 0
1 362 1 -1106.05 0
1 362 1 -1101.6 0
1 362 1 -1097.15 0
1 362 1 -1092.7 0
1 362 1 -1088.24 19.5466
1 362 1 -1083.79 0
1 362 1 -1079.34 18.5749
1 362 1 -1074.88 0
1 362 1 -1070.43 17.0132
1 362 1 -1065.98 0
1 362 1 -1061.52 17.0446
1 362 1 -1057.07 0
1 362 1 -1052.62 0
1 362 1 -1048.16 16.8934
1 362 1 -1043.71 0
1 362 1 -1039.26 15.9639
1 362 1 -1034.8 0
1 362 1 -1030.35 15.7266
1 362 1 -1025.9 0
1 362 1 -1021.45 14.8149
1 362 1 -1016.99 0
1 362 1 -1012.54 0
1 362 1 -1008.09 14.7538
1 362 1 -1003.63 0
1 362 1 -999.18 14.4693
1 362 1 -994.727 0
1 362 1 -990.273 14.7963
1 362 1 -985.82 0
1 362 1 -981.367 13.8253
1 362 1 -976.914 0
1 362 1 -972.461 0
1 362 1 -968.008 13.9615
1 362 1 -963.555 0
1 362 1 -959.102 13.7717
1 362 1 -954.648 0
1 362 1 -950.195 14.1111
1 362 1 -945.742 0
1 362 1 -941.289 0
1 362 1 -936.836 15.1023
1 362 1 -932.383 0
1 362 1 -927.93 0
1 362 1 -923.477 15.5373
1 362 1 -919.023 0
1 362 1 -914.57 16.9882
1 362 1 -910.117 0
1 362 1 -905.664 0
1 362 1 -901.211 16.5647
1 362 1 -896.758 0
1 362 1 -892.305 0
1 362 1 -887.852 17.6543
1 362 1 -883.398 0
1 362 1 -878.945 18.5001
1 362 1 -874.492 0
1 362 1 -870.039 19.3054
1 362 1 -865.586 0
1 362 1 -861.133 19.1584
1 362 1 -856.68 0
1 362 1 -852.227 0
1 362 1 -847.773 19.6131
1 362 1 -843.32 0
1 362 1 -838.867 20.6316
1 362 1 -834.414 0
1 362 1 -829.961 19.9135
1 362 1 -825.508 22.8686
1 362 1 -821.055 19.8802
1 362 1 -816.602 0
1 362 1 -812.148 21.5548
1 362 1 -807.695 0
1 362 1 -803.242 0
1 362 1 -798.789 21.9037
1 362 1 -794.336 0
1 362 1 -789.883 24.9021
1 362 1 -785.43 20.7417
1 362 1 -780.977 25.7929
1 362 1 -776.523 22.3966
1 362 1 -772.07 26.0517
1 362 1 -767.617 0
1 362 1 -763.164 22.4873
1 362 1 -758.711 23.9874
1 362 1 -754.258 0
1 362 1 -749.805 22.7805
1 362 1 -745.352 0
1 362 1 -740.898 24.9084
1 362 1 -736.445 27.0667
1 362 1 -731.992 25.0225
1 362 1 -727.539 0
1 362 1 -723.086 25.9507
1 362 1 -718.633 0
1 362 1 -714.18 26.067
1 362 1 -709.727 0
1 362 1 -705.273 0
1 362 1 -700.82 25.1178
1 362 1 -696.367 0
1 362 1 -691.914 28.1709
1 362 1 -687.461 23.2709
1 362 1 -683.008 0
1 362 1 -678.555 28.2273
1 362 1 -674.102 26.5487
1 362 1 -669.648 28.932
1 362 1 -665.195 0
1 362 1 -660.742 26.7522
1 362 1 -656.289 0
1 362 1 -651.836 25.5266
1 362 1 -647.383 0
1 362 1 -642.93 0
1 362 1 -638.477 27.3957
1 362 1 -634.023 0
1 362 1 -629.57 27.2225
1 362 1 -625.117 28.2657
1 362 1 -620.664 22.8753
1 362 1 -616.211 0
1 362 1 -611.758 19.2484
1 362 1 -607.305 0
1 362 1 -602.852 0
1 362 1 -598.398 0
1 362 1 -593.945 0
1 362 1 -589.492 0
1 362 1 -585.039 0
1 362 1 -580.586 0
1 362 1 -576.133 0
1 362 1 -571.68 0
2 362 1 -1192.46 0
2 362 1 -1187.54 0
2 362 1 -1182.62 0
2 362 1 -1177.7 0
2 362 1 -1172.77 0
2 362 1 -1167.85 0
2 362 1 -1162.93 0
2 362 1 -1158.01 0
2 362 1 -1153.09 0
2 362 1 -1148.16 0
2 362 1 -1143.24 3.75683
2 362 1 -1138.32 0
2 362 1 -1133.4 4.47771
2 362 1 -1128.48 4.71047
2 362 1 -1123.55 3.23141
2 362 1 -1118.63 2.40689
2 362 1 -1113.71 0
2 362 1 -1108.79 2.75772
2 362 1 -1103.87 0
2 362 1 -1098.95 2.49496
2 362 1 -1094.02 0
2 362 1 -1089.1 2.22789
2 362 1 -1084.18 0
2 362 1 -1079.26 2.26158
2 362 1 -1074.34 0
2 362 1 -1069.41 2.22901
2 362 1 -1064.49 0
2 362 1 -1059.57 2.71427
2 362 1 -1054.65 0
2 362 1 -1049.73 2.7489
2 362 1 -1044.8 0
2 362 1 -1039.88 2.74126
2 362 1 -1034.96 0
2 362 1 -1030.04 2.45956
2 362 1 -1025.12 0
2 362 1 -1020.2 2.47574
2 362 1 -1015.27 0
2 362 1 -1010.35 2.56124
2 362 1 -1005.43 0
2 362 1 -1000.51 2.28178
2 362 1 -995.586 0
2 362 1 -990.664 2.34445
2 362 1 -985.742 0
2 362 1 -980.82 2.26639
2 362 1 -975.898 0
2 362 1 -970.977 2.27686
2 362 1 -966.055 0
2 362 1 -961.133 2.25297
2 362 1 -956.211 0
2 362 1 -951.289 2.29065
2 362 1 -946.367 0
2 362 1 -941.445 0
2 362 1 -936.523 2.31872
2 362 1 -931.602 0
2 362 1 -926.68 2.28817
2 362 1 -921.758 0
2 362 1 -916.836 0
2 362 1 -911.914 2.31414
2 362 1 -906.992 0
2 362 1 -902.07 2.18564
2 362 1 -897.148 0
2 362 1 -892.227 2.49106
2 362 1 -887.305 0
2 362 1 -882.383 3.07907
2 362 1 -877.461 0
2 362 1 -872.539 0
2 362 1 -867.617 3.0411
2 362 1 -862.695 0
2 362 1 -857.773 2.75505
2 362 1 -852.852 0
2 362 1 -847.93 3.05645
2 362 1 -843.008 0
2 362 1 -838.086 2.64582
2 362 1 -833.164 0
2 362 1 -828.242 2.73992
2 362 1 -823.32 3.5634
2 362 1 -818.398 2.54303
2 362 1 -813.477 3.77157
2 362 1 -808.555 2.37622
2 362 1 -803.633 0
2 362 1 -798.711 2.79431
2 362 1 -793.789 0
2 362 1 -788.867 2.89528
2 362 1 -783.945 0
2 362 1 -779.023 3.78765
2 362 1 -774.102 2.69087
2 362 1 -769.18 3.21168
2 362 1 -764.258 2.70842
2 362 1 -759.336 3.15868
2 362 1 -754.414 0
2 362 1 -749.492 3.13142
2 362 1 -744.57 0
2 362 1 -739.648 3.03727
2 362 1 -734.727 0
2 362 1 -729.805 3.17137
2 362 1 -724.883 3.31338
2 362 1 -719.961 3.09943
2 362 1 -715.039 0
2 362 1 -710.117 2.97332
2 362 1 -705.195 0
2 362 1 -700.273 3.24655
2 362 1 -695.352 0
2 362 1 -690.43 3.75905
2 362 1 -685.508 2.82169
2 362 1 -680.586 3.81275
2 362 1 -675.664 2.79294
2 362 1 -670.742 3.42954
2 362 1 -665.82 0
2 362 1 -660.898 3.46982
2 362 1 -655.977 0
2 362 1 -651.055 2.7562
2 362 1 -646.133 0
2 362 1 -641.211 2.23231
2 362 1 -636.289 3.11126
2 362 1 -631.367 3.02015
2 362 1 -626.445 3.11598
2 362 1 -621.523 2.94083
2 362 1 -616.602 0
2 362 1 -611.68 2.49507
2 362 1 -606.758 0
2 362 1 -601.836 0
2 362 1 -596.914 0
2 362 1 -591.992 0
2 362 1 -587.07 0
2 362 1 -582.148 0
2 362 1 -577.227 0
2 362 1 -572.305 0
2 362 1 -567.383 0
3 362 1 -1212.54 0
3 362 1 -1207.46 0
3 362 1 -1202.38 0
3 362 1 -1197.3 0
3 362 1 -1192.23 0
3 362 1 -1187.15 0
3 362 1 -1182.07 0
3 362 1 -1176.99 0
3 362 1 -1171.91 0
3 362 1 -1166.84 0
3 362 1 -1161.76 0
3 362 1 -1156.68 2.0422
3 362 1 -1151.6 2.55068
3 362 1 -1146.52 0
3 362 1 -1141.45 3.55139
3 362 1 -1136.37 0
3 362 1 -1131.29 3.39793
3 362 1 -1126.21 2.55242
3 362 1 -1121.13 2.18599
3 362 1 -1116.05 2.3028
3 362 1 -1110.98 2.18388
3 362 1 -1105.9 2.53072
3 362 1 -1100.82 2.24182
3 362 1 -1095.74 0
3 362 1 -1090.66 2.37239
3 362 1 -1085.59 0
3 362 1 -1080.51 2.38478
3 362 1 -1075.43 0
3 362 1 -1070.35 2.31775
3 362 1 -1065.27 0
3 362 1 -1060.2 2.28356
3 362 1 -1055.12 0
3 362 1 -1050.04 2.3088
3 362 1 -1044.96 0
3 362 1 -1039.88 2.32444
3 362 1 -1034.8 0
3 362 1 -1029.73 2.30503
3 362 1 -1024.65 0
3 362 1 -1019.57 2.23258
3 362 1 -1014.49 0
3 362 1 -1009.41 2.27258
3 362 1 -1004.34 0
3 362 1 -999.258 2.19443
3 362 1 -994.18 0
3 362 1 -989.102 2.43872
3 362 1 -984.023 0
3 362 1 -978.945 2.17923
3 362 1 -973.867 0
3 362 1 -968.789 2.23113
3 362 1 -963.711 0
3 362 1 -958.633 2.5385
3 362 1 -953.555 0
3 362 1 -948.477 2.38338
3 362 1 -943.398 0
3 362 1 -938.32 2.56458
3 362 1 -933.242 0
3 362 1 -928.164 0
3 362 1 -923.086 2.51076
3 362 1 -918.008 0
3 362 1 -912.93 2.20816
3 362 1 -907.852 0
3 362 1 -902.773 0
3 362 1 -897.695 2.13091
3 362 1 -892.617 0
3 362 1 -887.539 2.28243
3 362 1 -882.461 2.70732
3 362 1 -877.383 0
3 362 1 -872.305 2.463
3 362 1 -867.227 0
3 362 1 -862.148 2.62822
3 362 1 -857.07 0
3 362 1 -851.992 2.39213
3 362 1 -846.914 0
3 362 1 -841.836 2.03715
3 362 1 -836.758 2.6726
3 362 1 -831.68 2.06264
3 362 1 -826.602 2.20779
3 362 1 -821.523 2.04114
3 362 1 -816.445 0
3 362 1 -811.367 2.18204
3 362 1 -806.289 0
3 362 1 -801.211 2.31892
3 362 1 -796.133 0
3 362 1 -791.055 2.17465
3 362 1 -785.977 2.30758
3 362 1 -780.898 2.99884
3 362 1 -775.82 2.65625
3 362 1 -770.742 3.81981
3 362 1 -765.664 0
3 362 1 -760.586 2.95302
3 362 1 -755.508 0
3 362 1 -750.43 2.76689
3 362 1 -745.352 0
3 362 1 -740.273 2.52676
3 362 1 -735.195 3.48801
3 362 1 -730.117 2.77428
3 362 1 -725.039 3.33047
3 362 1 -719.961 2.98078
3 362 1 -714.883 4.27855
3 362 1 -709.805 2.90613
3 362 1 -704.727 0
3 362 1 -699.648 2.78102
3 362 1 -694.57 0
3 362 1 -689.492 3.55377
3 362 1 -684.414 0
3 362 1 -679.336 3.93411
3 362 1 -674.258 2.45176
3 362 1 -669.18 3.22121
3 362 1 -664.102 2.29627
3 362 1 -659.023 2.72235
3 362 1 -653.945 0
3 362 1 -648.867 2.71124
3 362 1 -643.789 0
3 362 1 -638.711 2.68978
3 362 1 -633.633 0
3 362 1 -628.555 2.48501
3 362 1 -623.477 2.88618
3 362 1 -618.398 2.83262
3 362 1 -613.32 2.47802
3 362 1 -608.242 2.15696
3 362 1 -603.164 0
3 362 1 -598.086 0
3 362 1 -593.008 0
3 362 1 -587.93 0
3 362 1 -582.852 0
3 362 1 -577.773 0
3 362 1 -572.695 0
3 362 1 -567.617 0
4 362 1 -1242.66 0
4 362 1 -1237.34 0
4 362 1 -1232.03 0
4 362 1 -1226.72 0
4 362 1 -1221.41 0
4 362 1 -1216.09 0
4 362 1 -1210.78 0
4 362 1 -1205.47 0
4 362 1 -1200.16 0
4 362 1 -1194.84 0
4 362 1 -1189.53 2.47439
4 362 1 -1184.22 2.43411
4 362 1 -1178.91 2.72271
4 362 1 -1173.59 2.45418
4 362 1 -1168.28 2.74751
4 362 1 -1162.97 0
4 362 1 -1157.66 2.50103
4 362 1 -1152.34 2.44526
4 362 1 -1147.03 0
4 362 1 -1141.72 2.4807
4 362 1 -1136.41 0
4 362 1 -1131.09 2.70506
4 362 1 -1125.78 2.59194
4 362 1 -1120.47 2.29243
4 362 1 -1115.16 2.48498
4 362 1 -1109.84 2.38075
4 362 1 -1104.53 0
4 362 1 -1099.22 2.36936
4 362 1 -1093.91 0
4 362 1 -1088.59 2.66465
4 362 1 -1083.28 0
4 362 1 -1077.97 2.51657
4 362 1 -1072.66 0
4 362 1 -1067.34 2.49744
4 362 1 -1062.03 2.5112
4 362 1 -1056.72 0
4 362 1 -1051.41 2.59861
4 362 1 -1046.09 0
4 362 1 -1040.78 2.4194
4 362 1 -1035.47 0
4 362 1 -1030.16 2.44979
4 362 1 -1024.84 0
4 362 1 -1019.53 2.36194
4 362 1 -1014.22 0
4 362 1 -1008.91 2.50258
4 362 1 -1003.59 0
4 362 1 -998.281 2.72809
4 362 1 -992.969 0
4 362 1 -987.656 2.55743
4 362 1 -982.344 2.60372
4 362 1 -977.031 0
4 362 1 -971.719 2.79334
4 362 1 -966.406 0
4 362 1 -961.094 2.97981
4 362 1 -955.781 0
4 362 1 -950.469 3.63876
4 362 1 -945.156 0
4 362 1 -939.844 2.99256
4 362 1 -934.531 0
4 362 1 -929.219 0
4 362 1 -923.906 2.82548
4 362 1 -918.594 0
4 362 1 -913.281 3.38095
4 362 1 -907.969 0
4 362 1 -902.656 0
4 362 1 -897.344 3.56988
4 362 1 -892.031 3.72144
4 362 1 -886.719 0
4 362 1 -881.406 4.36026
4 362 1 -876.094 0
4 362 1 -870.781 4.08711
4 362 1 -865.469 0
4 362 1 -860.156 4.23107
4 362 1 -854.844 0
4 362 1 -849.531 3.93377
4 362 1 -844.219 0
4 362 1 -838.906 4.10323
4 362 1 -833.594 0
4 362 1 -828.281 3.86031
4 362 1 -822.969 5.20024
4 362 1 -817.656 2.62746
4 362 1 -812.344 3.89174
4 362 1 -807.031 0
4 362 1 -801.719 4.29365
4 362 1 -796.406 0
4 362 1 -791.094 5.89794
4 362 1 -785.781 3.50345
4 362 1 -780.469 5.88271
4 362 1 -775.156 4.45599
4 362 1 -769.844 7.30041
4 362 1 -764.531 4.55638
4 362 1 -759.219 5.02173
4 362 1 -753.906 0
4 362 1 -748.594 6.07939
4 362 1 -743.281 0
4 362 1 -737.969 5.27402
4 362 1 -732.656 5.52948
4 362 1 -727.344 5.33957
4 362 1 -722.031 5.32399
4 362 1 -716.719 0
4 362 1 -711.406 6.69747
4 362 1 -706.094 0
4 362 1 -700.781 5.98537
4 362 1 -695.469 0
4 362 1 -690.156 7.70479
4 362 1 -684.844 4.26403
4 362 1 -679.531 8.68621
4 362 1 -674.219 6.05592
4 362 1 -668.906 8.21514
4 362 1 -663.594 6.35907
4 362 1 -658.281 10.1281
4 362 1 -652.969 0
4 362 1 -647.656 8.24519
4 362 1 -642.344 5.73009
4 362 1 -637.031 6.50263
4 362 1 -631.719 2.59708
4 362 1 -626.406 6.16118
4 362 1 -621.094 5.01893
4 362 1 -615.781 0
4 362 1 -610.469 3.68079
4 362 1 -605.156 0
4 362 1 -599.844 0
4 362 1 -594.531 0
4 362 1 -589.219 0
4 362 1 -583.906 0
4 362 1 -578.594 0
4 362 1 -573.281 0
4 362 1 -567.969 0
5 362 1 -1473.63 0
5 362 1 -1466.37 0
5 362 1 -1459.1 0
5 362 1 -1451.84 0
5 362 1 -1444.57 0
5 362 1 -1437.3 0
5 362 1 -1430.04 0
5 362 1 -1422.77 0
5 362 1 -1415.51 0
5 362 1 -1408.24 0
5 362 1 -1400.98 3.04848
5 362 1 -1393.71 2.94273
5 362 1 -1386.45 3.05229
5 362 1 -1379.18 3.14345
5 362 1 -1371.91 3.12413
5 362 1 -1364.65 3.08565
5 362 1 -1357.38 2.83305
5 362 1 -1350.12 3.11387
5 362 1 -1342.85 2.90829
5 362 1 -1335.59 2.99912
5 362 1 -1328.32 2.88548
5 362 1 -1321.05 3.5262
5 362 1 -1313.79 3.07263
5 362 1 -1306.52 2.97767
5 362 1 -1299.26 3.06659
5 362 1 -1291.99 2.86429
5 362 1 -1284.73 2.99036
5 362 1 -1277.46 2.87296
5 362 1 -1270.2 2.9572
5 362 1 -1262.93 2.69676
5 362 1 -1255.66 3.03688
5 362 1 -1248.4 2.98054
5 362 1 -1241.13 3.08832
5 362 1 -1233.87 3.09894
5 362 1 -1226.6 2.85903
5 362 1 -1219.34 2.81334
5 362 1 -1212.07 2.60485
5 362 1 -1204.8 2.91016
5 362 1 -1197.54 2.81867
5 362 1 -1190.27 2.80098
5 362 1 -1183.01 2.79984
5 362 1 -1175.74 2.84
5 362 1 -1168.48 2.74113
5 362 1 -1161.21 2.71194
5 362 1 -1153.95 0
5 362 1 -1146.68 2.82842
5 362 1 -1139.41 2.83343
5 362 1 -1132.15 2.77185
5 362 1 -1124.88 2.81231
5 362 1 -1117.62 2.82753
5 362 1 -1110.35 2.79368
5 362 1 -1103.09 2.73779
5 362 1 -1095.82 0
5 362 1 -1088.55 2.73362
5 362 1 -1081.29 2.68762
5 362 1 -1074.02 0
5 362 1 -1066.76 2.71136
5 362 1 -1059.49 2.77446
5 362 1 -1052.23 2.71827
5 362 1 -1044.96 0
5 362 1 -1037.7 2.7268
5 362 1 -1030.43 2.76756
5 362 1 -1023.16 2.67085
5 362 1 -1015.9 0
5 362 1 -1008.63 2.71168
5 362 1 -1001.37 2.67842
5 362 1 -994.102 0
5 362 1 -986.836 2.62273
5 362 1 -979.57 2.71499
5 362 1 -972.305 2.72747
5 362 1 -965.039 0
5 362 1 -957.773 2.72079
5 362 1 -950.508 2.61453
5 362 1 -943.242 0
5 362 1 -935.977 2.58835
5 362 1 -928.711 0
5 362 1 -921.445 2.61158
5 362 1 -914.18 2.62805
5 362 1 -906.914 0
5 362 1 -899.648 2.65437
5 362 1 -892.383 2.57102
5 362 1 -885.117 0
5 362 1 -877.852 2.57619
5 362 1 -870.586 2.55445
5 362 1 -863.32 2.49506
5 362 1 -856.055 0
5 362 1 -848.789 2.63133
5 362 1 -841.523 2.68037
5 362 1 -834.258 2.59801
5 362 1 -826.992 2.5598
5 362 1 -819.727 2.57897
5 362 1 -812.461 2.58242
5 362 1 -805.195 0
5 362 1 -797.93 2.60198
5 362 1 -790.664 2.56221
5 362 1 -783.398 2.47266
5 362 1 -776.133 2.68019
5 362 1 -768.867 2.65392
5 362 1 -761.602 2.81156
5 362 1 -754.336 0
5 362 1 -747.07 2.69179
5 362 1 -739.805 2.74489
5 362 1 -732.539 2.61128
5 362 1 -725.273 2.51825
5 362 1 -718.008 2.43094
5 362 1 -710.742 2.37867
5 362 1 -703.477 2.62323
5 362 1 -696.211 2.26547
5 362 1 -688.945 2.54309
5 362 1 -681.68 3.0469
5 362 1 -674.414 2.19429
5 362 1 -667.148 2.67878
5 362 1 -659.883 2.46442
5 362 1 -652.617 2.42267
5 362 1 -645.352 0
5 362 1 -638.086 2.29298
5 362 1 -630.82 0
5 362 1 -623.555 2.10693
5 362 1 -616.289 0
5 362 1 -609.023 2.12302
5 362 1 -601.758 0
5 362 1 -594.492 0
5 362 1 -587.227 0
5 362 1 -579.961 0
5 362 1 -572.695 0
5 362 1 -565.43 0
5 362 1 -558.164 0
5 362 1 -550.898 0
