1 359 1 -1187.44 0
1 359 1 -1182.56 0
1 359 1 -1177.68 0
1 359 1 -1172.79 0
1 359 1 -1167.91 0
1 359 1 -1163.03 0
1 359 1 -1158.14 0
1 359 1 -1153.26 0
1 359 1 -1148.38 0
1 359 1 -1143.5 0
1 359 1 -1138.61 0
1 359 1 -1133.73 21.7829
1 359 1 -1128.85 25.584
1 359 1 -1123.96 22.5226
1 359 1 -1119.08 0
1 359 1 -1114.2 22.1369
1 359 1 -1109.32 22.774
1 359 1 -1104.43 21.8392
1 359 1 -1099.55 20.5031
1 359 1 -1094.67 20.6903
1 359 1 -1089.79 19.9136
1 359 1 -1084.9 20.5524
1 359 1 -1080.02 20.277
1 359 1 -1075.14 19.4679
1 359 1 -1070.25 19.3548
1 359 1 -1065.37 19.8233
1 359 1 -1060.49 18.9943
1 359 1 -1055.61 19.7752
1 359 1 -1050.72 19.2854
1 359 1 -1045.84 0
1 359 1 -1040.96 19.6306
1 359 1 -1036.07 0
1 359 1 -1031.19 19.0867
1 359 1 -1026.31 19.6647
1 359 1 -1021.43 19.3444
1 359 1 -1016.54 19.4105
1 359 1 -1011.66 19.2193
1 359 1 -1006.78 19.5461
1 359 1 -1001.89 20.1639
1 359 1 -997.012 0
1 359 1 -992.129 0
1 359 1 -987.246 19.4274
1 359 1 -982.363 0
1 359 1 -977.48 19.6423
1 359 1 -972.598 19.0324
1 359 1 -967.715 19.3264
1 359 1 -962.832 0
1 359 1 -957.949 19.895
1 359 1 -953.066 0
1 359 1 -948.184 20.5022
1 359 1 -943.301 0
1 359 1 -938.418 20.2227
1 359 1 -933.535 21.9219
1 359 1 -928.652 0
1 359 1 -923.77 19.9662
1 359 1 -918.887 0
1 359 1 -914.004 21.0282
1 359 1 -909.121 0
1 359 1 -904.238 20.3305
1 359 1 -899.355 20.8469
1 359 1 -894.473 0
1 359 1 -889.59 20.7317
1 359 1 -884.707 0
1 359 1 -879.824 20.7285
1 359 1 -874.941 0
1 359 1 -870.059 21.7496
1 359 1 -865.176 0
1 359 1 -860.293 22.6125
1 359 1 -855.41 22.4671
1 359 1 -850.527 23.0098
1 359 1 -845.645 21.9781
1 359 1 -840.762 23.7227
1 359 1 -835.879 23.0945
1 359 1 -830.996 24.1081
1 359 1 -826.113 0
1 359 1 -821.23 24.1465
1 359 1 -816.348 0
1 359 1 -811.465 24.3369
1 359 1 -806.582 25.0298
1 359 1 -801.699 24.414
1 359 1 -796.816 25.3138
1 359 1 -791.934 24.1916
1 359 1 -787.051 26.0035
1 359 1 -782.168 23.7409
1 359 1 -777.285 25.1629
1 359 1 -772.402 22.9264
1 359 1 -767.52 0
1 359 1 -762.637 25.2867
1 359 1 -757.754 21.9266
1 359 1 -752.871 25.9078
1 359 1 -747.988 23.4892
1 359 1 -743.105 25.1489
1 359 1 -738.223 25.8812
1 359 1 -733.34 26.9345
1 359 1 -728.457 27.8719
1 359 1 -723.574 27.6437
1 359 1 -718.691 28.0753
1 359 1 -713.809 0
1 359 1 -708.926 27.6024
1 359 1 -704.043 0
1 359 1 -699.16 28.3404
1 359 1 -694.277 27.4004
1 359 1 -689.395 25.393
1 359 1 -684.512 27.4519
1 359 1 -679.629 0
1 359 1 -674.746 28.2733
1 359 1 -669.863 28.1871
1 359 1 -664.98 0
1 359 1 -660.098 29.0214
1 359 1 -655.215 0
1 359 1 -650.332 27.7082
1 359 1 -645.449 0
1 359 1 -640.566 26.9382
1 359 1 -635.684 28.9413
1 359 1 -630.801 28.7862
1 359 1 -625.918 21.0406
1 359 1 -621.035 29.0462
1 359 1 -616.152 0
1 359 1 -611.27 23.1448
1 359 1 -606.387 0
1 359 1 -601.504 0
1 359 1 -596.621 0
1 359 1 -591.738 0
1 359 1 -586.855 0
1 359 1 -581.973 0
1 359 1 -577.09 0
1 359 1 -572.207 0
1 359 1 -567.324 0
2 359 1 -1242.66 0
2 359 1 -1237.34 0
2 359 1 -1232.03 0
2 359 1 -1226.72 0
2 359 1 -1221.41 0
2 359 1 -1216.09 0
2 359 1 -1210.78 0
2 359 1 -1205.47 0
2 359 1 -1200.16 0
2 359 1 -1194.84 0
2 359 1 -1189.53 3.92254
2 359 1 -1184.22 4.8645
2 359 1 -1178.91 5.32983
2 359 1 -1173.59 4.63834
2 359 1 -1168.28 4.80344
2 359 1 -1162.97 0
2 359 1 -1157.66 4.28606
2 359 1 -1152.34 3.86055
2 359 1 -1147.03 0
2 359 1 -1141.72 3.83114
2 359 1 -1136.41 0
2 359 1 -1131.09 3.37381
2 359 1 -1125.78 2.99692
2 359 1 -1120.47 4.57657
2 359 1 -1115.16 3.76022
2 359 1 -1109.84 3.71269
2 359 1 -1104.53 3.61638
2 359 1 -1099.22 3.43312
2 359 1 -1093.91 3.1035
2 359 1 -1088.59 2.77566
2 359 1 -1083.28 3.50044
2 359 1 -1077.97 3.89015
2 359 1 -1072.66 3.71374
2 359 1 -1067.34 4.17685
2 359 1 -1062.03 3.93466
2 359 1 -1056.72 3.77095
2 359 1 -1051.41 4.16756
2 359 1 -1046.09 0
2 359 1 -1040.78 3.75932
2 359 1 -1035.47 4.5422
2 359 1 -1030.16 4.28512
2 359 1 -1024.84 5.39621
2 359 1 -1019.53 4.15664
2 359 1 -1014.22 5.11107
2 359 1 -1008.91 4.15786
2 359 1 -1003.59 0
2 359 1 -998.281 4.63413
2 359 1 -992.969 0
2 359 1 -987.656 4.22097
2 359 1 -982.344 0
2 359 1 -977.031 4.19294
2 359 1 -971.719 4.55307
2 359 1 -966.406 4.9301
2 359 1 -961.094 3.94609
2 359 1 -955.781 4.99796
2 359 1 -950.469 4.65363
2 359 1 -945.156 5.43768
2 359 1 -939.844 0
2 359 1 -934.531 4.24622
2 359 1 -929.219 0
2 359 1 -923.906 3.53738
2 359 1 -918.594 0
2 359 1 -913.281 2.90363
2 359 1 -907.969 0
2 359 1 -902.656 3.59912
2 359 1 -897.344 0
2 359 1 -892.031 3.40994
2 359 1 -886.719 0
2 359 1 -881.406 3.95677
2 359 1 -876.094 0
2 359 1 -870.781 3.91366
2 359 1 -865.469 4.20276
2 359 1 -860.156 4.52599
2 359 1 -854.844 3.77816
2 359 1 -849.531 4.61165
2 359 1 -844.219 4.11374
2 359 1 -838.906 5.28457
2 359 1 -833.594 4.52548
2 359 1 -828.281 5.03087
2 359 1 -822.969 3.461
2 359 1 -817.656 5.05927
2 359 1 -812.344 2.89099
2 359 1 -807.031 4.03189
2 359 1 -801.719 3.64272
2 359 1 -796.406 3.7558
2 359 1 -791.094 3.96762
2 359 1 -785.781 3.87002
2 359 1 -780.469 3.43173
2 359 1 -775.156 3.88553
2 359 1 -769.844 2.78837
2 359 1 -764.531 3.81957
2 359 1 -759.219 3.46496
2 359 1 -753.906 3.90467
2 359 1 -748.594 2.97834
2 359 1 -743.281 3.38709
2 359 1 -737.969 3.30199
2 359 1 -732.656 3.491
2 359 1 -727.344 2.81629
2 359 1 -722.031 3.18445
2 359 1 -716.719 0
2 359 1 -711.406 3.49531
2 359 1 -706.094 3.74566
2 359 1 -700.781 2.26591
2 359 1 -695.469 3.33753
2 359 1 -690.156 0
2 359 1 -684.844 4.12193
2 359 1 -679.531 0
2 359 1 -674.219 3.67998
2 359 1 -668.906 0
2 359 1 -663.594 3.90316
2 359 1 -658.281 3.5893
2 359 1 -652.969 0
2 359 1 -647.656 4.0485
2 359 1 -642.344 4.493
2 359 1 -637.031 3.66205
2 359 1 -631.719 3.84194
2 359 1 -626.406 2.61685
2 359 1 -621.094 3.58438
2 359 1 -615.781 0
2 359 1 -610.469 3.46961
2 359 1 -605.156 0
2 359 1 -599.844 0
2 359 1 -594.531 0
2 359 1 -589.219 0
2 359 1 -583.906 0
2 359 1 -578.594 0
2 359 1 -573.281 0
2 359 1 -567.969 0
3 359 1 -1242.66 0
3 359 1 -1237.34 0
3 359 1 -1232.03 0
3 359 1 -1226.72 0
3 359 1 -1221.41 0
3 359 1 -1216.09 0
3 359 1 -1210.78 0
3 359 1 -1205.47 0
3 359 1 -1200.16 0
3 359 1 -1194.84 0
3 359 1 -1189.53 3.51963
3 359 1 -1184.22 3.15339
3 359 1 -1178.91 3.58864
3 359 1 -1173.59 3.10117
3 359 1 -1168.28 3.30532
3 359 1 -1162.97 0
3 359 1 -1157.66 3.58122
3 359 1 -1152.34 3.73246
3 359 1 -1147.03 0
3 359 1 -1141.72 3.54167
3 359 1 -1136.41 0
3 359 1 -1131.09 2.70627
3 359 1 -1125.78 2.44027
3 359 1 -1120.47 2.51503
3 359 1 -1115.16 2.45694
3 359 1 -1109.84 2.79379
3 359 1 -1104.53 2.42563
3 359 1 -1099.22 2.60142
3 359 1 -1093.91 2.61707
3 359 1 -1088.59 4.03275
3 359 1 -1083.28 2.88369
3 359 1 -1077.97 2.73798
3 359 1 -1072.66 2.84095
3 359 1 -1067.34 2.81418
3 359 1 -1062.03 2.47409
3 359 1 -1056.72 2.73196
3 359 1 -1051.41 2.48537
3 359 1 -1046.09 0
3 359 1 -1040.78 2.43888
3 359 1 -1035.47 2.60441
3 359 1 -1030.16 2.37325
3 359 1 -1024.84 2.95629
3 359 1 -1019.53 2.72286
3 359 1 -1014.22 3.09715
3 359 1 -1008.91 2.84196
3 359 1 -1003.59 0
3 359 1 -998.281 3.24727
3 359 1 -992.969 0
3 359 1 -987.656 3.18594
3 359 1 -982.344 0
3 359 1 -977.031 3.00159
3 359 1 -971.719 3.12163
3 359 1 -966.406 2.98914
3 359 1 -961.094 3.49552
3 359 1 -955.781 3.7585
3 359 1 -950.469 3.20258
3 359 1 -945.156 3.21203
3 359 1 -939.844 0
3 359 1 -934.531 3.16966
3 359 1 -929.219 0
3 359 1 -923.906 3.28473
3 359 1 -918.594 0
3 359 1 -913.281 2.59091
3 359 1 -907.969 0
3 359 1 -902.656 2.40254
3 359 1 -897.344 0
3 359 1 -892.031 2.67309
3 359 1 -886.719 0
3 359 1 -881.406 2.84167
3 359 1 -876.094 0
3 359 1 -870.781 3.30512
3 359 1 -865.469 2.56193
3 359 1 -860.156 3.43234
3 359 1 -854.844 2.6597
3 359 1 -849.531 3.54343
3 359 1 -844.219 2.57144
3 359 1 -838.906 2.90363
3 359 1 -833.594 2.4317
3 359 1 -828.281 2.75267
3 359 1 -822.969 2.31717
3 359 1 -817.656 2.65156
3 359 1 -812.344 2.37948
3 359 1 -807.031 2.72882
3 359 1 -801.719 2.59262
3 359 1 -796.406 2.77493
3 359 1 -791.094 2.72651
3 359 1 -785.781 3.43695
3 359 1 -780.469 2.97219
3 359 1 -775.156 2.05008
3 359 1 -769.844 3.04254
3 359 1 -764.531 3.86986
3 359 1 -759.219 3.47062
3 359 1 -753.906 3.81827
3 359 1 -748.594 3.07538
3 359 1 -743.281 3.01904
3 359 1 -737.969 3.01081
3 359 1 -732.656 3.37195
3 359 1 -727.344 3.00685
3 359 1 -722.031 3.63124
3 359 1 -716.719 0
3 359 1 -711.406 4.47879
3 359 1 -706.094 3.30071
3 359 1 -700.781 3.89397
3 359 1 -695.469 3.74813
3 359 1 -690.156 0
3 359 1 -684.844 3.9015
3 359 1 -679.531 0
3 359 1 -674.219 2.9703
3 359 1 -668.906 0
3 359 1 -663.594 2.88457
3 359 1 -658.281 2.78392
3 359 1 -652.969 0
3 359 1 -647.656 3.185
3 359 1 -642.344 3.78579
3 359 1 -637.031 2.98785
3 359 1 -631.719 2.77903
3 359 1 -626.406 2.87004
3 359 1 -621.094 3.31466
3 359 1 -615.781 0
3 359 1 -610.469 2.67388
3 359 1 -605.156 0
3 359 1 -599.844 0
3 359 1 -594.531 0
3 359 1 -589.219 0
3 359 1 -583.906 0
3 359 1 -578.594 0
3 359 1 -573.281 0
3 359 1 -567.969 0
4 359 1 -1242.66 0
4 359 1 -1237.34 0
4 359 1 -1232.03 0
4 359 1 -1226.72 0
4 359 1 -1221.41 0
4 359 1 -1216.09 0
4 359 1 -1210.78 0
4 359 1 -1205.47 0
4 359 1 -1200.16 0
4 359 1 -1194.84 0
4 359 1 -1189.53 2.55382
4 359 1 -1184.22 2.37546
4 359 1 -1178.91 2.56513
4 359 1 -1173.59 2.70675
4 359 1 -1168.28 3.01723
4 359 1 -1162.97 0
4 359 1 -1157.66 2.5973
4 359 1 -1152.34 2.69168
4 359 1 -1147.03 0
4 359 1 -1141.72 3.34872
4 359 1 -1136.41 0
4 359 1 -1131.09 2.90071
4 359 1 -1125.78 3.02941
4 359 1 -1120.47 2.8374
4 359 1 -1115.16 2.56127
4 359 1 -1109.84 3.13089
4 359 1 -1104.53 3.04483
4 359 1 -1099.22 3.50843
4 359 1 -1093.91 3.05077
4 359 1 -1088.59 3.45753
4 359 1 -1083.28 3.54139
4 359 1 -1077.97 3.09042
4 359 1 -1072.66 3.1132
4 359 1 -1067.34 3.40787
4 359 1 -1062.03 3.53505
4 359 1 -1056.72 3.7911
4 359 1 -1051.41 3.12813
4 359 1 -1046.09 0
4 359 1 -1040.78 3.38842
4 359 1 -1035.47 3.97792
4 359 1 -1030.16 2.32636
4 359 1 -1024.84 4.15996
4 359 1 -1019.53 4.04202
4 359 1 -1014.22 2.59405
4 359 1 -1008.91 3.94026
4 359 1 -1003.59 0
4 359 1 -998.281 4.55726
4 359 1 -992.969 0
4 359 1 -987.656 4.70763
4 359 1 -982.344 0
4 359 1 -977.031 4.667
4 359 1 -971.719 4.82607
4 359 1 -966.406 4.7245
4 359 1 -961.094 5.45639
4 359 1 -955.781 5.27024
4 359 1 -950.469 5.53745
4 359 1 -945.156 5.70533
4 359 1 -939.844 0
4 359 1 -934.531 5.32295
4 359 1 -929.219 0
4 359 1 -923.906 5.35289
4 359 1 -918.594 0
4 359 1 -913.281 5.67495
4 359 1 -907.969 0
4 359 1 -902.656 5.47575
4 359 1 -897.344 0
4 359 1 -892.031 5.75028
4 359 1 -886.719 0
4 359 1 -881.406 5.96522
4 359 1 -876.094 0
4 359 1 -870.781 6.01877
4 359 1 -865.469 5.34925
4 359 1 -860.156 6.4291
4 359 1 -854.844 6.348
4 359 1 -849.531 3.24237
4 359 1 -844.219 5.90623
4 359 1 -838.906 4.86218
4 359 1 -833.594 5.78155
4 359 1 -828.281 6.15499
4 359 1 -822.969 2.60625
4 359 1 -817.656 6.05701
4 359 1 -812.344 4.83314
4 359 1 -807.031 6.10149
4 359 1 -801.719 5.86134
4 359 1 -796.406 7.10711
4 359 1 -791.094 5.97813
4 359 1 -785.781 6.54097
4 359 1 -780.469 6.75422
4 359 1 -775.156 7.40199
4 359 1 -769.844 6.5321
4 359 1 -764.531 7.21715
4 359 1 -759.219 6.10101
4 359 1 -753.906 6.38732
4 359 1 -748.594 6.62544
4 359 1 -743.281 7.59742
4 359 1 -737.969 7.16467
4 359 1 -732.656 7.31956
4 359 1 -727.344 5.75373
4 359 1 -722.031 6.55409
4 359 1 -716.719 0
4 359 1 -711.406 7.89263
4 359 1 -706.094 5.64606
4 359 1 -700.781 6.19068
4 359 1 -695.469 5.51383
4 359 1 -690.156 0
4 359 1 -684.844 5.88289
4 359 1 -679.531 0
4 359 1 -674.219 7.48945
4 359 1 -668.906 0
4 359 1 -663.594 5.43863
4 359 1 -658.281 8.04642
4 359 1 -652.969 0
4 359 1 -647.656 5.17187
4 359 1 -642.344 6.99331
4 359 1 -637.031 4.27577
4 359 1 -631.719 6.87391
4 359 1 -626.406 4.19013
4 359 1 -621.094 5.55237
4 359 1 -615.781 0
4 359 1 -610.469 4.55887
4 359 1 -605.156 0
4 359 1 -599.844 0
4 359 1 -594.531 0
4 359 1 -589.219 0
4 359 1 -583.906 0
4 359 1 -578.594 0
4 359 1 -573.281 0
4 359 1 -567.969 0
5 359 1 -1694.57 0
5 359 1 -1685.43 0
5 359 1 -1676.29 0
5 359 1 -1667.15 0
5 359 1 -1658.01 0
5 359 1 -1648.87 0
5 359 1 -1639.73 0
5 359 1 -1630.59 0
5 359 1 -1621.45 0
5 359 1 -1612.3 0
5 359 1 -1603.16 0
5 359 1 -1594.02 2.7284
5 359 1 -1584.88 3.33104
5 359 1 -1575.74 2.81692
5 359 1 -1566.6 3.4523
5 359 1 -1557.46 3.28703
5 359 1 -1548.32 3.14953
5 359 1 -1539.18 2.89573
5 359 1 -1530.04 2.97183
5 359 1 -1520.9 3.14945
5 359 1 -1511.76 3.04477
5 359 1 -1502.62 3.15751
5 359 1 -1493.48 2.98605
5 359 1 -1484.34 3.08041
5 359 1 -1475.2 2.98942
5 359 1 -1466.05 3.07926
5 359 1 -1456.91 3.08634
5 359 1 -1447.77 2.9901
5 359 1 -1438.63 3.10112
5 359 1 -1429.49 3.03413
5 359 1 -1420.35 2.97899
5 359 1 -1411.21 2.89981
5 359 1 -1402.07 3.1413
5 359 1 -1392.93 3.05541
5 359 1 -1383.79 2.8642
5 359 1 -1374.65 2.95452
5 359 1 -1365.51 3.0744
5 359 1 -1356.37 3.12143
5 359 1 -1347.23 2.88578
5 359 1 -1338.09 2.82397
5 359 1 -1328.95 3.03735
5 359 1 -1319.8 3.04177
5 359 1 -1310.66 3.00282
5 359 1 -1301.52 2.75371
5 359 1 -1292.38 3.09979
5 359 1 -1283.24 3.09862
5 359 1 -1274.1 3.05962
5 359 1 -1264.96 2.86171
5 359 1 -1255.82 3.05173
5 359 1 -1246.68 2.48338
5 359 1 -1237.54 2.77818
5 359 1 -1228.4 3.04925
5 359 1 -1219.26 2.70706
5 359 1 -1210.12 2.91286
5 359 1 -1200.98 2.86712
5 359 1 -1191.84 2.90191
5 359 1 -1182.7 2.80982
5 359 1 -1173.55 2.75005
5 359 1 -1164.41 2.85671
5 359 1 -1155.27 3.05873
5 359 1 -1146.13 0
5 359 1 -1136.99 2.92761
5 359 1 -1127.85 2.85121
5 359 1 -1118.71 2.90368
5 359 1 -1109.57 2.76854
5 359 1 -1100.43 2.61212
5 359 1 -1091.29 2.75135
5 359 1 -1082.15 2.73123
5 359 1 -1073.01 2.77719
5 359 1 -1063.87 2.74151
5 359 1 -1054.73 2.70394
5 359 1 -1045.59 2.77253
5 359 1 -1036.45 2.822
5 359 1 -1027.3 2.55318
5 359 1 -1018.16 2.81334
5 359 1 -1009.02 2.74575
5 359 1 -999.883 2.67344
5 359 1 -990.742 2.75935
5 359 1 -981.602 2.68307
5 359 1 -972.461 2.59365
5 359 1 -963.32 2.65561
5 359 1 -954.18 2.68251
5 359 1 -945.039 2.73913
5 359 1 -935.898 2.69494
5 359 1 -926.758 2.71048
5 359 1 -917.617 2.61234
5 359 1 -908.477 2.54571
5 359 1 -899.336 2.5242
5 359 1 -890.195 2.58774
5 359 1 -881.055 2.7344
5 359 1 -871.914 2.57168
5 359 1 -862.773 2.46224
5 359 1 -853.633 2.56379
5 359 1 -844.492 2.64551
5 359 1 -835.352 2.61055
5 359 1 -826.211 2.60573
5 359 1 -817.07 2.58291
5 359 1 -807.93 2.69858
5 359 1 -798.789 2.73165
5 359 1 -789.648 2.57171
5 359 1 -780.508 2.5488
5 359 1 -771.367 2.62693
5 359 1 -762.227 2.56414
5 359 1 -753.086 2.46306
5 359 1 -743.945 2.71732
5 359 1 -734.805 2.91072
5 359 1 -725.664 3.13
5 359 1 -716.523 2.84482
5 359 1 -707.383 2.83381
5 359 1 -698.242 2.71668
5 359 1 -689.102 2.74953
5 359 1 -679.961 2.28434
5 359 1 -670.82 2.31054
5 359 1 -661.68 2.21509
5 359 1 -652.539 2.17297
5 359 1 -643.398 2.24639
5 359 1 -634.258 2.20689
5 359 1 -625.117 2.18666
5 359 1 -615.977 2.20794
5 359 1 -606.836 2.22887
5 359 1 -597.695 0
5 359 1 -588.555 0
5 359 1 -579.414 0
5 359 1 -570.273 0
5 359 1 -561.133 0
5 359 1 -551.992 0
5 359 1 -542.852 0
5 359 1 -533.711 0
