1 362 0 -1137.23 0
1 362 0 -1132.77 0
1 362 0 -1128.32 0
1 362 0 -1123.87 0
1 362 0 -1119.41 0
1 362 0 -1114.96 0
1 362 0 -1110.51 0
1 362 0 -1106.05 0
1 362 0 -1101.6 0
1 362 0 -1097.15 0
1 362 0 -1092.7 0
1 362 0 -1088.24 27.7234
1 362 0 -1083.79 0
1 362 0 -1079.34 26.8529
1 362 0 -1074.88 0
1 362 0 -1070.43 25.3343
1 362 0 -1065.98 0
1 362 0 -1061.52 25.2845
1 362 0 -1057.07 0
1 362 0 -1052.62 0
1 362 0 -1048.16 24.9861
1 362 0 -1043.71 0
1 362 0 -1039.26 24.6776
1 362 0 -1034.8 0
1 362 0 -1030.35 24.2975
1 362 0 -1025.9 0
1 362 0 -1021.45 23.9307
1 362 0 -1016.99 0
1 362 0 -1012.54 0
1 362 0 -1008.09 23.4597
1 362 0 -1003.63 0
1 362 0 -999.18 23.6963
1 362 0 -994.727 0
1 362 0 -990.273 23.505
1 362 0 -985.82 0
1 362 0 -981.367 23.5588
1 362 0 -976.914 0
1 362 0 -972.461 0
1 362 0 -968.008 23.3481
1 362 0 -963.555 0
1 362 0 -959.102 23.0271
1 362 0 -954.648 0
1 362 0 -950.195 23.573
1 362 0 -945.742 0
1 362 0 -941.289 0
1 362 0 -936.836 23.1462
1 362 0 -932.383 0
1 362 0 -927.93 0
1 362 0 -923.477 23.1364
1 362 0 -919.023 0
1 362 0 -914.57 22.7694
1 362 0 -910.117 0
1 362 0 -905.664 0
1 362 0 -901.211 23.4862
1 362 0 -896.758 0
1 362 0 -892.305 0
1 362 0 -887.852 22.8411
1 362 0 -883.398 0
1 362 0 -878.945 22.2947
1 362 0 -874.492 0
1 362 0 -870.039 22.4467
1 362 0 -865.586 0
1 362 0 -861.133 21.843
1 362 0 -856.68 0
1 362 0 -852.227 0
1 362 0 -847.773 21.1973
1 362 0 -843.32 0
1 362 0 -838.867 20.9726
1 362 0 -834.414 0
1 362 0 -829.961 21.1644
1 362 0 -825.508 22.034
1 362 0 -821.055 20.7144
1 362 0 -816.602 0
1 362 0 -812.148 21.453
1 362 0 -807.695 0
1 362 0 -803.242 0
1 362 0 -798.789 20.6514
1 362 0 -794.336 0
1 362 0 -789.883 21.2568
1 362 0 -785.43 20.939
1 362 0 -780.977 21.188
1 362 0 -776.523 20.986
1 362 0 -772.07 21.573
1 362 0 -767.617 0
1 362 0 -763.164 20.1238
1 362 0 -758.711 21.1815
1 362 0 -754.258 0
1 362 0 -749.805 19.1449
1 362 0 -745.352 0
1 362 0 -740.898 19.5582
1 362 0 -736.445 20.7498
1 362 0 -731.992 19.8138
1 362 0 -727.539 0
1 362 0 -723.086 19.9343
1 362 0 -718.633 0
1 362 0 -714.18 20.3137
1 362 0 -709.727 0
1 362 0 -705.273 0
1 362 0 -700.82 21.0544
1 362 0 -696.367 0
1 362 0 -691.914 22.1685
1 362 0 -687.461 20.4263
1 362 0 -683.008 0
1 362 0 -678.555 22.6479
1 362 0 -674.102 22.3657
1 362 0 -669.648 22.7484
1 362 0 -665.195 0
1 362 0 -660.742 21.7962
1 362 0 -656.289 0
1 362 0 -651.836 21.6571
1 362 0 -647.383 0
1 362 0 -642.93 0
1 362 0 -638.477 21.0587
1 362 0 -634.023 0
1 362 0 -629.57 21.5254
1 362 0 -625.117 22.0228
1 362 0 -620.664 21.0447
1 362 0 -616.211 0
1 362 0 -611.758 19.8167
1 362 0 -607.305 0
1 362 0 -602.852 0
1 362 0 -598.398 0
1 362 0 -593.945 0
1 362 0 -589.492 0
1 362 0 -585.039 0
1 362 0 -580.586 0
1 362 0 -576.133 0
1 362 0 -571.68 0
2 362 0 -1192.46 0
2 362 0 -1187.54 0
2 362 0 -1182.62 0
2 362 0 -1177.7 0
2 362 0 -1172.77 0
2 362 0 -1167.85 0
2 362 0 -1162.93 0
2 362 0 -1158.01 0
2 362 0 -1153.09 0
2 362 0 -1148.16 0
2 362 0 -1143.24 45.1395
2 362 0 -1138.32 0
2 362 0 -1133.4 43.913
2 362 0 -1128.48 44.7279
2 362 0 -1123.55 44.0603
2 362 0 -1118.63 16.6393
2 362 0 -1113.71 0
2 362 0 -1108.79 40.2612
2 362 0 -1103.87 0
2 362 0 -1098.95 36.7054
2 362 0 -1094.02 0
2 362 0 -1089.1 34.7446
2 362 0 -1084.18 0
2 362 0 -1079.26 26.931
2 362 0 -1074.34 0
2 362 0 -1069.41 27.423
2 362 0 -1064.49 0
2 362 0 -1059.57 35.2482
2 362 0 -1054.65 0
2 362 0 -1049.73 36.987
2 362 0 -1044.8 0
2 362 0 -1039.88 39.1152
2 362 0 -1034.96 0
2 362 0 -1030.04 40.3736
2 362 0 -1025.12 0
2 362 0 -1020.2 34.9618
2 362 0 -1015.27 0
2 362 0 -1010.35 35.2053
2 362 0 -1005.43 0
2 362 0 -1000.51 35.1065
2 362 0 -995.586 0
2 362 0 -990.664 35.9606
2 362 0 -985.742 0
2 362 0 -980.82 33.9117
2 362 0 -975.898 0
2 362 0 -970.977 33.8286
2 362 0 -966.055 0
2 362 0 -961.133 32.9978
2 362 0 -956.211 0
2 362 0 -951.289 36.1905
2 362 0 -946.367 0
2 362 0 -941.445 0
2 362 0 -936.523 37.0681
2 362 0 -931.602 0
2 362 0 -926.68 36.067
2 362 0 -921.758 0
2 362 0 -916.836 0
2 362 0 -911.914 36.4203
2 362 0 -906.992 0
2 362 0 -902.07 33.9141
2 362 0 -897.148 0
2 362 0 -892.227 27.997
2 362 0 -887.305 0
2 362 0 -882.383 36.2509
2 362 0 -877.461 0
2 362 0 -872.539 0
2 362 0 -867.617 39.7361
2 362 0 -862.695 0
2 362 0 -857.773 40.5326
2 362 0 -852.852 0
2 362 0 -847.93 34.7941
2 362 0 -843.008 0
2 362 0 -838.086 27.3773
2 362 0 -833.164 0
2 362 0 -828.242 36.7229
2 362 0 -823.32 44.7965
2 362 0 -818.398 39.0427
2 362 0 -813.477 45.6131
2 362 0 -808.555 32.5577
2 362 0 -803.633 0
2 362 0 -798.711 37.964
2 362 0 -793.789 0
2 362 0 -788.867 38.6992
2 362 0 -783.945 0
2 362 0 -779.023 41.2088
2 362 0 -774.102 36.1841
2 362 0 -769.18 41.9621
2 362 0 -764.258 33.6842
2 362 0 -759.336 36.7423
2 362 0 -754.414 0
2 362 0 -749.492 35.0366
2 362 0 -744.57 0
2 362 0 -739.648 38.0871
2 362 0 -734.727 0
2 362 0 -729.805 40.1599
2 362 0 -724.883 40.174
2 362 0 -719.961 36.0259
2 362 0 -715.039 0
2 362 0 -710.117 36.21
2 362 0 -705.195 0
2 362 0 -700.273 39.6877
2 362 0 -695.352 0
2 362 0 -690.43 42.2486
2 362 0 -685.508 29.6033
2 362 0 -680.586 38.4666
2 362 0 -675.664 35.0113
2 362 0 -670.742 37.4782
2 362 0 -665.82 0
2 362 0 -660.898 36.4526
2 362 0 -655.977 0
2 362 0 -651.055 26.0688
2 362 0 -646.133 0
2 362 0 -641.211 21.4697
2 362 0 -636.289 36.8391
2 362 0 -631.367 33.7583
2 362 0 -626.445 35.5419
2 362 0 -621.523 32.8358
2 362 0 -616.602 0
2 362 0 -611.68 30.4614
2 362 0 -606.758 0
2 362 0 -601.836 0
2 362 0 -596.914 0
2 362 0 -591.992 0
2 362 0 -587.07 0
2 362 0 -582.148 0
2 362 0 -577.227 0
2 362 0 -572.305 0
2 362 0 -567.383 0
3 362 0 -1212.54 0
3 362 0 -1207.46 0
3 362 0 -1202.38 0
3 362 0 -1197.3 0
3 362 0 -1192.23 0
3 362 0 -1187.15 0
3 362 0 -1182.07 0
3 362 0 -1176.99 0
3 362 0 -1171.91 0
3 362 0 -1166.84 0
3 362 0 -1161.76 0
3 362 0 -1156.68 10.3249
3 362 0 -1151.6 11.0218
3 362 0 -1146.52 0
3 362 0 -1141.45 15.9619
3 362 0 -1136.37 0
3 362 0 -1131.29 14.9683
3 362 0 -1126.21 11.2146
3 362 0 -1121.13 9.7576
3 362 0 -1116.05 10.4778
3 362 0 -1110.98 9.79811
3 362 0 -1105.9 11.3828
3 362 0 -1100.82 10.2586
3 362 0 -1095.74 0
3 362 0 -1090.66 11.3589
3 362 0 -1085.59 0
3 362 0 -1080.51 12.348
3 362 0 -1075.43 0
3 362 0 -1070.35 11.6766
3 362 0 -1065.27 0
3 362 0 -1060.2 11.4776
3 362 0 -1055.12 0
3 362 0 -1050.04 10.7748
3 362 0 -1044.96 0
3 362 0 -1039.88 9.83345
3 362 0 -1034.8 0
3 362 0 -1029.73 9.46279
3 362 0 -1024.65 0
3 362 0 -1019.57 8.20012
3 362 0 -1014.49 0
3 362 0 -1009.41 7.80378
3 362 0 -1004.34 0
3 362 0 -999.258 8.21486
3 362 0 -994.18 0
3 362 0 -989.102 10.6533
3 362 0 -984.023 0
3 362 0 -978.945 8.9198
3 362 0 -973.867 0
3 362 0 -968.789 8.87073
3 362 0 -963.711 0
3 362 0 -958.633 9.49105
3 362 0 -953.555 0
3 362 0 -948.477 9.93872
3 362 0 -943.398 0
3 362 0 -938.32 10.5574
3 362 0 -933.242 0
3 362 0 -928.164 0
3 362 0 -923.086 12.2231
3 362 0 -918.008 0
3 362 0 -912.93 9.46287
3 362 0 -907.852 0
3 362 0 -902.773 0
3 362 0 -897.695 8.37513
3 362 0 -892.617 0
3 362 0 -887.539 9.7405
3 362 0 -882.461 11.0782
3 362 0 -877.383 0
3 362 0 -872.305 11.8821
3 362 0 -867.227 0
3 362 0 -862.148 11.9248
3 362 0 -857.07 0
3 362 0 -851.992 11.6356
3 362 0 -846.914 0
3 362 0 -841.836 10.289
3 362 0 -836.758 12.0232
3 362 0 -831.68 8.87154
3 362 0 -826.602 11.3532
3 362 0 -821.523 7.89036
3 362 0 -816.445 0
3 362 0 -811.367 9.01304
3 362 0 -806.289 0
3 362 0 -801.211 9.44775
3 362 0 -796.133 0
3 362 0 -791.055 9.35194
3 362 0 -785.977 8.63072
3 362 0 -780.898 11.3001
3 362 0 -775.82 9.79586
3 362 0 -770.742 13.8827
3 362 0 -765.664 0
3 362 0 -760.586 11.4732
3 362 0 -755.508 0
3 362 0 -750.43 12.1776
3 362 0 -745.352 0
3 362 0 -740.273 10.8151
3 362 0 -735.195 13.0425
3 362 0 -730.117 10.5892
3 362 0 -725.039 12.2256
3 362 0 -719.961 9.54827
3 362 0 -714.883 12.5399
3 362 0 -709.805 9.91404
3 362 0 -704.727 0
3 362 0 -699.648 10.3448
3 362 0 -694.57 0
3 362 0 -689.492 11.773
3 362 0 -684.414 0
3 362 0 -679.336 14.8607
3 362 0 -674.258 10.7098
3 362 0 -669.18 12.5673
3 362 0 -664.102 9.20159
3 362 0 -659.023 12.1443
3 362 0 -653.945 0
3 362 0 -648.867 11.0068
3 362 0 -643.789 0
3 362 0 -638.711 11.9005
3 362 0 -633.633 0
3 362 0 -628.555 12.0986
3 362 0 -623.477 13.5348
3 362 0 -618.398 12.6654
3 362 0 -613.32 12.0373
3 362 0 -608.242 11.8043
3 362 0 -603.164 0
3 362 0 -598.086 0
3 362 0 -593.008 0
3 362 0 -587.93 0
3 362 0 -582.852 0
3 362 0 -577.773 0
3 362 0 -572.695 0
3 362 0 -567.617 0
4 362 0 -1242.66 0
4 362 0 -1237.34 0
4 362 0 -1232.03 0
4 362 0 -1226.72 0
4 362 0 -1221.41 0
4 362 0 -1216.09 0
4 362 0 -1210.78 0
4 362 0 -1205.47 0
4 362 0 -1200.16 0
4 362 0 -1194.84 0
4 362 0 -1189.53 13.6211
4 362 0 -1184.22 11.7997
4 362 0 -1178.91 13.4066
4 362 0 -1173.59 12.227
4 362 0 -1168.28 15.9293
4 362 0 -1162.97 0
4 362 0 -1157.66 16.3109
4 362 0 -1152.34 13.3954
4 362 0 -1147.03 0
4 362 0 -1141.72 12.2923
4 362 0 -1136.41 0
4 362 0 -1131.09 16.5461
4 362 0 -1125.78 18.1583
4 362 0 -1120.47 14.5082
4 362 0 -1115.16 16.0482
4 362 0 -1109.84 15.2552
4 362 0 -1104.53 0
4 362 0 -1099.22 14.9372
4 362 0 -1093.91 0
4 362 0 -1088.59 14.8423
4 362 0 -1083.28 0
4 362 0 -1077.97 13.7712
4 362 0 -1072.66 0
4 362 0 -1067.34 14.2557
4 362 0 -1062.03 16.6499
4 362 0 -1056.72 0
4 362 0 -1051.41 16.8584
4 362 0 -1046.09 0
4 362 0 -1040.78 14.2163
4 362 0 -1035.47 0
4 362 0 -1030.16 12.7394
4 362 0 -1024.84 0
4 362 0 -1019.53 11.9348
4 362 0 -1014.22 0
4 362 0 -1008.91 13.3201
4 362 0 -1003.59 0
4 362 0 -998.281 13.7132
4 362 0 -992.969 0
4 362 0 -987.656 11.7943
4 362 0 -982.344 12.7443
4 362 0 -977.031 0
4 362 0 -971.719 12.4958
4 362 0 -966.406 0
4 362 0 -961.094 11.3573
4 362 0 -955.781 0
4 362 0 -950.469 15.0223
4 362 0 -945.156 0
4 362 0 -939.844 14.5684
4 362 0 -934.531 0
4 362 0 -929.219 0
4 362 0 -923.906 10.6343
4 362 0 -918.594 0
4 362 0 -913.281 12.5582
4 362 0 -907.969 0
4 362 0 -902.656 0
4 362 0 -897.344 14.0401
4 362 0 -892.031 13.1533
4 362 0 -886.719 0
4 362 0 -881.406 13.361
4 362 0 -876.094 0
4 362 0 -870.781 13.4817
4 362 0 -865.469 0
4 362 0 -860.156 13.8533
4 362 0 -854.844 0
4 362 0 -849.531 13.7862
4 362 0 -844.219 0
4 362 0 -838.906 15.0162
4 362 0 -833.594 0
4 362 0 -828.281 12.8887
4 362 0 -822.969 15.8117
4 362 0 -817.656 10.2964
4 362 0 -812.344 12.4351
4 362 0 -807.031 0
4 362 0 -801.719 12.8883
4 362 0 -796.406 0
4 362 0 -791.094 15.146
4 362 0 -785.781 11.0087
4 362 0 -780.469 15.8973
4 362 0 -775.156 13.2522
4 362 0 -769.844 16.4476
4 362 0 -764.531 14.4289
4 362 0 -759.219 14.8413
4 362 0 -753.906 0
4 362 0 -748.594 15.7893
4 362 0 -743.281 0
4 362 0 -737.969 14.4857
4 362 0 -732.656 16.6757
4 362 0 -727.344 15.0206
4 362 0 -722.031 15.8006
4 362 0 -716.719 0
4 362 0 -711.406 16.9669
4 362 0 -706.094 0
4 362 0 -700.781 16.049
4 362 0 -695.469 0
4 362 0 -690.156 17.3114
4 362 0 -684.844 14.0028
4 362 0 -679.531 18.6732
4 362 0 -674.219 16.5254
4 362 0 -668.906 18.5717
4 362 0 -663.594 16.1242
4 362 0 -658.281 19.7684
4 362 0 -652.969 0
4 362 0 -647.656 15.5608
4 362 0 -642.344 15.296
4 362 0 -637.031 16.4683
4 362 0 -631.719 10.0894
4 362 0 -626.406 17.8215
4 362 0 -621.094 18.7269
4 362 0 -615.781 0
4 362 0 -610.469 18.0107
4 362 0 -605.156 0
4 362 0 -599.844 0
4 362 0 -594.531 0
4 362 0 -589.219 0
4 362 0 -583.906 0
4 362 0 -578.594 0
4 362 0 -573.281 0
4 362 0 -567.969 0
5 362 0 -1473.63 0
5 362 0 -1466.37 0
5 362 0 -1459.1 0
5 362 0 -1451.84 0
5 362 0 -1444.57 0
5 362 0 -1437.3 0
5 362 0 -1430.04 0
5 362 0 -1422.77 0
5 362 0 -1415.51 0
5 362 0 -1408.24 0
5 362 0 -1400.98 7.13813
5 362 0 -1393.71 7.95356
5 362 0 -1386.45 7.4828
5 362 0 -1379.18 7.09104
5 362 0 -1371.91 6.3844
5 362 0 -1364.65 6.26544
5 362 0 -1357.38 7.3256
5 362 0 -1350.12 7.43103
5 362 0 -1342.85 7.71977
5 362 0 -1335.59 6.90844
5 362 0 -1328.32 7.95726
5 362 0 -1321.05 7.28653
5 362 0 -1313.79 7.03154
5 362 0 -1306.52 7.66126
5 362 0 -1299.26 6.99137
5 362 0 -1291.99 6.34143
5 362 0 -1284.73 7.21712
5 362 0 -1277.46 7.40879
5 362 0 -1270.2 9.36257
5 362 0 -1262.93 8.13759
5 362 0 -1255.66 7.29531
5 362 0 -1248.4 6.79863
5 362 0 -1241.13 6.34945
5 362 0 -1233.87 6.08933
5 362 0 -1226.6 6.48588
5 362 0 -1219.34 7.1435
5 362 0 -1212.07 7.62329
5 362 0 -1204.8 6.99113
5 362 0 -1197.54 7.62641
5 362 0 -1190.27 7.32814
5 362 0 -1183.01 7.03464
5 362 0 -1175.74 6.94218
5 362 0 -1168.48 7.4744
5 362 0 -1161.21 7.04636
5 362 0 -1153.95 0
5 362 0 -1146.68 6.73004
5 362 0 -1139.41 7.42684
5 362 0 -1132.15 7.41977
5 362 0 -1124.88 7.02805
5 362 0 -1117.62 7.90226
5 362 0 -1110.35 7.95179
5 362 0 -1103.09 7.45157
5 362 0 -1095.82 0
5 362 0 -1088.55 7.96182
5 362 0 -1081.29 8.03394
5 362 0 -1074.02 0
5 362 0 -1066.76 8.15845
5 362 0 -1059.49 8.20062
5 362 0 -1052.23 8.56163
5 362 0 -1044.96 0
5 362 0 -1037.7 8.81791
5 362 0 -1030.43 8.25984
5 362 0 -1023.16 8.60505
5 362 0 -1015.9 0
5 362 0 -1008.63 8.09335
5 362 0 -1001.37 8.03044
5 362 0 -994.102 0
5 362 0 -986.836 8.04564
5 362 0 -979.57 7.8856
5 362 0 -972.305 8.07279
5 362 0 -965.039 0
5 362 0 -957.773 8.61613
5 362 0 -950.508 8.73361
5 362 0 -943.242 0
5 362 0 -935.977 8.3833
5 362 0 -928.711 0
5 362 0 -921.445 9.49478
5 362 0 -914.18 9.515
5 362 0 -906.914 0
5 362 0 -899.648 9.56039
5 362 0 -892.383 9.95394
5 362 0 -885.117 0
5 362 0 -877.852 10.8693
5 362 0 -870.586 10.0569
5 362 0 -863.32 10.0794
5 362 0 -856.055 0
5 362 0 -848.789 11.6951
5 362 0 -841.523 9.22974
5 362 0 -834.258 14.7893
5 362 0 -826.992 11.1681
5 362 0 -819.727 9.05396
5 362 0 -812.461 11.7265
5 362 0 -805.195 0
5 362 0 -797.93 12.0457
5 362 0 -790.664 11.6349
5 362 0 -783.398 11.4136
5 362 0 -776.133 12.397
5 362 0 -768.867 13.4133
5 362 0 -761.602 13.8908
5 362 0 -754.336 0
5 362 0 -747.07 12.428
5 362 0 -739.805 12.5052
5 362 0 -732.539 12.2862
5 362 0 -725.273 11.5406
5 362 0 -718.008 12.534
5 362 0 -710.742 13.5605
5 362 0 -703.477 14.2014
5 362 0 -696.211 12.7972
5 362 0 -688.945 12.6278
5 362 0 -681.68 16.7906
5 362 0 -674.414 11.1616
5 362 0 -667.148 14.1669
5 362 0 -659.883 12.6547
5 362 0 -652.617 14.7085
5 362 0 -645.352 0
5 362 0 -638.086 16.2959
5 362 0 -630.82 0
5 362 0 -623.555 15.9564
5 362 0 -616.289 0
5 362 0 -609.023 11.9413
5 362 0 -601.758 0
5 362 0 -594.492 0
5 362 0 -587.227 0
5 362 0 -579.961 0
5 362 0 -572.695 0
5 362 0 -565.43 0
5 362 0 -558.164 0
5 362 0 -550.898 0
