1 360 1 -1252.7 0
1 360 1 -1247.3 0
1 360 1 -1241.91 0
1 360 1 -1236.52 0
1 360 1 -1231.13 0
1 360 1 -1225.74 0
1 360 1 -1220.35 0
1 360 1 -1214.96 0
1 360 1 -1209.57 0
1 360 1 -1204.18 0
1 360 1 -1198.79 16.8128
1 360 1 -1193.4 12.537
1 360 1 -1188.01 17.1858
1 360 1 -1182.62 16.9919
1 360 1 -1177.23 15.426
1 360 1 -1171.84 19.4219
1 360 1 -1166.45 16.682
1 360 1 -1161.05 20.6944
1 360 1 -1155.66 15.7798
1 360 1 -1150.27 20.6106
1 360 1 -1144.88 17.2119
1 360 1 -1139.49 0
1 360 1 -1134.1 19.6455
1 360 1 -1128.71 0
1 360 1 -1123.32 11.4604
1 360 1 -1117.93 0
1 360 1 -1112.54 12.4642
1 360 1 -1107.15 0
1 360 1 -1101.76 14.698
1 360 1 -1096.37 0
1 360 1 -1090.98 12.3698
1 360 1 -1085.59 0
1 360 1 -1080.2 10.5052
1 360 1 -1074.8 0
1 360 1 -1069.41 9.9661
1 360 1 -1064.02 10.6222
1 360 1 -1058.63 0
1 360 1 -1053.24 9.76557
1 360 1 -1047.85 0
1 360 1 -1042.46 11.7049
1 360 1 -1037.07 11.1364
1 360 1 -1031.68 10.927
1 360 1 -1026.29 13.1189
1 360 1 -1020.9 11.4988
1 360 1 -1015.51 13.1183
1 360 1 -1010.12 11.9829
1 360 1 -1004.73 0
1 360 1 -999.336 11.4811
1 360 1 -993.945 13.9896
1 360 1 -988.555 11.5704
1 360 1 -983.164 13.8961
1 360 1 -977.773 11.125
1 360 1 -972.383 11.2026
1 360 1 -966.992 0
1 360 1 -961.602 10.84
1 360 1 -956.211 12.6066
1 360 1 -950.82 10.657
1 360 1 -945.43 11.1161
1 360 1 -940.039 11.4156
1 360 1 -934.648 11.165
1 360 1 -929.258 11.5097
1 360 1 -923.867 12.315
1 360 1 -918.477 13.0169
1 360 1 -913.086 0
1 360 1 -907.695 13.0072
1 360 1 -902.305 0
1 360 1 -896.914 12.6448
1 360 1 -891.523 0
1 360 1 -886.133 12.6973
1 360 1 -880.742 0
1 360 1 -875.352 14.3326
1 360 1 -869.961 0
1 360 1 -864.57 0
1 360 1 -859.18 14.0167
1 360 1 -853.789 0
1 360 1 -848.398 14.6295
1 360 1 -843.008 0
1 360 1 -837.617 15.7721
1 360 1 -832.227 0
1 360 1 -826.836 15.7993
1 360 1 -821.445 0
1 360 1 -816.055 0
1 360 1 -810.664 17.718
1 360 1 -805.273 0
1 360 1 -799.883 15.9993
1 360 1 -794.492 0
1 360 1 -789.102 16.9477
1 360 1 -783.711 0
1 360 1 -778.32 19.8162
1 360 1 -772.93 0
1 360 1 -767.539 19.4286
1 360 1 -762.148 18.4709
1 360 1 -756.758 0
1 360 1 -751.367 19.8489
1 360 1 -745.977 0
1 360 1 -740.586 0
1 360 1 -735.195 20.716
1 360 1 -729.805 0
1 360 1 -724.414 18.9418
1 360 1 -719.023 0
1 360 1 -713.633 19.4324
1 360 1 -708.242 0
1 360 1 -702.852 0
1 360 1 -697.461 21.5439
1 360 1 -692.07 21.3097
1 360 1 -686.68 20.5609
1 360 1 -681.289 0
1 360 1 -675.898 22.4139
1 360 1 -670.508 21.2611
1 360 1 -665.117 0
1 360 1 -659.727 0
1 360 1 -654.336 23.2983
1 360 1 -648.945 0
1 360 1 -643.555 26.1431
1 360 1 -638.164 0
1 360 1 -632.773 0
1 360 1 -627.383 24.6893
1 360 1 -621.992 0
1 360 1 -616.602 20.0342
1 360 1 -611.211 0
1 360 1 -605.82 0
1 360 1 -600.43 0
1 360 1 -595.039 0
1 360 1 -589.648 0
1 360 1 -584.258 0
1 360 1 -578.867 0
1 360 1 -573.477 0
1 360 1 -568.086 0
2 360 1 -1252.7 0
2 360 1 -1247.3 0
2 360 1 -1241.91 0
2 360 1 -1236.52 0
2 360 1 -1231.13 0
2 360 1 -1225.74 0
2 360 1 -1220.35 0
2 360 1 -1214.96 0
2 360 1 -1209.57 0
2 360 1 -1204.18 0
2 360 1 -1198.79 2.38643
2 360 1 -1193.4 2.286
2 360 1 -1188.01 2.28447
2 360 1 -1182.62 2.33507
2 360 1 -1177.23 2.50203
2 360 1 -1171.84 2.66432
2 360 1 -1166.45 2.07415
2 360 1 -1161.05 3.00102
2 360 1 -1155.66 2.21992
2 360 1 -1150.27 2.58375
2 360 1 -1144.88 2.57551
2 360 1 -1139.49 0
2 360 1 -1134.1 3.12653
2 360 1 -1128.71 0
2 360 1 -1123.32 2.52071
2 360 1 -1117.93 0
2 360 1 -1112.54 2.24868
2 360 1 -1107.15 0
2 360 1 -1101.76 2.1697
2 360 1 -1096.37 0
2 360 1 -1090.98 2.1194
2 360 1 -1085.59 0
2 360 1 -1080.2 2.22383
2 360 1 -1074.8 0
2 360 1 -1069.41 1.98786
2 360 1 -1064.02 2.34268
2 360 1 -1058.63 0
2 360 1 -1053.24 2.18909
2 360 1 -1047.85 0
2 360 1 -1042.46 2.17392
2 360 1 -1037.07 2.18912
2 360 1 -1031.68 2.0483
2 360 1 -1026.29 2.59596
2 360 1 -1020.9 2.02797
2 360 1 -1015.51 2.39456
2 360 1 -1010.12 2.13763
2 360 1 -1004.73 0
2 360 1 -999.336 2.24136
2 360 1 -993.945 2.41734
2 360 1 -988.555 2.17059
2 360 1 -983.164 2.42613
2 360 1 -977.773 2.14136
2 360 1 -972.383 2.10959
2 360 1 -966.992 0
2 360 1 -961.602 1.95576
2 360 1 -956.211 2.19294
2 360 1 -950.82 2.03957
2 360 1 -945.43 2.16196
2 360 1 -940.039 1.9988
2 360 1 -934.648 1.98652
2 360 1 -929.258 1.97477
2 360 1 -923.867 2.09412
2 360 1 -918.477 1.92394
2 360 1 -913.086 0
2 360 1 -907.695 2
2 360 1 -902.305 0
2 360 1 -896.914 1.93686
2 360 1 -891.523 0
2 360 1 -886.133 2.08511
2 360 1 -880.742 0
2 360 1 -875.352 1.97789
2 360 1 -869.961 0
2 360 1 -864.57 0
2 360 1 -859.18 1.86195
2 360 1 -853.789 0
2 360 1 -848.398 2.0971
2 360 1 -843.008 0
2 360 1 -837.617 2.11855
2 360 1 -832.227 0
2 360 1 -826.836 1.93983
2 360 1 -821.445 0
2 360 1 -816.055 0
2 360 1 -810.664 1.97788
2 360 1 -805.273 0
2 360 1 -799.883 1.82397
2 360 1 -794.492 0
2 360 1 -789.102 1.94706
2 360 1 -783.711 0
2 360 1 -778.32 2.11836
2 360 1 -772.93 0
2 360 1 -767.539 1.82485
2 360 1 -762.148 1.92436
2 360 1 -756.758 0
2 360 1 -751.367 1.83472
2 360 1 -745.977 0
2 360 1 -740.586 0
2 360 1 -735.195 2.09772
2 360 1 -729.805 0
2 360 1 -724.414 1.69334
2 360 1 -719.023 0
2 360 1 -713.633 1.74734
2 360 1 -708.242 0
2 360 1 -702.852 0
2 360 1 -697.461 2.02239
2 360 1 -692.07 1.94866
2 360 1 -686.68 1.76131
2 360 1 -681.289 0
2 360 1 -675.898 1.79062
2 360 1 -670.508 1.90564
2 360 1 -665.117 0
2 360 1 -659.727 0
2 360 1 -654.336 1.92733
2 360 1 -648.945 0
2 360 1 -643.555 1.84179
2 360 1 -638.164 0
2 360 1 -632.773 0
2 360 1 -627.383 1.85833
2 360 1 -621.992 0
2 360 1 -616.602 2.0324
2 360 1 -611.211 0
2 360 1 -605.82 0
2 360 1 -600.43 0
2 360 1 -595.039 0
2 360 1 -589.648 0
2 360 1 -584.258 0
2 360 1 -578.867 0
2 360 1 -573.477 0
2 360 1 -568.086 0
3 360 1 -1252.7 0
3 360 1 -1247.3 0
3 360 1 -1241.91 0
3 360 1 -1236.52 0
3 360 1 -1231.13 0
3 360 1 -1225.74 0
3 360 1 -1220.35 0
3 360 1 -1214.96 0
3 360 1 -1209.57 0
3 360 1 -1204.18 0
3 360 1 -1198.79 2.82276
3 360 1 -1193.4 1.82638
3 360 1 -1188.01 2.58335
3 360 1 -1182.62 2.27707
3 360 1 -1177.23 2.5182
3 360 1 -1171.84 2.64581
3 360 1 -1166.45 3.2939
3 360 1 -1161.05 3.47993
3 360 1 -1155.66 2.90113
3 360 1 -1150.27 3.18546
3 360 1 -1144.88 3.22953
3 360 1 -1139.49 0
3 360 1 -1134.1 2.99874
3 360 1 -1128.71 0
3 360 1 -1123.32 2.1808
3 360 1 -1117.93 0
3 360 1 -1112.54 2.53998
3 360 1 -1107.15 0
3 360 1 -1101.76 2.55034
3 360 1 -1096.37 0
3 360 1 -1090.98 2.20042
3 360 1 -1085.59 0
3 360 1 -1080.2 2.12892
3 360 1 -1074.8 0
3 360 1 -1069.41 1.96343
3 360 1 -1064.02 2.07198
3 360 1 -1058.63 0
3 360 1 -1053.24 2.23667
3 360 1 -1047.85 0
3 360 1 -1042.46 2.15722
3 360 1 -1037.07 2.0542
3 360 1 -1031.68 1.96084
3 360 1 -1026.29 2.14217
3 360 1 -1020.9 2.02689
3 360 1 -1015.51 2.02038
3 360 1 -1010.12 2.13534
3 360 1 -1004.73 0
3 360 1 -999.336 2.22093
3 360 1 -993.945 2.06465
3 360 1 -988.555 2.2298
3 360 1 -983.164 2.20212
3 360 1 -977.773 2.15472
3 360 1 -972.383 2.03593
3 360 1 -966.992 0
3 360 1 -961.602 2.12065
3 360 1 -956.211 2.11772
3 360 1 -950.82 2.00417
3 360 1 -945.43 2.16523
3 360 1 -940.039 1.99981
3 360 1 -934.648 2.14808
3 360 1 -929.258 2.05814
3 360 1 -923.867 2.01869
3 360 1 -918.477 1.93487
3 360 1 -913.086 0
3 360 1 -907.695 2.0863
3 360 1 -902.305 0
3 360 1 -896.914 1.90891
3 360 1 -891.523 0
3 360 1 -886.133 1.80967
3 360 1 -880.742 0
3 360 1 -875.352 2.2104
3 360 1 -869.961 0
3 360 1 -864.57 0
3 360 1 -859.18 2.00272
3 360 1 -853.789 0
3 360 1 -848.398 1.98607
3 360 1 -843.008 0
3 360 1 -837.617 1.84159
3 360 1 -832.227 0
3 360 1 -826.836 1.87013
3 360 1 -821.445 0
3 360 1 -816.055 0
3 360 1 -810.664 1.86963
3 360 1 -805.273 0
3 360 1 -799.883 1.97426
3 360 1 -794.492 0
3 360 1 -789.102 1.97168
3 360 1 -783.711 0
3 360 1 -778.32 1.98234
3 360 1 -772.93 0
3 360 1 -767.539 1.8743
3 360 1 -762.148 1.96948
3 360 1 -756.758 0
3 360 1 -751.367 1.88663
3 360 1 -745.977 0
3 360 1 -740.586 0
3 360 1 -735.195 2.10469
3 360 1 -729.805 0
3 360 1 -724.414 2.03832
3 360 1 -719.023 0
3 360 1 -713.633 2.02954
3 360 1 -708.242 0
3 360 1 -702.852 0
3 360 1 -697.461 1.90462
3 360 1 -692.07 2.51686
3 360 1 -686.68 1.90791
3 360 1 -681.289 0
3 360 1 -675.898 1.73979
3 360 1 -670.508 1.78659
3 360 1 -665.117 0
3 360 1 -659.727 0
3 360 1 -654.336 1.82958
3 360 1 -648.945 0
3 360 1 -643.555 1.86132
3 360 1 -638.164 0
3 360 1 -632.773 0
3 360 1 -627.383 1.67067
3 360 1 -621.992 0
3 360 1 -616.602 1.96985
3 360 1 -611.211 0
3 360 1 -605.82 0
3 360 1 -600.43 0
3 360 1 -595.039 0
3 360 1 -589.648 0
3 360 1 -584.258 0
3 360 1 -578.867 0
3 360 1 -573.477 0
3 360 1 -568.086 0
4 360 1 -1252.7 0
4 360 1 -1247.3 0
4 360 1 -1241.91 0
4 360 1 -1236.52 0
4 360 1 -1231.13 0
4 360 1 -1225.74 0
4 360 1 -1220.35 0
4 360 1 -1214.96 0
4 360 1 -1209.57 0
4 360 1 -1204.18 0
4 360 1 -1198.79 2.53122
4 360 1 -1193.4 2.42866
4 360 1 -1188.01 2.44297
4 360 1 -1182.62 2.73558
4 360 1 -1177.23 2.5974
4 360 1 -1171.84 3.10315
4 360 1 -1166.45 2.6998
4 360 1 -1161.05 2.6017
4 360 1 -1155.66 2.53967
4 360 1 -1150.27 2.66597
4 360 1 -1144.88 2.8197
4 360 1 -1139.49 3.14136
4 360 1 -1134.1 2.83432
4 360 1 -1128.71 2.84775
4 360 1 -1123.32 2.35987
4 360 1 -1117.93 2.6885
4 360 1 -1112.54 2.68597
4 360 1 -1107.15 0
4 360 1 -1101.76 2.68307
4 360 1 -1096.37 0
4 360 1 -1090.98 2.83577
4 360 1 -1085.59 0
4 360 1 -1080.2 2.77185
4 360 1 -1074.8 0
4 360 1 -1069.41 3.02729
4 360 1 -1064.02 2.18105
4 360 1 -1058.63 3.10125
4 360 1 -1053.24 2.40682
4 360 1 -1047.85 3.37338
4 360 1 -1042.46 2.30583
4 360 1 -1037.07 3.37146
4 360 1 -1031.68 2.24394
4 360 1 -1026.29 3.07427
4 360 1 -1020.9 2.2836
4 360 1 -1015.51 3.08602
4 360 1 -1010.12 2.32359
4 360 1 -1004.73 3.46249
4 360 1 -999.336 2.45418
4 360 1 -993.945 2.95994
4 360 1 -988.555 2.33249
4 360 1 -983.164 2.50397
4 360 1 -977.773 2.27931
4 360 1 -972.383 3.22874
4 360 1 -966.992 4.58257
4 360 1 -961.602 2.25824
4 360 1 -956.211 4.34158
4 360 1 -950.82 2.42159
4 360 1 -945.43 4.57666
4 360 1 -940.039 2.39058
4 360 1 -934.648 4.29141
4 360 1 -929.258 2.28425
4 360 1 -923.867 3.35882
4 360 1 -918.477 2.51522
4 360 1 -913.086 5.2026
4 360 1 -907.695 2.42525
4 360 1 -902.305 5.81697
4 360 1 -896.914 2.36834
4 360 1 -891.523 5.75103
4 360 1 -886.133 4.14279
4 360 1 -880.742 0
4 360 1 -875.352 4.09029
4 360 1 -869.961 0
4 360 1 -864.57 5.64628
4 360 1 -859.18 2.29914
4 360 1 -853.789 6.46426
4 360 1 -848.398 2.3035
4 360 1 -843.008 5.79589
4 360 1 -837.617 2.33802
4 360 1 -832.227 3.76481
4 360 1 -826.836 2.31908
4 360 1 -821.445 3.96776
4 360 1 -816.055 0
4 360 1 -810.664 4.05304
4 360 1 -805.273 0
4 360 1 -799.883 4.5976
4 360 1 -794.492 0
4 360 1 -789.102 4.26917
4 360 1 -783.711 0
4 360 1 -778.32 4.53221
4 360 1 -772.93 0
4 360 1 -767.539 4.85577
4 360 1 -762.148 2.4495
4 360 1 -756.758 6.22935
4 360 1 -751.367 2.25575
4 360 1 -745.977 6.81293
4 360 1 -740.586 0
4 360 1 -735.195 5.24664
4 360 1 -729.805 0
4 360 1 -724.414 4.20369
4 360 1 -719.023 0
4 360 1 -713.633 4.68382
4 360 1 -708.242 0
4 360 1 -702.852 0
4 360 1 -697.461 4.39106
4 360 1 -692.07 2.80449
4 360 1 -686.68 4.03446
4 360 1 -681.289 0
4 360 1 -675.898 4.7262
4 360 1 -670.508 3.04211
4 360 1 -665.117 0
4 360 1 -659.727 7.86237
4 360 1 -654.336 3.40779
4 360 1 -648.945 7.93695
4 360 1 -643.555 3.10093
4 360 1 -638.164 7.07518
4 360 1 -632.773 0
4 360 1 -627.383 4.56562
4 360 1 -621.992 5.54502
4 360 1 -616.602 2.9372
4 360 1 -611.211 5.34584
4 360 1 -605.82 0
4 360 1 -600.43 0
4 360 1 -595.039 0
4 360 1 -589.648 0
4 360 1 -584.258 0
4 360 1 -578.867 0
4 360 1 -573.477 0
4 360 1 -568.086 0
5 360 1 -1483.67 0
5 360 1 -1476.33 0
5 360 1 -1468.98 0
5 360 1 -1461.64 0
5 360 1 -1454.3 0
5 360 1 -1446.95 0
5 360 1 -1439.61 0
5 360 1 -1432.27 0
5 360 1 -1424.92 0
5 360 1 -1417.58 0
5 360 1 -1410.23 0
5 360 1 -1402.89 3.32835
5 360 1 -1395.55 0
5 360 1 -1388.2 2.60584
5 360 1 -1380.86 0
5 360 1 -1373.52 0
5 360 1 -1366.17 3.0184
5 360 1 -1358.83 2.36358
5 360 1 -1351.48 2.98321
5 360 1 -1344.14 0
5 360 1 -1336.8 2.88704
5 360 1 -1329.45 2.89801
5 360 1 -1322.11 2.80232
5 360 1 -1314.77 0
5 360 1 -1307.42 2.94459
5 360 1 -1300.08 2.32084
5 360 1 -1292.73 3.04205
5 360 1 -1285.39 3.01737
5 360 1 -1278.05 2.66612
5 360 1 -1270.7 2.86036
5 360 1 -1263.36 2.73995
5 360 1 -1256.02 2.80252
5 360 1 -1248.67 2.76817
5 360 1 -1241.33 2.78676
5 360 1 -1233.98 2.76667
5 360 1 -1226.64 2.71365
5 360 1 -1219.3 2.91768
5 360 1 -1211.95 2.91545
5 360 1 -1204.61 2.79269
5 360 1 -1197.27 2.82845
5 360 1 -1189.92 2.80396
5 360 1 -1182.58 2.70174
5 360 1 -1175.23 2.91703
5 360 1 -1167.89 2.72164
5 360 1 -1160.55 2.64012
5 360 1 -1153.2 2.68965
5 360 1 -1145.86 2.69284
5 360 1 -1138.52 2.69299
5 360 1 -1131.17 2.80129
5 360 1 -1123.83 0
5 360 1 -1116.48 2.58868
5 360 1 -1109.14 2.64432
5 360 1 -1101.8 2.69701
5 360 1 -1094.45 2.1324
5 360 1 -1087.11 2.64634
5 360 1 -1079.77 2.5445
5 360 1 -1072.42 2.54596
5 360 1 -1065.08 2.27141
5 360 1 -1057.73 2.63318
5 360 1 -1050.39 2.56349
5 360 1 -1043.05 2.37845
5 360 1 -1035.7 2.63956
5 360 1 -1028.36 2.63933
5 360 1 -1021.02 2.57127
5 360 1 -1013.67 0
5 360 1 -1006.33 2.53474
5 360 1 -998.984 2.51611
5 360 1 -991.641 2.51503
5 360 1 -984.297 2.50759
5 360 1 -976.953 2.5214
5 360 1 -969.609 2.59628
5 360 1 -962.266 2.51682
5 360 1 -954.922 2.55257
5 360 1 -947.578 2.51087
5 360 1 -940.234 2.28728
5 360 1 -932.891 2.51521
5 360 1 -925.547 2.56274
5 360 1 -918.203 2.41562
5 360 1 -910.859 2.44262
5 360 1 -903.516 2.5466
5 360 1 -896.172 2.42751
5 360 1 -888.828 2.30784
5 360 1 -881.484 2.67117
5 360 1 -874.141 2.49482
5 360 1 -866.797 0
5 360 1 -859.453 2.42895
5 360 1 -852.109 2.42544
5 360 1 -844.766 2.55444
5 360 1 -837.422 2.24299
5 360 1 -830.078 2.58842
5 360 1 -822.734 2.48129
5 360 1 -815.391 2.3231
5 360 1 -808.047 2.63938
5 360 1 -800.703 2.45401
5 360 1 -793.359 2.2507
5 360 1 -786.016 2.51618
5 360 1 -778.672 2.47905
5 360 1 -771.328 2.25006
5 360 1 -763.984 2.52891
5 360 1 -756.641 2.27588
5 360 1 -749.297 2.23015
5 360 1 -741.953 2.46032
5 360 1 -734.609 2.47763
5 360 1 -727.266 2.28384
5 360 1 -719.922 3.05303
5 360 1 -712.578 2.63248
5 360 1 -705.234 0
5 360 1 -697.891 2.5014
5 360 1 -690.547 2.18233
5 360 1 -683.203 2.31
5 360 1 -675.859 2.19148
5 360 1 -668.516 2.08059
5 360 1 -661.172 2.14453
5 360 1 -653.828 2.05817
5 360 1 -646.484 2.06907
5 360 1 -639.141 2.06161
5 360 1 -631.797 2.04844
5 360 1 -624.453 1.95199
5 360 1 -617.109 2.023
5 360 1 -609.766 2.01107
5 360 1 -602.422 0
5 360 1 -595.078 0
5 360 1 -587.734 0
5 360 1 -580.391 0
5 360 1 -573.047 0
5 360 1 -565.703 0
5 360 1 -558.359 0
5 360 1 -551.016 0
