1 361 1 -981.602 0
1 361 1 -978.398 0
1 361 1 -975.195 0
1 361 1 -971.992 0
1 361 1 -968.789 0
1 361 1 -965.586 0
1 361 1 -962.383 0
1 361 1 -959.18 0
1 361 1 -955.977 0
1 361 1 -952.773 0
1 361 1 -949.57 1.74144
1 361 1 -946.367 0
1 361 1 -943.164 0
1 361 1 -939.961 1.64519
1 361 1 -936.758 1.54251
1 361 1 -933.555 0
1 361 1 -930.352 1.80336
1 361 1 -927.148 0
1 361 1 -923.945 1.5643
1 361 1 -920.742 1.77057
1 361 1 -917.539 0
1 361 1 -914.336 0
1 361 1 -911.133 1.84578
1 361 1 -907.93 0
1 361 1 -904.727 0
1 361 1 -901.523 1.71344
1 361 1 -898.32 0
1 361 1 -895.117 0
1 361 1 -891.914 0
1 361 1 -888.711 1.92982
1 361 1 -885.508 0
1 361 1 -882.305 0
1 361 1 -879.102 2.01831
1 361 1 -875.898 0
1 361 1 -872.695 0
1 361 1 -869.492 2.16452
1 361 1 -866.289 0
1 361 1 -863.086 0
1 361 1 -859.883 2.21179
1 361 1 -856.68 0
1 361 1 -853.477 0
1 361 1 -850.273 2.34343
1 361 1 -847.07 2.27562
1 361 1 -843.867 0
1 361 1 -840.664 2.36479
1 361 1 -837.461 2.52742
1 361 1 -834.258 2.59324
1 361 1 -831.055 2.88784
1 361 1 -827.852 2.41216
1 361 1 -824.648 0
1 361 1 -821.445 0
1 361 1 -818.242 2.55164
1 361 1 -815.039 0
1 361 1 -811.836 0
1 361 1 -808.633 2.92959
1 361 1 -805.43 2.64823
1 361 1 -802.227 0
1 361 1 -799.023 0
1 361 1 -795.82 2.74652
1 361 1 -792.617 0
1 361 1 -789.414 3.01756
1 361 1 -786.211 3.07586
1 361 1 -783.008 0
1 361 1 -779.805 0
1 361 1 -776.602 0
1 361 1 -773.398 3.04606
1 361 1 -770.195 2.97458
1 361 1 -766.992 0
1 361 1 -763.789 0
1 361 1 -760.586 3.09366
1 361 1 -757.383 0
1 361 1 -754.18 0
1 361 1 -750.977 2.9576
1 361 1 -747.773 3.20814
1 361 1 -744.57 0
1 361 1 -741.367 0
1 361 1 -738.164 3.07945
1 361 1 -734.961 3.28379
1 361 1 -731.758 0
1 361 1 -728.555 0
1 361 1 -725.352 3.22137
1 361 1 -722.148 3.33426
1 361 1 -718.945 0
1 361 1 -715.742 0
1 361 1 -712.539 3.57914
1 361 1 -709.336 3.68318
1 361 1 -706.133 0
1 361 1 -702.93 0
1 361 1 -699.727 3.64286
1 361 1 -696.523 4.04287
1 361 1 -693.32 0
1 361 1 -690.117 0
1 361 1 -686.914 3.70236
1 361 1 -683.711 3.9513
1 361 1 -680.508 0
1 361 1 -677.305 0
1 361 1 -674.102 3.71332
1 361 1 -670.898 0
1 361 1 -667.695 0
1 361 1 -664.492 0
1 361 1 -661.289 4.0466
1 361 1 -658.086 0
1 361 1 -654.883 0
1 361 1 -651.68 4.67592
1 361 1 -648.477 4.66911
1 361 1 -645.273 0
1 361 1 -642.07 5.29742
1 361 1 -638.867 5.17249
1 361 1 -635.664 0
1 361 1 -632.461 5.60424
1 361 1 -629.258 5.52392
1 361 1 -626.055 0
1 361 1 -622.852 6.63084
1 361 1 -619.648 4.78359
1 361 1 -616.445 0
1 361 1 -613.242 0
1 361 1 -610.039 5.02254
1 361 1 -606.836 0
1 361 1 -603.633 0
1 361 1 -600.43 5.08005
1 361 1 -597.227 0
1 361 1 -594.023 0
1 361 1 -590.82 0
1 361 1 -587.617 0
1 361 1 -584.414 0
1 361 1 -581.211 0
1 361 1 -578.008 0
1 361 1 -574.805 0
2 361 1 -1077.01 0
2 361 1 -1072.99 0
2 361 1 -1068.96 0
2 361 1 -1064.94 0
2 361 1 -1060.92 0
2 361 1 -1056.89 0
2 361 1 -1052.87 0
2 361 1 -1048.85 0
2 361 1 -1044.82 0
2 361 1 -1040.8 0
2 361 1 -1036.78 1.69057
2 361 1 -1032.75 0
2 361 1 -1028.73 0
2 361 1 -1024.71 0
2 361 1 -1020.68 0
2 361 1 -1016.66 0
2 361 1 -1012.64 0
2 361 1 -1008.61 0
2 361 1 -1004.59 0
2 361 1 -1000.57 0
2 361 1 -996.543 0
2 361 1 -992.52 0
2 361 1 -988.496 0
2 361 1 -984.473 0
2 361 1 -980.449 2.45316
2 361 1 -976.426 0
2 361 1 -972.402 0
2 361 1 -968.379 0
2 361 1 -964.355 0
2 361 1 -960.332 1.89428
2 361 1 -956.309 0
2 361 1 -952.285 0
2 361 1 -948.262 2.10157
2 361 1 -944.238 0
2 361 1 -940.215 1.81136
2 361 1 -936.191 0
2 361 1 -932.168 0
2 361 1 -928.145 0
2 361 1 -924.121 0
2 361 1 -920.098 0
2 361 1 -916.074 0
2 361 1 -912.051 0
2 361 1 -908.027 0
2 361 1 -904.004 0
2 361 1 -899.98 0
2 361 1 -895.957 0
2 361 1 -891.934 1.39658
2 361 1 -887.91 0
2 361 1 -883.887 0
2 361 1 -879.863 2.28917
2 361 1 -875.84 0
2 361 1 -871.816 1.60749
2 361 1 -867.793 0
2 361 1 -863.77 0
2 361 1 -859.746 1.93154
2 361 1 -855.723 0
2 361 1 -851.699 1.64479
2 361 1 -847.676 1.75733
2 361 1 -843.652 0
2 361 1 -839.629 1.63686
2 361 1 -835.605 1.6377
2 361 1 -831.582 1.58689
2 361 1 -827.559 1.18864
2 361 1 -823.535 0
2 361 1 -819.512 1.59105
2 361 1 -815.488 0
2 361 1 -811.465 2.49117
2 361 1 -807.441 2.06558
2 361 1 -803.418 0
2 361 1 -799.395 0
2 361 1 -795.371 2.18071
2 361 1 -791.348 0
2 361 1 -787.324 0
2 361 1 -783.301 1.65541
2 361 1 -779.277 0
2 361 1 -775.254 1.81242
2 361 1 -771.23 3.76025
2 361 1 -767.207 0
2 361 1 -763.184 0
2 361 1 -759.16 1.57187
2 361 1 -755.137 0
2 361 1 -751.113 0
2 361 1 -747.09 1.66244
2 361 1 -743.066 0
2 361 1 -739.043 1.68972
2 361 1 -735.02 2.82423
2 361 1 -730.996 0
2 361 1 -726.973 1.74024
2 361 1 -722.949 1.74271
2 361 1 -718.926 0
2 361 1 -714.902 0
2 361 1 -710.879 1.81328
2 361 1 -706.855 0
2 361 1 -702.832 0
2 361 1 -698.809 1.65675
2 361 1 -694.785 1.57505
2 361 1 -690.762 0
2 361 1 -686.738 1.66916
2 361 1 -682.715 1.68131
2 361 1 -678.691 0
2 361 1 -674.668 1.632
2 361 1 -670.645 0
2 361 1 -666.621 0
2 361 1 -662.598 1.60176
2 361 1 -658.574 0
2 361 1 -654.551 0
2 361 1 -650.527 4.00636
2 361 1 -646.504 0
2 361 1 -642.48 1.64244
2 361 1 -638.457 0
2 361 1 -634.434 0
2 361 1 -630.41 1.50167
2 361 1 -626.387 0
2 361 1 -622.363 1.51067
2 361 1 -618.34 0
2 361 1 -614.316 0
2 361 1 -610.293 1.55603
2 361 1 -606.27 0
2 361 1 -602.246 1.45243
2 361 1 -598.223 0
2 361 1 -594.199 0
2 361 1 -590.176 0
2 361 1 -586.152 0
2 361 1 -582.129 0
2 361 1 -578.105 0
2 361 1 -574.082 0
2 361 1 -570.059 0
2 361 1 -566.035 0
