1 359 0 -1187.44 0
1 359 0 -1182.56 0
1 359 0 -1177.68 0
1 359 0 -1172.79 0
1 359 0 -1167.91 0
1 359 0 -1163.03 0
1 359 0 -1158.14 0
1 359 0 -1153.26 0
1 359 0 -1148.38 0
1 359 0 -1143.5 0
1 359 0 -1138.61 0
1 359 0 -1133.73 27.2005
1 359 0 -1128.85 24.2149
1 359 0 -1123.96 26.6277
1 359 0 -1119.08 0
1 359 0 -1114.2 25.5459
1 359 0 -1109.32 24.2674
1 359 0 -1104.43 25.3918
1 359 0 -1099.55 24.7239
1 359 0 -1094.67 25.2056
1 359 0 -1089.79 25.2368
1 359 0 -1084.9 25.4773
1 359 0 -1080.02 25.2704
1 359 0 -1075.14 25.5315
1 359 0 -1070.25 24.0107
1 359 0 -1065.37 24.8068
1 359 0 -1060.49 24.3934
1 359 0 -1055.61 25.0912
1 359 0 -1050.72 24.7645
1 359 0 -1045.84 0
1 359 0 -1040.96 24.707
1 359 0 -1036.07 0
1 359 0 -1031.19 24.9582
1 359 0 -1026.31 24.5929
1 359 0 -1021.43 25.2815
1 359 0 -1016.54 24.39
1 359 0 -1011.66 24.4086
1 359 0 -1006.78 22.9683
1 359 0 -1001.89 24.2567
1 359 0 -997.012 0
1 359 0 -992.129 0
1 359 0 -987.246 23.7002
1 359 0 -982.363 0
1 359 0 -977.48 23.7403
1 359 0 -972.598 23.2275
1 359 0 -967.715 23.583
1 359 0 -962.832 0
1 359 0 -957.949 23.2424
1 359 0 -953.066 0
1 359 0 -948.184 23.5986
1 359 0 -943.301 0
1 359 0 -938.418 23.0461
1 359 0 -933.535 24.1437
1 359 0 -928.652 0
1 359 0 -923.77 21.8671
1 359 0 -918.887 0
1 359 0 -914.004 22.1872
1 359 0 -909.121 0
1 359 0 -904.238 23.0676
1 359 0 -899.355 21.9878
1 359 0 -894.473 0
1 359 0 -889.59 22.7053
1 359 0 -884.707 0
1 359 0 -879.824 22.6956
1 359 0 -874.941 0
1 359 0 -870.059 21.9951
1 359 0 -865.176 0
1 359 0 -860.293 21.2799
1 359 0 -855.41 22.3859
1 359 0 -850.527 21.8343
1 359 0 -845.645 21.8496
1 359 0 -840.762 20.9437
1 359 0 -835.879 21.5507
1 359 0 -830.996 21.5046
1 359 0 -826.113 0
1 359 0 -821.23 22.3451
1 359 0 -816.348 0
1 359 0 -811.465 22.4336
1 359 0 -806.582 21.426
1 359 0 -801.699 21.5818
1 359 0 -796.816 20.8429
1 359 0 -791.934 21.7751
1 359 0 -787.051 21.024
1 359 0 -782.168 21.769
1 359 0 -777.285 21.1201
1 359 0 -772.402 21.3537
1 359 0 -767.52 0
1 359 0 -762.637 22.0448
1 359 0 -757.754 20.5582
1 359 0 -752.871 22.2278
1 359 0 -747.988 20.4843
1 359 0 -743.105 21.6952
1 359 0 -738.223 21.7955
1 359 0 -733.34 21.5751
1 359 0 -728.457 22.3045
1 359 0 -723.574 21.9927
1 359 0 -718.691 22.6376
1 359 0 -713.809 0
1 359 0 -708.926 23.4597
1 359 0 -704.043 0
1 359 0 -699.16 23.8547
1 359 0 -694.277 23.5752
1 359 0 -689.395 21.9104
1 359 0 -684.512 23.1535
1 359 0 -679.629 0
1 359 0 -674.746 23.0125
1 359 0 -669.863 21.9561
1 359 0 -664.98 0
1 359 0 -660.098 22.0323
1 359 0 -655.215 0
1 359 0 -650.332 21.625
1 359 0 -645.449 0
1 359 0 -640.566 21.3623
1 359 0 -635.684 21.5162
1 359 0 -630.801 22.4766
1 359 0 -625.918 20.014
1 359 0 -621.035 20.8755
1 359 0 -616.152 0
1 359 0 -611.27 20.5637
1 359 0 -606.387 0
1 359 0 -601.504 0
1 359 0 -596.621 0
1 359 0 -591.738 0
1 359 0 -586.855 0
1 359 0 -581.973 0
1 359 0 -577.09 0
1 359 0 -572.207 0
1 359 0 -567.324 0
2 359 0 -1242.66 0
2 359 0 -1237.34 0
2 359 0 -1232.03 0
2 359 0 -1226.72 0
2 359 0 -1221.41 0
2 359 0 -1216.09 0
2 359 0 -1210.78 0
2 359 0 -1205.47 0
2 359 0 -1200.16 0
2 359 0 -1194.84 0
2 359 0 -1189.53 51.0186
2 359 0 -1184.22 48.695
2 359 0 -1178.91 51.2631
2 359 0 -1173.59 50.808
2 359 0 -1168.28 50.3494
2 359 0 -1162.97 0
2 359 0 -1157.66 50.1827
2 359 0 -1152.34 48.6956
2 359 0 -1147.03 0
2 359 0 -1141.72 49.3887
2 359 0 -1136.41 0
2 359 0 -1131.09 28.8136
2 359 0 -1125.78 32.8214
2 359 0 -1120.47 53.3354
2 359 0 -1115.16 52.651
2 359 0 -1109.84 53.2688
2 359 0 -1104.53 51.35
2 359 0 -1099.22 49.9777
2 359 0 -1093.91 50.1692
2 359 0 -1088.59 46.5165
2 359 0 -1083.28 47.844
2 359 0 -1077.97 47.1876
2 359 0 -1072.66 46.2891
2 359 0 -1067.34 49.1632
2 359 0 -1062.03 49.6479
2 359 0 -1056.72 50.3016
2 359 0 -1051.41 48.2291
2 359 0 -1046.09 0
2 359 0 -1040.78 40.3882
2 359 0 -1035.47 51.5611
2 359 0 -1030.16 52.7891
2 359 0 -1024.84 53.7473
2 359 0 -1019.53 51.8083
2 359 0 -1014.22 52.1184
2 359 0 -1008.91 51.4338
2 359 0 -1003.59 0
2 359 0 -998.281 51.5865
2 359 0 -992.969 0
2 359 0 -987.656 51.7557
2 359 0 -982.344 0
2 359 0 -977.031 51.8039
2 359 0 -971.719 50.9635
2 359 0 -966.406 51.8752
2 359 0 -961.094 51.0284
2 359 0 -955.781 52.7219
2 359 0 -950.469 51.2509
2 359 0 -945.156 51.5576
2 359 0 -939.844 0
2 359 0 -934.531 50.9322
2 359 0 -929.219 0
2 359 0 -923.906 41.2319
2 359 0 -918.594 0
2 359 0 -913.281 35.6313
2 359 0 -907.969 0
2 359 0 -902.656 46.3135
2 359 0 -897.344 0
2 359 0 -892.031 46.5215
2 359 0 -886.719 0
2 359 0 -881.406 47.4005
2 359 0 -876.094 0
2 359 0 -870.781 47.6631
2 359 0 -865.469 48.3807
2 359 0 -860.156 50.9204
2 359 0 -854.844 49.5767
2 359 0 -849.531 49.1232
2 359 0 -844.219 47.761
2 359 0 -838.906 51.5531
2 359 0 -833.594 51.2536
2 359 0 -828.281 50.7385
2 359 0 -822.969 32.1552
2 359 0 -817.656 49.8401
2 359 0 -812.344 32.5091
2 359 0 -807.031 47.4948
2 359 0 -801.719 47.4813
2 359 0 -796.406 49.1601
2 359 0 -791.094 48.705
2 359 0 -785.781 48.2639
2 359 0 -780.469 43.8359
2 359 0 -775.156 47.4906
2 359 0 -769.844 42.4352
2 359 0 -764.531 45.8703
2 359 0 -759.219 43.7022
2 359 0 -753.906 44.0277
2 359 0 -748.594 41.1422
2 359 0 -743.281 42.6593
2 359 0 -737.969 42.6641
2 359 0 -732.656 44.9947
2 359 0 -727.344 44.8864
2 359 0 -722.031 45.2469
2 359 0 -716.719 0
2 359 0 -711.406 42.5175
2 359 0 -706.094 45.3109
2 359 0 -700.781 11.5247
2 359 0 -695.469 42.8757
2 359 0 -690.156 0
2 359 0 -684.844 43.388
2 359 0 -679.531 0
2 359 0 -674.219 43.7424
2 359 0 -668.906 0
2 359 0 -663.594 45.689
2 359 0 -658.281 41.6577
2 359 0 -652.969 0
2 359 0 -647.656 44.1718
2 359 0 -642.344 46.4309
2 359 0 -637.031 44.2073
2 359 0 -631.719 44.5704
2 359 0 -626.406 38.7934
2 359 0 -621.094 43.6954
2 359 0 -615.781 0
2 359 0 -610.469 42.4931
2 359 0 -605.156 0
2 359 0 -599.844 0
2 359 0 -594.531 0
2 359 0 -589.219 0
2 359 0 -583.906 0
2 359 0 -578.594 0
2 359 0 -573.281 0
2 359 0 -567.969 0
3 359 0 -1242.66 0
3 359 0 -1237.34 0
3 359 0 -1232.03 0
3 359 0 -1226.72 0
3 359 0 -1221.41 0
3 359 0 -1216.09 0
3 359 0 -1210.78 0
3 359 0 -1205.47 0
3 359 0 -1200.16 0
3 359 0 -1194.84 0
3 359 0 -1189.53 12.665
3 359 0 -1184.22 12.5884
3 359 0 -1178.91 15.3157
3 359 0 -1173.59 14.4998
3 359 0 -1168.28 13.7819
3 359 0 -1162.97 0
3 359 0 -1157.66 14.2929
3 359 0 -1152.34 15.9538
3 359 0 -1147.03 0
3 359 0 -1141.72 18.7189
3 359 0 -1136.41 0
3 359 0 -1131.09 16.0902
3 359 0 -1125.78 13.775
3 359 0 -1120.47 13.4808
3 359 0 -1115.16 14.158
3 359 0 -1109.84 13.1596
3 359 0 -1104.53 12.2878
3 359 0 -1099.22 14.4114
3 359 0 -1093.91 14.2029
3 359 0 -1088.59 18.7063
3 359 0 -1083.28 15.2897
3 359 0 -1077.97 14.9927
3 359 0 -1072.66 15.3588
3 359 0 -1067.34 14.9741
3 359 0 -1062.03 13.1812
3 359 0 -1056.72 13.9712
3 359 0 -1051.41 13.1644
3 359 0 -1046.09 0
3 359 0 -1040.78 11.9064
3 359 0 -1035.47 12.2224
3 359 0 -1030.16 10.8826
3 359 0 -1024.84 12.5502
3 359 0 -1019.53 12.6043
3 359 0 -1014.22 13.1844
3 359 0 -1008.91 12.3548
3 359 0 -1003.59 0
3 359 0 -998.281 13.1336
3 359 0 -992.969 0
3 359 0 -987.656 14.3803
3 359 0 -982.344 0
3 359 0 -977.031 14.1462
3 359 0 -971.719 13.2219
3 359 0 -966.406 13.1353
3 359 0 -961.094 14.3976
3 359 0 -955.781 14.0201
3 359 0 -950.469 14.8935
3 359 0 -945.156 14.1827
3 359 0 -939.844 0
3 359 0 -934.531 14.7194
3 359 0 -929.219 0
3 359 0 -923.906 16.6069
3 359 0 -918.594 0
3 359 0 -913.281 13.8671
3 359 0 -907.969 0
3 359 0 -902.656 11.3787
3 359 0 -897.344 0
3 359 0 -892.031 12.5929
3 359 0 -886.719 0
3 359 0 -881.406 12.1748
3 359 0 -876.094 0
3 359 0 -870.781 15.8477
3 359 0 -865.469 11.682
3 359 0 -860.156 15.6313
3 359 0 -854.844 14.4213
3 359 0 -849.531 15.7738
3 359 0 -844.219 14.705
3 359 0 -838.906 14.7859
3 359 0 -833.594 13.3068
3 359 0 -828.281 13.7267
3 359 0 -822.969 13.0216
3 359 0 -817.656 12.2816
3 359 0 -812.344 11.1659
3 359 0 -807.031 12.0329
3 359 0 -801.719 12.0518
3 359 0 -796.406 12.6297
3 359 0 -791.094 11.7518
3 359 0 -785.781 13.7807
3 359 0 -780.469 13.1486
3 359 0 -775.156 8.77073
3 359 0 -769.844 12.5459
3 359 0 -764.531 13.9092
3 359 0 -759.219 14.3742
3 359 0 -753.906 14.6709
3 359 0 -748.594 12.7213
3 359 0 -743.281 13.6042
3 359 0 -737.969 12.2742
3 359 0 -732.656 13.4207
3 359 0 -727.344 11.5625
3 359 0 -722.031 12.9875
3 359 0 -716.719 0
3 359 0 -711.406 14.789
3 359 0 -706.094 13.6388
3 359 0 -700.781 14.8061
3 359 0 -695.469 13.454
3 359 0 -690.156 0
3 359 0 -684.844 14.491
3 359 0 -679.531 0
3 359 0 -674.219 14.1696
3 359 0 -668.906 0
3 359 0 -663.594 14.1986
3 359 0 -658.281 13.2748
3 359 0 -652.969 0
3 359 0 -647.656 15.2575
3 359 0 -642.344 17.6969
3 359 0 -637.031 17.1115
3 359 0 -631.719 17.9895
3 359 0 -626.406 15.4648
3 359 0 -621.094 18.5781
3 359 0 -615.781 0
3 359 0 -610.469 18.4676
3 359 0 -605.156 0
3 359 0 -599.844 0
3 359 0 -594.531 0
3 359 0 -589.219 0
3 359 0 -583.906 0
3 359 0 -578.594 0
3 359 0 -573.281 0
3 359 0 -567.969 0
4 359 0 -1242.66 0
4 359 0 -1237.34 0
4 359 0 -1232.03 0
4 359 0 -1226.72 0
4 359 0 -1221.41 0
4 359 0 -1216.09 0
4 359 0 -1210.78 0
4 359 0 -1205.47 0
4 359 0 -1200.16 0
4 359 0 -1194.84 0
4 359 0 -1189.53 13.2215
4 359 0 -1184.22 18.0335
4 359 0 -1178.91 16.923
4 359 0 -1173.59 20.9614
4 359 0 -1168.28 21.847
4 359 0 -1162.97 0
4 359 0 -1157.66 20.7747
4 359 0 -1152.34 19.4366
4 359 0 -1147.03 0
4 359 0 -1141.72 21.3681
4 359 0 -1136.41 0
4 359 0 -1131.09 24.7015
4 359 0 -1125.78 23.3024
4 359 0 -1120.47 23.2622
4 359 0 -1115.16 20.5916
4 359 0 -1109.84 22.6737
4 359 0 -1104.53 20.9566
4 359 0 -1099.22 19.3615
4 359 0 -1093.91 20.8097
4 359 0 -1088.59 20.6215
4 359 0 -1083.28 19.9484
4 359 0 -1077.97 18.9559
4 359 0 -1072.66 18.9063
4 359 0 -1067.34 20.7575
4 359 0 -1062.03 22.0992
4 359 0 -1056.72 21.8863
4 359 0 -1051.41 20.1039
4 359 0 -1046.09 0
4 359 0 -1040.78 18.6938
4 359 0 -1035.47 18.4184
4 359 0 -1030.16 11.1259
4 359 0 -1024.84 20.3256
4 359 0 -1019.53 19.0404
4 359 0 -1014.22 10.7698
4 359 0 -1008.91 20.274
4 359 0 -1003.59 0
4 359 0 -998.281 20.6114
4 359 0 -992.969 0
4 359 0 -987.656 20.1136
4 359 0 -982.344 0
4 359 0 -977.031 20.2326
4 359 0 -971.719 19.8961
4 359 0 -966.406 20.1531
4 359 0 -961.094 19.4606
4 359 0 -955.781 20.0737
4 359 0 -950.469 20.6668
4 359 0 -945.156 21.109
4 359 0 -939.844 0
4 359 0 -934.531 21.2866
4 359 0 -929.219 0
4 359 0 -923.906 19.1741
4 359 0 -918.594 0
4 359 0 -913.281 19.4324
4 359 0 -907.969 0
4 359 0 -902.656 21.3193
4 359 0 -897.344 0
4 359 0 -892.031 19.6452
4 359 0 -886.719 0
4 359 0 -881.406 18.928
4 359 0 -876.094 0
4 359 0 -870.781 19.144
4 359 0 -865.469 19.1626
4 359 0 -860.156 19.8963
4 359 0 -854.844 19.1821
4 359 0 -849.531 12.3369
4 359 0 -844.219 20.0654
4 359 0 -838.906 18.8411
4 359 0 -833.594 20.6919
4 359 0 -828.281 21.6602
4 359 0 -822.969 10.3447
4 359 0 -817.656 21.6554
4 359 0 -812.344 17.6774
4 359 0 -807.031 21.2857
4 359 0 -801.719 19.4505
4 359 0 -796.406 20.8712
4 359 0 -791.094 18.68
4 359 0 -785.781 20.7658
4 359 0 -780.469 18.7797
4 359 0 -775.156 21.2045
4 359 0 -769.844 18.1896
4 359 0 -764.531 21.6492
4 359 0 -759.219 19.6363
4 359 0 -753.906 21.4897
4 359 0 -748.594 20.3454
4 359 0 -743.281 21.7626
4 359 0 -737.969 20.4516
4 359 0 -732.656 21.7806
4 359 0 -727.344 20.6387
4 359 0 -722.031 21.639
4 359 0 -716.719 0
4 359 0 -711.406 22.2144
4 359 0 -706.094 19.9521
4 359 0 -700.781 21.6336
4 359 0 -695.469 19.735
4 359 0 -690.156 0
4 359 0 -684.844 21.0275
4 359 0 -679.531 0
4 359 0 -674.219 21.8315
4 359 0 -668.906 0
4 359 0 -663.594 15.7824
4 359 0 -658.281 20.9962
4 359 0 -652.969 0
4 359 0 -647.656 15.3527
4 359 0 -642.344 21.6211
4 359 0 -637.031 13.4568
4 359 0 -631.719 22.6693
4 359 0 -626.406 18.6266
4 359 0 -621.094 22.6517
4 359 0 -615.781 0
4 359 0 -610.469 22.9765
4 359 0 -605.156 0
4 359 0 -599.844 0
4 359 0 -594.531 0
4 359 0 -589.219 0
4 359 0 -583.906 0
4 359 0 -578.594 0
4 359 0 -573.281 0
4 359 0 -567.969 0
5 359 0 -1694.57 0
5 359 0 -1685.43 0
5 359 0 -1676.29 0
5 359 0 -1667.15 0
5 359 0 -1658.01 0
5 359 0 -1648.87 0
5 359 0 -1639.73 0
5 359 0 -1630.59 0
5 359 0 -1621.45 0
5 359 0 -1612.3 0
5 359 0 -1603.16 0
5 359 0 -1594.02 7.85061
5 359 0 -1584.88 7.57478
5 359 0 -1575.74 8.52774
5 359 0 -1566.6 6.32376
5 359 0 -1557.46 6.8298
5 359 0 -1548.32 6.98998
5 359 0 -1539.18 8.8433
5 359 0 -1530.04 8.12169
5 359 0 -1520.9 7.87193
5 359 0 -1511.76 8.02986
5 359 0 -1502.62 8.3794
5 359 0 -1493.48 8.85568
5 359 0 -1484.34 8.90851
5 359 0 -1475.2 8.01415
5 359 0 -1466.05 7.95999
5 359 0 -1456.91 8.38339
5 359 0 -1447.77 8.57249
5 359 0 -1438.63 8.98505
5 359 0 -1429.49 8.7452
5 359 0 -1420.35 8.44857
5 359 0 -1411.21 8.91927
5 359 0 -1402.07 8.44501
5 359 0 -1392.93 7.78901
5 359 0 -1383.79 8.21566
5 359 0 -1374.65 8.68838
5 359 0 -1365.51 8.49897
5 359 0 -1356.37 9.13211
5 359 0 -1347.23 9.13544
5 359 0 -1338.09 9.93336
5 359 0 -1328.95 9.36173
5 359 0 -1319.8 8.97833
5 359 0 -1310.66 10.9831
5 359 0 -1301.52 10.5679
5 359 0 -1292.38 10.2975
5 359 0 -1283.24 10.558
5 359 0 -1274.1 12.1795
5 359 0 -1264.96 11.2912
5 359 0 -1255.82 10.0605
5 359 0 -1246.68 13.493
5 359 0 -1237.54 10.5276
5 359 0 -1228.4 9.41435
5 359 0 -1219.26 10.9659
5 359 0 -1210.12 10.0425
5 359 0 -1200.98 9.1802
5 359 0 -1191.84 10.3314
5 359 0 -1182.7 11.8614
5 359 0 -1173.55 10.6889
5 359 0 -1164.41 12.1725
5 359 0 -1155.27 10.9162
5 359 0 -1146.13 0
5 359 0 -1136.99 11.6727
5 359 0 -1127.85 11.1853
5 359 0 -1118.71 11.72
5 359 0 -1109.57 11.654
5 359 0 -1100.43 10.5082
5 359 0 -1091.29 11.3279
5 359 0 -1082.15 11.8477
5 359 0 -1073.01 11.3339
5 359 0 -1063.87 12.224
5 359 0 -1054.73 13.191
5 359 0 -1045.59 13.0492
5 359 0 -1036.45 14.2344
5 359 0 -1027.3 18.6315
5 359 0 -1018.16 14.76
5 359 0 -1009.02 15.5617
5 359 0 -999.883 15.1018
5 359 0 -990.742 13.0516
5 359 0 -981.602 12.5146
5 359 0 -972.461 13.5916
5 359 0 -963.32 13.8334
5 359 0 -954.18 14.1865
5 359 0 -945.039 14.0189
5 359 0 -935.898 13.6221
5 359 0 -926.758 14.9587
5 359 0 -917.617 14.7837
5 359 0 -908.477 15.3168
5 359 0 -899.336 13.7147
5 359 0 -890.195 15.3188
5 359 0 -881.055 17.1221
5 359 0 -871.914 18.3569
5 359 0 -862.773 18.9711
5 359 0 -853.633 17.2877
5 359 0 -844.492 16.5408
5 359 0 -835.352 15.788
5 359 0 -826.211 15.5301
5 359 0 -817.07 14.5441
5 359 0 -807.93 15.5519
5 359 0 -798.789 16.3022
5 359 0 -789.648 15.3132
5 359 0 -780.508 13.5307
5 359 0 -771.367 14.199
5 359 0 -762.227 14.9703
5 359 0 -753.086 16.1806
5 359 0 -743.945 17.541
5 359 0 -734.805 17.3529
5 359 0 -725.664 15.9925
5 359 0 -716.523 15.2538
5 359 0 -707.383 17.8163
5 359 0 -698.242 20.6515
5 359 0 -689.102 22.2044
5 359 0 -679.961 20.289
5 359 0 -670.82 20.7701
5 359 0 -661.68 20.1066
5 359 0 -652.539 17.6992
5 359 0 -643.398 16.227
5 359 0 -634.258 13.0974
5 359 0 -625.117 11.7703
5 359 0 -615.977 13.0116
5 359 0 -606.836 15.4979
5 359 0 -597.695 0
5 359 0 -588.555 0
5 359 0 -579.414 0
5 359 0 -570.273 0
5 359 0 -561.133 0
5 359 0 -551.992 0
5 359 0 -542.852 0
5 359 0 -533.711 0
