1 360 0 -1252.7 0
1 360 0 -1247.3 0
1 360 0 -1241.91 0
1 360 0 -1236.52 0
1 360 0 -1231.13 0
1 360 0 -1225.74 0
1 360 0 -1220.35 0
1 360 0 -1214.96 0
1 360 0 -1209.57 0
1 360 0 -1204.18 0
1 360 0 -1198.79 22.8562
1 360 0 -1193.4 19.1306
1 360 0 -1188.01 22.9551
1 360 0 -1182.62 22.4299
1 360 0 -1177.23 21.255
1 360 0 -1171.84 24.8656
1 360 0 -1166.45 22.2125
1 360 0 -1161.05 25.6205
1 360 0 -1155.66 22.0511
1 360 0 -1150.27 25.605
1 360 0 -1144.88 23.3183
1 360 0 -1139.49 0
1 360 0 -1134.1 24.6756
1 360 0 -1128.71 0
1 360 0 -1123.32 19.7917
1 360 0 -1117.93 0
1 360 0 -1112.54 21.0319
1 360 0 -1107.15 0
1 360 0 -1101.76 23.4852
1 360 0 -1096.37 0
1 360 0 -1090.98 22.8882
1 360 0 -1085.59 0
1 360 0 -1080.2 21.5225
1 360 0 -1074.8 0
1 360 0 -1069.41 21.6723
1 360 0 -1064.02 22.2782
1 360 0 -1058.63 0
1 360 0 -1053.24 21.3601
1 360 0 -1047.85 0
1 360 0 -1042.46 23.4102
1 360 0 -1037.07 23.4276
1 360 0 -1031.68 22.3424
1 360 0 -1026.29 23.7103
1 360 0 -1020.9 22.6264
1 360 0 -1015.51 24.0324
1 360 0 -1010.12 22.9056
1 360 0 -1004.73 0
1 360 0 -999.336 22.6384
1 360 0 -993.945 23.4395
1 360 0 -988.555 22.5693
1 360 0 -983.164 24.1504
1 360 0 -977.773 22.3604
1 360 0 -972.383 22.465
1 360 0 -966.992 0
1 360 0 -961.602 22.3055
1 360 0 -956.211 22.9881
1 360 0 -950.82 22.1705
1 360 0 -945.43 21.9994
1 360 0 -940.039 22.2819
1 360 0 -934.648 22.201
1 360 0 -929.258 22.504
1 360 0 -923.867 23.1998
1 360 0 -918.477 22.7071
1 360 0 -913.086 0
1 360 0 -907.695 22.2003
1 360 0 -902.305 0
1 360 0 -896.914 21.6881
1 360 0 -891.523 0
1 360 0 -886.133 21.0755
1 360 0 -880.742 0
1 360 0 -875.352 21.2393
1 360 0 -869.961 0
1 360 0 -864.57 0
1 360 0 -859.18 20.4849
1 360 0 -853.789 0
1 360 0 -848.398 21.2325
1 360 0 -843.008 0
1 360 0 -837.617 20.6466
1 360 0 -832.227 0
1 360 0 -826.836 18.8871
1 360 0 -821.445 0
1 360 0 -816.055 0
1 360 0 -810.664 20.3245
1 360 0 -805.273 0
1 360 0 -799.883 18.8935
1 360 0 -794.492 0
1 360 0 -789.102 19.2568
1 360 0 -783.711 0
1 360 0 -778.32 20.4958
1 360 0 -772.93 0
1 360 0 -767.539 18.8758
1 360 0 -762.148 16.9361
1 360 0 -756.758 0
1 360 0 -751.367 16.4241
1 360 0 -745.977 0
1 360 0 -740.586 0
1 360 0 -735.195 17.0575
1 360 0 -729.805 0
1 360 0 -724.414 14.397
1 360 0 -719.023 0
1 360 0 -713.633 14.8498
1 360 0 -708.242 0
1 360 0 -702.852 0
1 360 0 -697.461 17.6822
1 360 0 -692.07 18.0425
1 360 0 -686.68 18.8915
1 360 0 -681.289 0
1 360 0 -675.898 21.0941
1 360 0 -670.508 20.4352
1 360 0 -665.117 0
1 360 0 -659.727 0
1 360 0 -654.336 21.1054
1 360 0 -648.945 0
1 360 0 -643.555 20.7593
1 360 0 -638.164 0
1 360 0 -632.773 0
1 360 0 -627.383 21.3204
1 360 0 -621.992 0
1 360 0 -616.602 21.7711
1 360 0 -611.211 0
1 360 0 -605.82 0
1 360 0 -600.43 0
1 360 0 -595.039 0
1 360 0 -589.648 0
1 360 0 -584.258 0
1 360 0 -578.867 0
1 360 0 -573.477 0
1 360 0 -568.086 0
2 360 0 -1252.7 0
2 360 0 -1247.3 0
2 360 0 -1241.91 0
2 360 0 -1236.52 0
2 360 0 -1231.13 0
2 360 0 -1225.74 0
2 360 0 -1220.35 0
2 360 0 -1214.96 0
2 360 0 -1209.57 0
2 360 0 -1204.18 0
2 360 0 -1198.79 27.2086
2 360 0 -1193.4 13.6048
2 360 0 -1188.01 19.5889
2 360 0 -1182.62 25.3813
2 360 0 -1177.23 28.887
2 360 0 -1171.84 32.2552
2 360 0 -1166.45 22.437
2 360 0 -1161.05 38.133
2 360 0 -1155.66 22.0044
2 360 0 -1150.27 34.1272
2 360 0 -1144.88 27.6368
2 360 0 -1139.49 0
2 360 0 -1134.1 31.3925
2 360 0 -1128.71 0
2 360 0 -1123.32 24.0415
2 360 0 -1117.93 0
2 360 0 -1112.54 25.2309
2 360 0 -1107.15 0
2 360 0 -1101.76 22.7918
2 360 0 -1096.37 0
2 360 0 -1090.98 11.1172
2 360 0 -1085.59 0
2 360 0 -1080.2 20.2322
2 360 0 -1074.8 0
2 360 0 -1069.41 19.9783
2 360 0 -1064.02 23.1308
2 360 0 -1058.63 0
2 360 0 -1053.24 24.606
2 360 0 -1047.85 0
2 360 0 -1042.46 28.1436
2 360 0 -1037.07 11.3624
2 360 0 -1031.68 29.2819
2 360 0 -1026.29 31.623
2 360 0 -1020.9 28.6953
2 360 0 -1015.51 31.5008
2 360 0 -1010.12 27.3715
2 360 0 -1004.73 0
2 360 0 -999.336 27.9381
2 360 0 -993.945 34.8135
2 360 0 -988.555 22.4817
2 360 0 -983.164 32.8849
2 360 0 -977.773 24.9642
2 360 0 -972.383 26.7494
2 360 0 -966.992 0
2 360 0 -961.602 27.7497
2 360 0 -956.211 30.8839
2 360 0 -950.82 28.6974
2 360 0 -945.43 11.6047
2 360 0 -940.039 28.0021
2 360 0 -934.648 26.875
2 360 0 -929.258 17.0304
2 360 0 -923.867 28.955
2 360 0 -918.477 25.9497
2 360 0 -913.086 0
2 360 0 -907.695 25.2691
2 360 0 -902.305 0
2 360 0 -896.914 25.5732
2 360 0 -891.523 0
2 360 0 -886.133 25.6433
2 360 0 -880.742 0
2 360 0 -875.352 28.2243
2 360 0 -869.961 0
2 360 0 -864.57 0
2 360 0 -859.18 29.5607
2 360 0 -853.789 0
2 360 0 -848.398 28.1588
2 360 0 -843.008 0
2 360 0 -837.617 33.9483
2 360 0 -832.227 0
2 360 0 -826.836 29.9814
2 360 0 -821.445 0
2 360 0 -816.055 0
2 360 0 -810.664 20.1289
2 360 0 -805.273 0
2 360 0 -799.883 19.7372
2 360 0 -794.492 0
2 360 0 -789.102 26.6826
2 360 0 -783.711 0
2 360 0 -778.32 27.8786
2 360 0 -772.93 0
2 360 0 -767.539 26.3541
2 360 0 -762.148 24.9822
2 360 0 -756.758 0
2 360 0 -751.367 25.5312
2 360 0 -745.977 0
2 360 0 -740.586 0
2 360 0 -735.195 29.9764
2 360 0 -729.805 0
2 360 0 -724.414 23.483
2 360 0 -719.023 0
2 360 0 -713.633 20.9386
2 360 0 -708.242 0
2 360 0 -702.852 0
2 360 0 -697.461 28.5277
2 360 0 -692.07 11.8048
2 360 0 -686.68 19.6021
2 360 0 -681.289 0
2 360 0 -675.898 25.6257
2 360 0 -670.508 23.7124
2 360 0 -665.117 0
2 360 0 -659.727 0
2 360 0 -654.336 23.5275
2 360 0 -648.945 0
2 360 0 -643.555 28.2673
2 360 0 -638.164 0
2 360 0 -632.773 0
2 360 0 -627.383 22.5459
2 360 0 -621.992 0
2 360 0 -616.602 17.88
2 360 0 -611.211 0
2 360 0 -605.82 0
2 360 0 -600.43 0
2 360 0 -595.039 0
2 360 0 -589.648 0
2 360 0 -584.258 0
2 360 0 -578.867 0
2 360 0 -573.477 0
2 360 0 -568.086 0
3 360 0 -1252.7 0
3 360 0 -1247.3 0
3 360 0 -1241.91 0
3 360 0 -1236.52 0
3 360 0 -1231.13 0
3 360 0 -1225.74 0
3 360 0 -1220.35 0
3 360 0 -1214.96 0
3 360 0 -1209.57 0
3 360 0 -1204.18 0
3 360 0 -1198.79 9.50718
3 360 0 -1193.4 7.08334
3 360 0 -1188.01 9.48021
3 360 0 -1182.62 9.44153
3 360 0 -1177.23 7.72458
3 360 0 -1171.84 11.8392
3 360 0 -1166.45 11.3331
3 360 0 -1161.05 11.6352
3 360 0 -1155.66 10.9114
3 360 0 -1150.27 13.2782
3 360 0 -1144.88 13.8387
3 360 0 -1139.49 0
3 360 0 -1134.1 14.5346
3 360 0 -1128.71 0
3 360 0 -1123.32 6.04594
3 360 0 -1117.93 0
3 360 0 -1112.54 7.05371
3 360 0 -1107.15 0
3 360 0 -1101.76 8.72049
3 360 0 -1096.37 0
3 360 0 -1090.98 9.68033
3 360 0 -1085.59 0
3 360 0 -1080.2 6.5503
3 360 0 -1074.8 0
3 360 0 -1069.41 7.1659
3 360 0 -1064.02 7.87554
3 360 0 -1058.63 0
3 360 0 -1053.24 7.33413
3 360 0 -1047.85 0
3 360 0 -1042.46 6.09688
3 360 0 -1037.07 6.79298
3 360 0 -1031.68 6.16603
3 360 0 -1026.29 7.98417
3 360 0 -1020.9 6.22325
3 360 0 -1015.51 7.1134
3 360 0 -1010.12 7.07363
3 360 0 -1004.73 0
3 360 0 -999.336 7.49295
3 360 0 -993.945 7.88775
3 360 0 -988.555 9.95468
3 360 0 -983.164 8.06621
3 360 0 -977.773 8.0159
3 360 0 -972.383 8.08429
3 360 0 -966.992 0
3 360 0 -961.602 7.70675
3 360 0 -956.211 7.41773
3 360 0 -950.82 7.45116
3 360 0 -945.43 7.40534
3 360 0 -940.039 7.80585
3 360 0 -934.648 8.7994
3 360 0 -929.258 7.75447
3 360 0 -923.867 8.36793
3 360 0 -918.477 7.05173
3 360 0 -913.086 0
3 360 0 -907.695 6.51167
3 360 0 -902.305 0
3 360 0 -896.914 7.05823
3 360 0 -891.523 0
3 360 0 -886.133 7.46282
3 360 0 -880.742 0
3 360 0 -875.352 8.3338
3 360 0 -869.961 0
3 360 0 -864.57 0
3 360 0 -859.18 7.93829
3 360 0 -853.789 0
3 360 0 -848.398 6.92753
3 360 0 -843.008 0
3 360 0 -837.617 8.58739
3 360 0 -832.227 0
3 360 0 -826.836 6.55139
3 360 0 -821.445 0
3 360 0 -816.055 0
3 360 0 -810.664 7.0049
3 360 0 -805.273 0
3 360 0 -799.883 6.20882
3 360 0 -794.492 0
3 360 0 -789.102 6.66728
3 360 0 -783.711 0
3 360 0 -778.32 8.10144
3 360 0 -772.93 0
3 360 0 -767.539 8.0998
3 360 0 -762.148 8.49713
3 360 0 -756.758 0
3 360 0 -751.367 7.55074
3 360 0 -745.977 0
3 360 0 -740.586 0
3 360 0 -735.195 8.41733
3 360 0 -729.805 0
3 360 0 -724.414 6.23125
3 360 0 -719.023 0
3 360 0 -713.633 6.64917
3 360 0 -708.242 0
3 360 0 -702.852 0
3 360 0 -697.461 7.87476
3 360 0 -692.07 8.33426
3 360 0 -686.68 7.8004
3 360 0 -681.289 0
3 360 0 -675.898 6.89011
3 360 0 -670.508 6.92794
3 360 0 -665.117 0
3 360 0 -659.727 0
3 360 0 -654.336 7.60342
3 360 0 -648.945 0
3 360 0 -643.555 8.64655
3 360 0 -638.164 0
3 360 0 -632.773 0
3 360 0 -627.383 7.96848
3 360 0 -621.992 0
3 360 0 -616.602 9.59422
3 360 0 -611.211 0
3 360 0 -605.82 0
3 360 0 -600.43 0
3 360 0 -595.039 0
3 360 0 -589.648 0
3 360 0 -584.258 0
3 360 0 -578.867 0
3 360 0 -573.477 0
3 360 0 -568.086 0
4 360 0 -1252.7 0
4 360 0 -1247.3 0
4 360 0 -1241.91 0
4 360 0 -1236.52 0
4 360 0 -1231.13 0
4 360 0 -1225.74 0
4 360 0 -1220.35 0
4 360 0 -1214.96 0
4 360 0 -1209.57 0
4 360 0 -1204.18 0
4 360 0 -1198.79 16.5349
4 360 0 -1193.4 9.65229
4 360 0 -1188.01 17.0631
4 360 0 -1182.62 17.7224
4 360 0 -1177.23 11.9585
4 360 0 -1171.84 20.6278
4 360 0 -1166.45 18.181
4 360 0 -1161.05 14.3274
4 360 0 -1155.66 14.0976
4 360 0 -1150.27 17.5009
4 360 0 -1144.88 15.1518
4 360 0 -1139.49 20.0148
4 360 0 -1134.1 17.3645
4 360 0 -1128.71 23.3012
4 360 0 -1123.32 8.81583
4 360 0 -1117.93 22.4233
4 360 0 -1112.54 16.0074
4 360 0 -1107.15 0
4 360 0 -1101.76 18.4995
4 360 0 -1096.37 0
4 360 0 -1090.98 17.6104
4 360 0 -1085.59 0
4 360 0 -1080.2 15.9685
4 360 0 -1074.8 0
4 360 0 -1069.41 16.0752
4 360 0 -1064.02 10.4779
4 360 0 -1058.63 21.4273
4 360 0 -1053.24 8.94195
4 360 0 -1047.85 21.7178
4 360 0 -1042.46 9.42648
4 360 0 -1037.07 18.6247
4 360 0 -1031.68 8.59498
4 360 0 -1026.29 16.8575
4 360 0 -1020.9 9.29494
4 360 0 -1015.51 14.9496
4 360 0 -1010.12 10.0977
4 360 0 -1004.73 18.1241
4 360 0 -999.336 10.5536
4 360 0 -993.945 14.044
4 360 0 -988.555 9.96655
4 360 0 -983.164 11.4926
4 360 0 -977.773 10.3559
4 360 0 -972.383 13.156
4 360 0 -966.992 19.6738
4 360 0 -961.602 8.94313
4 360 0 -956.211 15.8782
4 360 0 -950.82 9.76964
4 360 0 -945.43 15.0088
4 360 0 -940.039 9.98814
4 360 0 -934.648 16.1731
4 360 0 -929.258 8.38043
4 360 0 -923.867 12.4328
4 360 0 -918.477 9.44766
4 360 0 -913.086 16.5346
4 360 0 -907.695 10.409
4 360 0 -902.305 19.1279
4 360 0 -896.914 8.95488
4 360 0 -891.523 19.2469
4 360 0 -886.133 12.9324
4 360 0 -880.742 0
4 360 0 -875.352 13.7127
4 360 0 -869.961 0
4 360 0 -864.57 17.9244
4 360 0 -859.18 8.62041
4 360 0 -853.789 19.3471
4 360 0 -848.398 9.14583
4 360 0 -843.008 19.9334
4 360 0 -837.617 10.2541
4 360 0 -832.227 14.1895
4 360 0 -826.836 9.23498
4 360 0 -821.445 13.7234
4 360 0 -816.055 0
4 360 0 -810.664 14.0714
4 360 0 -805.273 0
4 360 0 -799.883 13.4657
4 360 0 -794.492 0
4 360 0 -789.102 13.4788
4 360 0 -783.711 0
4 360 0 -778.32 14.045
4 360 0 -772.93 0
4 360 0 -767.539 14.5092
4 360 0 -762.148 10.9055
4 360 0 -756.758 19.1563
4 360 0 -751.367 9.55011
4 360 0 -745.977 19.5473
4 360 0 -740.586 0
4 360 0 -735.195 17.2089
4 360 0 -729.805 0
4 360 0 -724.414 15.3945
4 360 0 -719.023 0
4 360 0 -713.633 15.7482
4 360 0 -708.242 0
4 360 0 -702.852 0
4 360 0 -697.461 15.6842
4 360 0 -692.07 11.9013
4 360 0 -686.68 15.3005
4 360 0 -681.289 0
4 360 0 -675.898 16.2216
4 360 0 -670.508 11.8231
4 360 0 -665.117 0
4 360 0 -659.727 20.9812
4 360 0 -654.336 10.795
4 360 0 -648.945 21.043
4 360 0 -643.555 13.676
4 360 0 -638.164 20.6226
4 360 0 -632.773 0
4 360 0 -627.383 16.9212
4 360 0 -621.992 21.547
4 360 0 -616.602 14.311
4 360 0 -611.211 21.6414
4 360 0 -605.82 0
4 360 0 -600.43 0
4 360 0 -595.039 0
4 360 0 -589.648 0
4 360 0 -584.258 0
4 360 0 -578.867 0
4 360 0 -573.477 0
4 360 0 -568.086 0
5 360 0 -1483.67 0
5 360 0 -1476.33 0
5 360 0 -1468.98 0
5 360 0 -1461.64 0
5 360 0 -1454.3 0
5 360 0 -1446.95 0
5 360 0 -1439.61 0
5 360 0 -1432.27 0
5 360 0 -1424.92 0
5 360 0 -1417.58 0
5 360 0 -1410.23 0
5 360 0 -1402.89 4.58321
5 360 0 -1395.55 0
5 360 0 -1388.2 4.65347
5 360 0 -1380.86 0
5 360 0 -1373.52 0
5 360 0 -1366.17 6.23932
5 360 0 -1358.83 6.79738
5 360 0 -1351.48 8.46147
5 360 0 -1344.14 0
5 360 0 -1336.8 8.44183
5 360 0 -1329.45 8.84538
5 360 0 -1322.11 7.56353
5 360 0 -1314.77 0
5 360 0 -1307.42 6.33493
5 360 0 -1300.08 5.61068
5 360 0 -1292.73 8.96866
5 360 0 -1285.39 9.26913
5 360 0 -1278.05 7.80953
5 360 0 -1270.7 10.6893
5 360 0 -1263.36 9.58747
5 360 0 -1256.02 8.64797
5 360 0 -1248.67 8.954
5 360 0 -1241.33 10.5057
5 360 0 -1233.98 8.93986
5 360 0 -1226.64 8.49941
5 360 0 -1219.3 8.10495
5 360 0 -1211.95 9.15659
5 360 0 -1204.61 7.87083
5 360 0 -1197.27 9.15504
5 360 0 -1189.92 8.90615
5 360 0 -1182.58 8.98508
5 360 0 -1175.23 9.39071
5 360 0 -1167.89 8.86648
5 360 0 -1160.55 9.78834
5 360 0 -1153.2 9.99897
5 360 0 -1145.86 10.1989
5 360 0 -1138.52 10.2418
5 360 0 -1131.17 10.4909
5 360 0 -1123.83 0
5 360 0 -1116.48 9.36352
5 360 0 -1109.14 10.4315
5 360 0 -1101.8 10.0905
5 360 0 -1094.45 4.31713
5 360 0 -1087.11 9.82392
5 360 0 -1079.77 10.7138
5 360 0 -1072.42 10.2266
5 360 0 -1065.08 5.14538
5 360 0 -1057.73 10.8122
5 360 0 -1050.39 12.3506
5 360 0 -1043.05 5.60031
5 360 0 -1035.7 10.6134
5 360 0 -1028.36 10.9279
5 360 0 -1021.02 9.72351
5 360 0 -1013.67 0
5 360 0 -1006.33 9.29635
5 360 0 -998.984 10.0022
5 360 0 -991.641 6.93307
5 360 0 -984.297 9.45891
5 360 0 -976.953 9.7199
5 360 0 -969.609 7.35698
5 360 0 -962.266 9.66593
5 360 0 -954.922 12.7829
5 360 0 -947.578 10.596
5 360 0 -940.234 6.33075
5 360 0 -932.891 9.33234
5 360 0 -925.547 9.668
5 360 0 -918.203 11.1504
5 360 0 -910.859 6.33336
5 360 0 -903.516 13.0873
5 360 0 -896.172 10.9187
5 360 0 -888.828 6.78544
5 360 0 -881.484 15.5836
5 360 0 -874.141 12.8344
5 360 0 -866.797 0
5 360 0 -859.453 12.2487
5 360 0 -852.109 11.9702
5 360 0 -844.766 16.0746
5 360 0 -837.422 7.07548
5 360 0 -830.078 15.955
5 360 0 -822.734 10.5993
5 360 0 -815.391 7.50548
5 360 0 -808.047 14.3248
5 360 0 -800.703 11.5866
5 360 0 -793.359 6.53948
5 360 0 -786.016 14.4319
5 360 0 -778.672 10.7408
5 360 0 -771.328 6.37339
5 360 0 -763.984 14.1585
5 360 0 -756.641 11.2922
5 360 0 -749.297 7.5742
5 360 0 -741.953 15.4717
5 360 0 -734.609 12.81
5 360 0 -727.266 7.41821
5 360 0 -719.922 17.0152
5 360 0 -712.578 11.6206
5 360 0 -705.234 0
5 360 0 -697.891 13.3642
5 360 0 -690.547 8.62835
5 360 0 -683.203 14.1812
5 360 0 -675.859 14.6453
5 360 0 -668.516 8.40065
5 360 0 -661.172 18.9964
5 360 0 -653.828 8.06442
5 360 0 -646.484 18.1521
5 360 0 -639.141 11.6366
5 360 0 -631.797 13.8708
5 360 0 -624.453 6.18954
5 360 0 -617.109 11.4897
5 360 0 -609.766 13.9399
5 360 0 -602.422 0
5 360 0 -595.078 0
5 360 0 -587.734 0
5 360 0 -580.391 0
5 360 0 -573.047 0
5 360 0 -565.703 0
5 360 0 -558.359 0
5 360 0 -551.016 0
